#
# A fatal error has been detected by the Java Runtime Environment:
#
#  EXCEPTION_ACCESS_VIOLATION (0xc0000005) at pc=0x000001e0766c0fa4, pid=17524, tid=24196
#
# JRE version: OpenJDK Runtime Environment Temurin-21.0.7+6 (21.0.7+6) (build 21.0.7+6-LTS)
# Java VM: OpenJDK 64-Bit Server VM Temurin-21.0.7+6 (21.0.7+6-LTS, mixed mode, emulated-client, sharing, tiered, compressed oops, compressed class ptrs, g1 gc, windows-amd64)
# Problematic frame:
# v  ~BufferBlob::MethodHandles adapters 0x000001e0766c0fa4
#
# No core dump will be written. Minidumps are not enabled by default on client versions of Windows
#
# If you would like to submit a bug report, please visit:
#   https://github.com/adoptium/adoptium-support/issues
#

---------------  S U M M A R Y ------------

Command Line: -XX:+ShowCodeDetailsInExceptionMessages -agentlib:jdwp=transport=dt_socket,suspend=y,address=localhost:61397 -Dcom.sun.management.jmxremote -Dcom.sun.management.jmxremote.port=61394 -Dcom.sun.management.jmxremote.authenticate=false -Dcom.sun.management.jmxremote.ssl=false -Djava.rmi.server.hostname=localhost -Dspring.jmx.enabled=true -Dmanagement.endpoints.jmx.exposure.include=* -Dspring.application.admin.enabled=true -Dspring.output.ansi.enabled=always -XX:TieredStopAtLevel=1 -Dspring.boot.project.name=restaurant_info_tutorial -javaagent:C:\sts-4.31.0.RELEASE\configuration\org.eclipse.osgi\273\0\.cp\lib\javaagent-shaded.jar -Dfile.encoding=UTF-8 -Dstdout.encoding=UTF-8 -Dstderr.encoding=UTF-8 com.restaurant.RestaurantInfoApplication

Host: 12th Gen Intel(R) Core(TM) i5-12400F, 12 cores, 15G,  Windows 11 , 64 bit Build 26100 (10.0.26100.4484)
Time: Sun Jul 13 15:51:17 2025  Windows 11 , 64 bit Build 26100 (10.0.26100.4484) elapsed time: 56246.150051 seconds (0d 15h 37m 26s)

---------------  T H R E A D  ---------------

Current thread (0x000001e0498634a0):  JavaThread "http-nio-8080-exec-5" daemon [_thread_in_Java, id=24196, stack(0x0000003d8d000000,0x0000003d8d100000) (1024K)]

Stack: [0x0000003d8d000000,0x0000003d8d100000],  sp=0x0000003d8d0fc978,  free space=1010k
Native frames: (J=compiled Java code, j=interpreted, Vv=VM code, C=native code)
C  0x000001e0766c0fa4

The last pc belongs to _linkToVirtual (printed below).

siginfo: EXCEPTION_ACCESS_VIOLATION (0xc0000005), reading address 0x000001f046ae8438


Registers:
RAX=0x000001e07669958b, RBX=0x00000007068dda18, RCX=0x0000003d8d0fc998, RDX=0x0000000000000005
RSP=0x0000003d8d0fc978, RBP=0x0000003d8d0fc9e0, RSI=0x000001e0497fdb98, RDI=0x000001e04743b720
R8 =0x0000000000000004, R9 =0x0000000000000004, R10=0x000001e046ae8278, R11=0x0000000200000000
R12=0x0000000000000000, R13=0x0000003d8d0fc978, R14=0x0000003d8d0fca18, R15=0x000001e0498634a0
RIP=0x000001e0766c0fa4, EFLAGS=0x0000000000010206

XMM[0]=0x0000000000000000 0x0000000000000000
XMM[1]=0x0000000000000000 0x0000000000000000
XMM[2]=0x0000000000000000 0x0000000000000000
XMM[3]=0x0000000000000000 0x0000000000000000
XMM[4]=0x0000000000000000 0x0000000000000000
XMM[5]=0x0000000000000000 0x0000000000000000
XMM[6]=0x0000000000000000 0x0000000000000000
XMM[7]=0x0000000000000000 0x0000000000000000
XMM[8]=0x0000000000000000 0x0000000000000000
XMM[9]=0x0000000000000000 0x0000000000000000
XMM[10]=0x0000000000000000 0x0000000000000000
XMM[11]=0x0000000000000000 0x0000000000000000
XMM[12]=0x0000000000000000 0x0000000000000000
XMM[13]=0x0000000000000000 0x0000000000000000
XMM[14]=0x0000000000000000 0x0000000000000000
XMM[15]=0x0000000000000000 0x0000000000000000
  MXCSR=0x00001fa0


Register to memory mapping:

RAX=0x000001e07669958b is at code_begin+4363 in an Interpreter codelet
return entry points  [0x000001e076698480, 0x000001e07669a298]  7704 bytes
RBX=0x00000007068dda18 is an oop: org.springframework.validation.support.BindingAwareModelMap 
{0x00000007068dda18} - klass: 'org/springframework/validation/support/BindingAwareModelMap'
 - ---- fields (total size 8 words):
 - transient 'keySet' 'Ljava/util/Set;' @12  null (0x00000000)
 - transient 'values' 'Ljava/util/Collection;' @16  null (0x00000000)
 - transient 'size' 'I' @20  2 (0x00000002)
 - transient 'modCount' 'I' @24  2 (0x00000002)
 - 'threshold' 'I' @28  3 (0x00000003)
 - final 'loadFactor' 'F' @32  0.750000 (0x3f400000)
 - transient 'table' '[Ljava/util/HashMap$Node;' @36  a 'java/util/HashMap$Node'[4] {0x00000007068e1f70} (0xe0d1c3ee)
 - transient 'entrySet' 'Ljava/util/Set;' @40  null (0x00000000)
 - transient 'putMode' 'I' @44  0 (0x00000000)
 - final 'accessOrder' 'Z' @48  false (0x00)
 - transient 'head' 'Ljava/util/LinkedHashMap$Entry;' @52  a 'java/util/LinkedHashMap$Entry'{0x00000007068e1f90} (0xe0d1c3f2)
 - transient 'tail' 'Ljava/util/LinkedHashMap$Entry;' @56  a 'java/util/LinkedHashMap$Entry'{0x00000007068e1fb8} (0xe0d1c3f7)
RCX=0x0000003d8d0fc998 is pointing into the stack for thread: 0x000001e0498634a0
RDX=0x0000000000000005 is an unknown value
RSP=0x0000003d8d0fc978 is pointing into the stack for thread: 0x000001e0498634a0
RBP=0x0000003d8d0fc9e0 is pointing into the stack for thread: 0x000001e0498634a0
RSI=0x000001e0497fdb98 points into unknown readable memory: 0x88000d02c802375f | 5f 37 02 c8 02 0d 00 88
RDI=0x000001e04743b720 points into unknown readable memory: 0x0000003000000090 | 90 00 00 00 30 00 00 00
R8 =0x0000000000000004 is an unknown value
R9 =0x0000000000000004 is an unknown value
R10=0x000001e046ae8278 is pointing into metadata
R11=0x0000000200000000 is an unknown value
R12=0x0 is null
R13=0x0000003d8d0fc978 is pointing into the stack for thread: 0x000001e0498634a0
R14=0x0000003d8d0fca18 is pointing into the stack for thread: 0x000001e0498634a0
R15=0x000001e0498634a0 is a thread

Top of Stack: (sp=0x0000003d8d0fc978)
0x0000003d8d0fc978:   000001e07669958b 00000007068d85b8
0x0000003d8d0fc988:   00000007068de008 00000007057da0f8
0x0000003d8d0fc998:   0000003d8d0fc998 000001e044ae8278
0x0000003d8d0fc9a8:   0000000000000007 000001e044ae83c8
0x0000003d8d0fc9b8:   0000000702d63708 00000007036463f0
0x0000003d8d0fc9c8:   000001e044ae8288 0000003d8d0fc978
0x0000003d8d0fc9d8:   0000003d8d0fca20 0000003d8d0fca98
0x0000003d8d0fc9e8:   000001e07669958b 00000007074a0610
0x0000003d8d0fc9f8:   00000007068dda18 00000007068d85b8
0x0000003d8d0fca08:   00000007068de008 00000007057da0f8
0x0000003d8d0fca18:   00000007074a07e8 000001e07669958b
0x0000003d8d0fca28:   00000007068dda18 00000007068d85b8
0x0000003d8d0fca38:   00000007068de008 00000007057da0f8
0x0000003d8d0fca48:   00000007074a07e8 0000003d8d0fca50
0x0000003d8d0fca58:   000001e04c10db2d 000000000000000f
0x0000003d8d0fca68:   000001e04c10dc80 0000000000000000
0x0000003d8d0fca78:   000000070464f2e0 000001e04c10db40
0x0000003d8d0fca88:   0000003d8d0fca28 0000003d8d0fcb20
0x0000003d8d0fca98:   0000003d8d0fce28 000001e077006db2
0x0000003d8d0fcaa8:   00000007074a07e8 00000007068dda18
0x0000003d8d0fcab8:   00000007074a0a38 00000007057da0f8
0x0000003d8d0fcac8:   00000007074a0b38 00000007068de008
0x0000003d8d0fcad8:   00000007074a0c40 00000007068d85b8
0x0000003d8d0fcae8:   00000007074a0d48 00000007068dda18
0x0000003d8d0fcaf8:   00000007068d85b8 00000007068de008
0x0000003d8d0fcb08:   00000007057da0f8 00000007074a0d98
0x0000003d8d0fcb18:   000001e07700659c 00000007074a0480
0x0000003d8d0fcb28:   000000070373fb90 0000003d8d0fb5c9
0x0000003d8d0fcb38:   00007fff48ec4ea3 000001e076ec08b4
0x0000003d8d0fcb48:   000001e076ec07e0 0000000000000000
0x0000003d8d0fcb58:   0000000000000000 0000003d8d0fce28
0x0000003d8d0fcb68:   000001e076a35544 0000000707820110 

Instructions: (pc=0x000001e0766c0fa4)
0x000001e0766c0ea4:   e0 01 00 00 00 0f 6c 76 e0 01 00 00 80 1f 6c 76
0x000001e0766c0eb4:   e0 01 00 00 f0 0e 6c 76 e0 01 00 00 f0 0e 6c 76
0x000001e0766c0ec4:   e0 01 00 00 00 00 00 00 00 00 00 00 38 87 72 49
0x000001e0766c0ed4:   ff 7f 00 00 f0 10 00 00 60 00 00 00 ff ff ff ff
0x000001e0766c0ee4:   f0 10 00 00 00 00 00 00 00 00 00 00 00 00 00 00
0x000001e0766c0ef4:   00 00 00 00 00 00 00 00 00 00 00 00 f4 66 66 66
0x000001e0766c0f04:   0f 1f 84 00 00 00 00 00 66 66 66 90 66 66 66 0f
0x000001e0766c0f14:   1f 84 00 00 00 00 00 66 66 66 90 90 48 8b 53 08
0x000001e0766c0f24:   0f b7 52 2e 48 8b 0c d4 8b 59 14 48 c1 e3 03 8b
0x000001e0766c0f34:   5b 28 48 c1 e3 03 8b 5b 24 48 c1 e3 03 48 8b 5b
0x000001e0766c0f44:   10 48 85 db 0f 84 10 00 00 00 41 80 bf d8 05 00
0x000001e0766c0f54:   00 00 74 03 ff 63 38 ff 63 50 e9 9d 16 00 00 66
0x000001e0766c0f64:   66 66 0f 1f 84 00 00 00 00 00 66 66 66 90 66 66
0x000001e0766c0f74:   0f 1f 84 00 00 00 00 00 66 66 66 90 48 8b 53 08
0x000001e0766c0f84:   0f b7 52 2e 48 8b 0c d4 58 5b 50 44 8b 51 08 49
0x000001e0766c0f94:   bb 00 00 00 02 e0 01 00 00 4d 03 d3 4c 8b 5b 10
0x000001e0766c0fa4:   4b 8b 9c da c0 01 00 00 48 85 db 0f 84 10 00 00
0x000001e0766c0fb4:   00 41 80 bf d8 05 00 00 00 74 03 ff 63 38 ff 63
0x000001e0766c0fc4:   50 e9 36 16 00 00 66 66 66 0f 1f 84 00 00 00 00
0x000001e0766c0fd4:   00 66 66 66 90 0f 1f 80 00 00 00 00 58 5b 50 8b
0x000001e0766c0fe4:   5b 24 48 c1 e3 03 48 8b 5b 10 48 85 db 0f 84 10
0x000001e0766c0ff4:   00 00 00 41 80 bf d8 05 00 00 00 74 03 ff 63 38
0x000001e0766c1004:   ff 63 50 e9 f4 15 00 00 66 66 66 0f 1f 84 00 00
0x000001e0766c1014:   00 00 00 66 66 66 90 0f 1f 44 00 00 48 8b 53 08
0x000001e0766c1024:   0f b7 52 2e 48 8b 0c d4 58 5b 50 48 3b 01 8b 5b
0x000001e0766c1034:   24 48 c1 e3 03 48 8b 5b 10 48 85 db 0f 84 10 00
0x000001e0766c1044:   00 00 41 80 bf d8 05 00 00 00 74 03 ff 63 38 ff
0x000001e0766c1054:   63 50 e9 a5 15 00 00 0f 1f 44 00 00 48 8b 53 08
0x000001e0766c1064:   0f b7 52 2e 48 8b 0c d4 58 5b 50 44 8b 51 08 49
0x000001e0766c1074:   bb 00 00 00 02 e0 01 00 00 4d 03 d3 8b 43 18 48
0x000001e0766c1084:   c1 e0 03 48 8b 40 10 48 8b 5b 10 45 8b 9a a0 00
0x000001e0766c1094:   00 00 4f 8d 9c da c0 01 00 00 4d 8d 14 da 49 8b 


Stack slot to memory mapping:

stack at sp + 0 slots: 0x000001e07669958b is at code_begin+4363 in an Interpreter codelet
return entry points  [0x000001e076698480, 0x000001e07669a298]  7704 bytes
stack at sp + 1 slots: 0x00000007068d85b8 is an oop: org.apache.catalina.connector.RequestFacade 
{0x00000007068d85b8} - klass: 'org/apache/catalina/connector/RequestFacade'
 - ---- fields (total size 2 words):
 - protected 'request' 'Lorg/apache/catalina/connector/Request;' @12  a 'org/apache/catalina/connector/Request'{0x0000000707826260} (0xe0f04c4c)
stack at sp + 2 slots: 0x00000007068de008 is an oop: com.restaurant.form.RestaurantForm 
{0x00000007068de008} - klass: 'com/restaurant/form/RestaurantForm'
 - ---- fields (total size 5 words):
 - private 'permission' 'I' @12  1 (0x00000001)
 - private 'empty' 'Z' @16  false (0x00)
 - private 'restaurantDtoList' 'Ljava/util/List;' @20  a 'java/util/ArrayList'{0x00000007068e7820} (0xe0d1cf04)
 - private 'storeDto' 'Lcom/restaurant/dto/StoreDto;' @24  null (0x00000000)
 - private 'adminId' 'Ljava/lang/String;' @28  "admin"{0x0000000705622438} (0xe0ac4487)
 - private 'storeImgFile' 'Lorg/springframework/web/multipart/MultipartFile;' @32  null (0x00000000)
stack at sp + 3 slots: 0x00000007057da0f8 is an oop: com.restaurant.controller.RestaurantController 
{0x00000007057da0f8} - klass: 'com/restaurant/controller/RestaurantController'
 - ---- fields (total size 2 words):
 - 'service' 'Lcom/restaurant/service/RestaurantService;' @12  a 'com/restaurant/service/impl/RestaurantServiceImpl$$SpringCGLIB$$0'{0x0000000708680dc0} (0xe10d01b8)
stack at sp + 4 slots: 0x0000003d8d0fc998 is pointing into the stack for thread: 0x000001e0498634a0
stack at sp + 5 slots: 0x000001e044ae8278 is pointing into metadata
stack at sp + 6 slots: 0x0000000000000007 is an unknown value
stack at sp + 7 slots: 0x000001e044ae83c8 is pointing into metadata

MethodHandle::interpreter_entry::_linkToVirtual [0x000001e0766c0f63, 0x000001e0766c0fca] (103 bytes)
[MachCode]
  0x000001e0766c0f63: 6666 660f | 1f84 0000 | 0000 0066 | 6666 9066 | 660f 1f84 | 0000 0000 | 0066 6666 | 9048 8b53 
  0x000001e0766c0f83: 080f b752 | 2e48 8b0c | d458 5b50 | 448b 5108 | 49bb 0000 | 0002 e001 | 0000 4d03 | d34c 8b5b 
  0x000001e0766c0fa3: 104b 8b9c | dac0 0100 | 0048 85db | 0f84 1000 | 0000 4180 | bfd8 0500 | 0000 7403 | ff63 38ff 
  0x000001e0766c0fc3: 6350 e936 | 
[/MachCode]

---------------  P R O C E S S  ---------------

Threads class SMR info:
_java_thread_list=0x000001e04997b960, length=39, elements={
0x000001e07f605840, 0x000001e07f606440, 0x000001e07f608660, 0x000001e07f60b0c0,
0x000001e07f60f5d0, 0x000001e07f610020, 0x000001e07f619d70, 0x000001e07f6ad470,
0x000001e07f77aca0, 0x000001e07f781f70, 0x000001e07f788610, 0x000001e047209730,
0x000001e0473a35e0, 0x000001e0473e8a10, 0x000001e0473f8650, 0x000001e047949100,
0x000001e04791e270, 0x000001e047962dd0, 0x000001e047962740, 0x000001e04985d230,
0x000001e049862e10, 0x000001e04a05d310, 0x000001e04795ffe0, 0x000001e047960670,
0x000001e047961a20, 0x000001e0479620b0, 0x000001e04985ec70, 0x000001e04985f990,
0x000001e04985cba0, 0x000001e049861a60, 0x000001e0498634a0, 0x000001e0498620f0,
0x000001e049863b30, 0x000001e049862780, 0x000001e0498606b0, 0x000001e0498641c0,
0x000001e0498613d0, 0x000001e04a05ed50, 0x000001e04a05b8d0
}

Java Threads: ( => current thread )
  0x000001e07f605840 JavaThread "Reference Handler"          daemon [_thread_blocked, id=2380, stack(0x0000003d8a500000,0x0000003d8a600000) (1024K)]
  0x000001e07f606440 JavaThread "Finalizer"                  daemon [_thread_blocked, id=15300, stack(0x0000003d8a600000,0x0000003d8a700000) (1024K)]
  0x000001e07f608660 JavaThread "Signal Dispatcher"          daemon [_thread_blocked, id=9224, stack(0x0000003d8a700000,0x0000003d8a800000) (1024K)]
  0x000001e07f60b0c0 JavaThread "Attach Listener"            daemon [_thread_blocked, id=28564, stack(0x0000003d8a800000,0x0000003d8a900000) (1024K)]
  0x000001e07f60f5d0 JavaThread "Service Thread"             daemon [_thread_blocked, id=24100, stack(0x0000003d8a900000,0x0000003d8aa00000) (1024K)]
  0x000001e07f610020 JavaThread "Monitor Deflation Thread"   daemon [_thread_blocked, id=28732, stack(0x0000003d8aa00000,0x0000003d8ab00000) (1024K)]
  0x000001e07f619d70 JavaThread "C1 CompilerThread0"         daemon [_thread_blocked, id=4248, stack(0x0000003d8ab00000,0x0000003d8ac00000) (1024K)]
  0x000001e07f6ad470 JavaThread "Common-Cleaner"             daemon [_thread_blocked, id=28740, stack(0x0000003d8ac00000,0x0000003d8ad00000) (1024K)]
  0x000001e07f77aca0 JavaThread "JDWP Transport Listener: dt_socket" daemon [_thread_blocked, id=10760, stack(0x0000003d8ae00000,0x0000003d8af00000) (1024K)]
  0x000001e07f781f70 JavaThread "JDWP Event Helper Thread"   daemon [_thread_blocked, id=22980, stack(0x0000003d8af00000,0x0000003d8b000000) (1024K)]
  0x000001e07f788610 JavaThread "JDWP Command Reader"        daemon [_thread_in_native, id=29200, stack(0x0000003d8b000000,0x0000003d8b100000) (1024K)]
  0x000001e047209730 JavaThread "Notification Thread"        daemon [_thread_blocked, id=17340, stack(0x0000003d8b100000,0x0000003d8b200000) (1024K)]
  0x000001e0473a35e0 JavaThread "RMI TCP Accept-0"           daemon [_thread_in_native, id=24748, stack(0x0000003d8bb00000,0x0000003d8bc00000) (1024K)]
  0x000001e0473e8a10 JavaThread "RMI TCP Accept-61394"       daemon [_thread_in_native, id=29384, stack(0x0000003d8bc00000,0x0000003d8bd00000) (1024K)]
  0x000001e0473f8650 JavaThread "RMI TCP Accept-0"           daemon [_thread_in_native, id=28800, stack(0x0000003d8bd00000,0x0000003d8be00000) (1024K)]
  0x000001e047949100 JavaThread "RMI Scheduler(0)"           daemon [_thread_blocked, id=26644, stack(0x0000003d8c200000,0x0000003d8c300000) (1024K)]
  0x000001e04791e270 JavaThread "RMI TCP Connection(idle)"   daemon [_thread_blocked, id=14864, stack(0x0000003d8c300000,0x0000003d8c400000) (1024K)]
  0x000001e047962dd0 JavaThread "JMX server connection timeout 43" daemon [_thread_blocked, id=22948, stack(0x0000003d8c400000,0x0000003d8c500000) (1024K)]
  0x000001e047962740 JavaThread "mysql-cj-abandoned-connection-cleanup" daemon [_thread_blocked, id=11600, stack(0x0000003d8cb00000,0x0000003d8cc00000) (1024K)]
  0x000001e04985d230 JavaThread "Live Reload Server"         daemon [_thread_in_native, id=23128, stack(0x0000003d8d100000,0x0000003d8d200000) (1024K)]
  0x000001e049862e10 JavaThread "DestroyJavaVM"                     [_thread_blocked, id=5028, stack(0x0000003d89d00000,0x0000003d89e00000) (1024K)]
  0x000001e04a05d310 JavaThread "File Watcher"               daemon [_thread_blocked, id=7808, stack(0x0000003d89b00000,0x0000003d89c00000) (1024K)]
  0x000001e04795ffe0 JavaThread "Catalina-utility-1"                [_thread_blocked, id=34444, stack(0x0000003d8bf00000,0x0000003d8c000000) (1024K)]
  0x000001e047960670 JavaThread "Catalina-utility-2"                [_thread_blocked, id=32060, stack(0x0000003d8c000000,0x0000003d8c100000) (1024K)]
  0x000001e047961a20 JavaThread "container-1"                       [_thread_blocked, id=33568, stack(0x0000003d8c100000,0x0000003d8c200000) (1024K)]
  0x000001e0479620b0 JavaThread "HikariPool-77:housekeeper"  daemon [_thread_blocked, id=30308, stack(0x0000003d8c500000,0x0000003d8c600000) (1024K)]
  0x000001e04985ec70 JavaThread "http-nio-8080-exec-1"       daemon [_thread_blocked, id=30388, stack(0x0000003d8cc00000,0x0000003d8cd00000) (1024K)]
  0x000001e04985f990 JavaThread "http-nio-8080-exec-2"       daemon [_thread_blocked, id=27576, stack(0x0000003d8cd00000,0x0000003d8ce00000) (1024K)]
  0x000001e04985cba0 JavaThread "http-nio-8080-exec-3"       daemon [_thread_blocked, id=28332, stack(0x0000003d8ce00000,0x0000003d8cf00000) (1024K)]
  0x000001e049861a60 JavaThread "http-nio-8080-exec-4"       daemon [_thread_blocked, id=34892, stack(0x0000003d8cf00000,0x0000003d8d000000) (1024K)]
=>0x000001e0498634a0 JavaThread "http-nio-8080-exec-5"       daemon [_thread_in_Java, id=24196, stack(0x0000003d8d000000,0x0000003d8d100000) (1024K)]
  0x000001e0498620f0 JavaThread "http-nio-8080-exec-6"       daemon [_thread_blocked, id=13644, stack(0x0000003d8d200000,0x0000003d8d300000) (1024K)]
  0x000001e049863b30 JavaThread "http-nio-8080-exec-7"       daemon [_thread_blocked, id=16792, stack(0x0000003d8d300000,0x0000003d8d400000) (1024K)]
  0x000001e049862780 JavaThread "http-nio-8080-exec-8"       daemon [_thread_blocked, id=7092, stack(0x0000003d8d400000,0x0000003d8d500000) (1024K)]
  0x000001e0498606b0 JavaThread "http-nio-8080-exec-9"       daemon [_thread_blocked, id=14000, stack(0x0000003d8d500000,0x0000003d8d600000) (1024K)]
  0x000001e0498641c0 JavaThread "http-nio-8080-exec-10"      daemon [_thread_blocked, id=9592, stack(0x0000003d8d600000,0x0000003d8d700000) (1024K)]
  0x000001e0498613d0 JavaThread "http-nio-8080-Poller"       daemon [_thread_in_native, id=29408, stack(0x0000003d8d700000,0x0000003d8d800000) (1024K)]
  0x000001e04a05ed50 JavaThread "Thread-306"                        [_thread_blocked, id=30548, stack(0x0000003d89a00000,0x0000003d89b00000) (1024K)]
  0x000001e04a05b8d0 JavaThread "tomcat-shutdown"                   [_thread_blocked, id=12604, stack(0x0000003d89c00000,0x0000003d89d00000) (1024K)]
Total: 39

Other Threads:
  0x000001e07f5deeb0 VMThread "VM Thread"                           [id=29644, stack(0x0000003d8a400000,0x0000003d8a500000) (1024K)]
  0x000001e07f5cb1c0 WatcherThread "VM Periodic Task Thread"        [id=29616, stack(0x0000003d8a300000,0x0000003d8a400000) (1024K)]
  0x000001e072d65050 WorkerThread "GC Thread#0"                     [id=26384, stack(0x0000003d89e00000,0x0000003d89f00000) (1024K)]
  0x000001e04739bf60 WorkerThread "GC Thread#1"                     [id=14796, stack(0x0000003d8b300000,0x0000003d8b400000) (1024K)]
  0x000001e04739c300 WorkerThread "GC Thread#2"                     [id=29116, stack(0x0000003d8b400000,0x0000003d8b500000) (1024K)]
  0x000001e04739c6a0 WorkerThread "GC Thread#3"                     [id=28784, stack(0x0000003d8b500000,0x0000003d8b600000) (1024K)]
  0x000001e04739ca40 WorkerThread "GC Thread#4"                     [id=26160, stack(0x0000003d8b600000,0x0000003d8b700000) (1024K)]
  0x000001e04739cde0 WorkerThread "GC Thread#5"                     [id=27660, stack(0x0000003d8b700000,0x0000003d8b800000) (1024K)]
  0x000001e0473cb370 WorkerThread "GC Thread#6"                     [id=13428, stack(0x0000003d8b800000,0x0000003d8b900000) (1024K)]
  0x000001e0473cb710 WorkerThread "GC Thread#7"                     [id=24052, stack(0x0000003d8b900000,0x0000003d8ba00000) (1024K)]
  0x000001e0473cc0c0 WorkerThread "GC Thread#8"                     [id=13004, stack(0x0000003d8ba00000,0x0000003d8bb00000) (1024K)]
  0x000001e0478bcc90 WorkerThread "GC Thread#9"                     [id=29668, stack(0x0000003d8be00000,0x0000003d8bf00000) (1024K)]
  0x000001e0709bdef0 ConcurrentGCThread "G1 Main Marker"            [id=23816, stack(0x0000003d89f00000,0x0000003d8a000000) (1024K)]
  0x000001e0709bec10 WorkerThread "G1 Conc#0"                       [id=26456, stack(0x0000003d8a000000,0x0000003d8a100000) (1024K)]
  0x000001e0478bc550 WorkerThread "G1 Conc#1"                       [id=2936, stack(0x0000003d8c700000,0x0000003d8c800000) (1024K)]
  0x000001e0478bd3d0 WorkerThread "G1 Conc#2"                       [id=25492, stack(0x0000003d8c800000,0x0000003d8c900000) (1024K)]
  0x000001e07f499450 ConcurrentGCThread "G1 Refine#0"               [id=29152, stack(0x0000003d8a100000,0x0000003d8a200000) (1024K)]
  0x000001e07f499ed0 ConcurrentGCThread "G1 Service"                [id=22024, stack(0x0000003d8a200000,0x0000003d8a300000) (1024K)]
Total: 18

Threads with active compile tasks:
Total: 0

VM state: not at safepoint (normal execution)

VM Mutex/Monitor currently owned by a thread: None

Heap address: 0x0000000702a00000, size: 4054 MB, Compressed Oops mode: Zero based, Oop shift amount: 3

CDS archive(s) mapped at: [0x000001e002000000-0x000001e002c80000-0x000001e002c80000), size 13107200, SharedBaseAddress: 0x000001e002000000, ArchiveRelocationMode: 1.
Compressed class space mapped at: 0x000001e003000000-0x000001e043000000, reserved size: 1073741824
Narrow klass base: 0x000001e002000000, Narrow klass shift: 0, Narrow klass range: 0x100000000

GC Precious Log:
 CardTable entry size: 512
 Card Set container configuration: InlinePtr #cards 4 size 8 Array Of Cards #cards 16 size 48 Howl #buckets 8 coarsen threshold 3686 Howl Bitmap #cards 512 size 80 coarsen threshold 460 Card regions per heap region 1 cards per card region 4096
 CPUs: 12 total, 12 available
 Memory: 16211M
 Large Page Support: Disabled
 NUMA Support: Disabled
 Compressed Oops: Enabled (Zero based)
 Heap Region Size: 2M
 Heap Min Capacity: 8M
 Heap Initial Capacity: 254M
 Heap Max Capacity: 4054M
 Pre-touch: Disabled
 Parallel Workers: 10
 Concurrent Workers: 3
 Concurrent Refinement Workers: 10
 Periodic GC: Disabled

Heap:
 garbage-first heap   total 96256K, used 76683K [0x0000000702a00000, 0x0000000800000000)
  region size 2048K, 24 young (49152K), 3 survivors (6144K)
 Metaspace       used 76406K, committed 77760K, reserved 1179648K
  class space    used 10153K, committed 10816K, reserved 1048576K

Heap Regions: E=young(eden), S=young(survivor), O=old, HS=humongous(starts), HC=humongous(continues), CS=collection set, F=free, TAMS=top-at-mark-start, PB=parsable bottom
|   0|0x0000000702a00000, 0x0000000702c00000, 0x0000000702c00000|100%| O|  |TAMS 0x0000000702a00000| PB 0x0000000702a00000| Untracked 
|   1|0x0000000702c00000, 0x0000000702e00000, 0x0000000702e00000|100%| O|  |TAMS 0x0000000702c00000| PB 0x0000000702c00000| Untracked 
|   2|0x0000000702e00000, 0x0000000702fff690, 0x0000000703000000| 99%| O|  |TAMS 0x0000000702e00000| PB 0x0000000702e00000| Untracked 
|   3|0x0000000703000000, 0x00000007031ffff0, 0x0000000703200000| 99%| O|  |TAMS 0x0000000703000000| PB 0x0000000703000000| Untracked 
|   4|0x0000000703200000, 0x00000007033feca8, 0x0000000703400000| 99%| O|  |TAMS 0x0000000703200000| PB 0x0000000703200000| Untracked 
|   5|0x0000000703400000, 0x0000000703600000, 0x0000000703600000|100%| O|  |TAMS 0x0000000703400000| PB 0x0000000703400000| Untracked 
|   6|0x0000000703600000, 0x0000000703800000, 0x0000000703800000|100%| O|  |TAMS 0x0000000703600000| PB 0x0000000703600000| Untracked 
|   7|0x0000000703800000, 0x0000000703a00000, 0x0000000703a00000|100%| O|  |TAMS 0x0000000703800000| PB 0x0000000703800000| Untracked 
|   8|0x0000000703a00000, 0x0000000703bfffc0, 0x0000000703c00000| 99%| O|  |TAMS 0x0000000703a00000| PB 0x0000000703a00000| Untracked 
|   9|0x0000000703c00000, 0x0000000703dffff8, 0x0000000703e00000| 99%| O|  |TAMS 0x0000000703c00000| PB 0x0000000703c00000| Untracked 
|  10|0x0000000703e00000, 0x0000000703ffffc8, 0x0000000704000000| 99%| O|  |TAMS 0x0000000703e00000| PB 0x0000000703e00000| Untracked 
|  11|0x0000000704000000, 0x00000007041fffc8, 0x0000000704200000| 99%| O|  |TAMS 0x0000000704000000| PB 0x0000000704000000| Untracked 
|  12|0x0000000704200000, 0x00000007043fef68, 0x0000000704400000| 99%| O|  |TAMS 0x0000000704200000| PB 0x0000000704200000| Untracked 
|  13|0x0000000704400000, 0x00000007045e73d8, 0x0000000704600000| 95%| O|  |TAMS 0x0000000704400000| PB 0x0000000704400000| Untracked 
|  14|0x0000000704600000, 0x00000007046bede0, 0x0000000704800000| 37%| O|  |TAMS 0x0000000704600000| PB 0x0000000704600000| Untracked 
|  15|0x0000000704800000, 0x0000000704893b70, 0x0000000704a00000| 28%| O|Cm|TAMS 0x0000000704800000| PB 0x0000000704800000| Complete 
|  16|0x0000000704a00000, 0x0000000704b83770, 0x0000000704c00000| 75%| O|  |TAMS 0x0000000704a00000| PB 0x0000000704a00000| Untracked 
|  17|0x0000000704c00000, 0x0000000704c00000, 0x0000000704e00000|  0%| F|  |TAMS 0x0000000704c00000| PB 0x0000000704c00000| Untracked 
|  18|0x0000000704e00000, 0x0000000704e00000, 0x0000000705000000|  0%| F|  |TAMS 0x0000000704e00000| PB 0x0000000704e00000| Untracked 
|  19|0x0000000705000000, 0x0000000705000000, 0x0000000705200000|  0%| F|  |TAMS 0x0000000705000000| PB 0x0000000705000000| Untracked 
|  20|0x0000000705200000, 0x0000000705228870, 0x0000000705400000|  7%| S|CS|TAMS 0x0000000705200000| PB 0x0000000705200000| Complete 
|  21|0x0000000705400000, 0x0000000705600000, 0x0000000705600000|100%| S|CS|TAMS 0x0000000705400000| PB 0x0000000705400000| Complete 
|  22|0x0000000705600000, 0x0000000705800000, 0x0000000705800000|100%| S|CS|TAMS 0x0000000705600000| PB 0x0000000705600000| Complete 
|  23|0x0000000705800000, 0x0000000705800000, 0x0000000705a00000|  0%| F|  |TAMS 0x0000000705800000| PB 0x0000000705800000| Untracked 
|  24|0x0000000705a00000, 0x0000000705a00000, 0x0000000705c00000|  0%| F|  |TAMS 0x0000000705a00000| PB 0x0000000705a00000| Untracked 
|  25|0x0000000705c00000, 0x0000000705c00000, 0x0000000705e00000|  0%| F|  |TAMS 0x0000000705c00000| PB 0x0000000705c00000| Untracked 
|  26|0x0000000705e00000, 0x0000000705f8c768, 0x0000000706000000| 77%| E|  |TAMS 0x0000000705e00000| PB 0x0000000705e00000| Complete 
|  27|0x0000000706000000, 0x0000000706200000, 0x0000000706200000|100%| E|CS|TAMS 0x0000000706000000| PB 0x0000000706000000| Complete 
|  28|0x0000000706200000, 0x0000000706400000, 0x0000000706400000|100%| E|CS|TAMS 0x0000000706200000| PB 0x0000000706200000| Complete 
|  29|0x0000000706400000, 0x0000000706600000, 0x0000000706600000|100%| E|CS|TAMS 0x0000000706400000| PB 0x0000000706400000| Complete 
|  30|0x0000000706600000, 0x0000000706800000, 0x0000000706800000|100%| E|CS|TAMS 0x0000000706600000| PB 0x0000000706600000| Complete 
|  31|0x0000000706800000, 0x0000000706a00000, 0x0000000706a00000|100%| E|CS|TAMS 0x0000000706800000| PB 0x0000000706800000| Complete 
|  32|0x0000000706a00000, 0x0000000706c00000, 0x0000000706c00000|100%| E|CS|TAMS 0x0000000706a00000| PB 0x0000000706a00000| Complete 
|  33|0x0000000706c00000, 0x0000000706e00000, 0x0000000706e00000|100%| E|CS|TAMS 0x0000000706c00000| PB 0x0000000706c00000| Complete 
|  34|0x0000000706e00000, 0x0000000707000000, 0x0000000707000000|100%| E|CS|TAMS 0x0000000706e00000| PB 0x0000000706e00000| Complete 
|  35|0x0000000707000000, 0x0000000707200000, 0x0000000707200000|100%| E|CS|TAMS 0x0000000707000000| PB 0x0000000707000000| Complete 
|  36|0x0000000707200000, 0x0000000707400000, 0x0000000707400000|100%| E|CS|TAMS 0x0000000707200000| PB 0x0000000707200000| Complete 
|  37|0x0000000707400000, 0x0000000707600000, 0x0000000707600000|100%| E|CS|TAMS 0x0000000707400000| PB 0x0000000707400000| Complete 
|  38|0x0000000707600000, 0x0000000707800000, 0x0000000707800000|100%| E|CS|TAMS 0x0000000707600000| PB 0x0000000707600000| Complete 
|  39|0x0000000707800000, 0x0000000707a00000, 0x0000000707a00000|100%| E|CS|TAMS 0x0000000707800000| PB 0x0000000707800000| Complete 
|  40|0x0000000707a00000, 0x0000000707c00000, 0x0000000707c00000|100%| E|CS|TAMS 0x0000000707a00000| PB 0x0000000707a00000| Complete 
|  41|0x0000000707c00000, 0x0000000707e00000, 0x0000000707e00000|100%| E|CS|TAMS 0x0000000707c00000| PB 0x0000000707c00000| Complete 
|  42|0x0000000707e00000, 0x0000000708000000, 0x0000000708000000|100%| E|CS|TAMS 0x0000000707e00000| PB 0x0000000707e00000| Complete 
|  43|0x0000000708000000, 0x0000000708200000, 0x0000000708200000|100%| E|CS|TAMS 0x0000000708000000| PB 0x0000000708000000| Complete 
|  44|0x0000000708200000, 0x0000000708400000, 0x0000000708400000|100%| E|CS|TAMS 0x0000000708200000| PB 0x0000000708200000| Complete 
|  45|0x0000000708400000, 0x0000000708600000, 0x0000000708600000|100%| E|CS|TAMS 0x0000000708400000| PB 0x0000000708400000| Complete 
|  46|0x0000000708600000, 0x0000000708800000, 0x0000000708800000|100%| E|CS|TAMS 0x0000000708600000| PB 0x0000000708600000| Complete 

Card table byte_map: [0x000001e07a1b0000,0x000001e07a9a0000] _byte_map_base: 0x000001e07699b000

Marking Bits: (CMBitMap*) 0x000001e072d65660
 Bits: [0x000001e07a9a0000, 0x000001e07e8f8000)

Polling page: 0x000001e070be0000

Metaspace:

Usage:
  Non-class:     64.70 MB used.
      Class:      9.92 MB used.
       Both:     74.62 MB used.

Virtual space:
  Non-class space:      128.00 MB reserved,      65.38 MB ( 51%) committed,  2 nodes.
      Class space:        1.00 GB reserved,      10.56 MB (  1%) committed,  1 nodes.
             Both:        1.12 GB reserved,      75.94 MB (  7%) committed. 

Chunk freelists:
   Non-Class:  14.50 MB
       Class:  5.33 MB
        Both:  19.83 MB

MaxMetaspaceSize: unlimited
CompressedClassSpaceSize: 1.00 GB
Initial GC threshold: 21.00 MB
Current GC threshold: 126.25 MB
CDS: on
 - commit_granule_bytes: 65536.
 - commit_granule_words: 8192.
 - virtual_space_node_default_size: 8388608.
 - enlarge_chunks_in_place: 1.
 - use_allocation_guard: 0.


Internal statistics:

num_allocs_failed_limit: 6.
num_arena_births: 7192.
num_arena_deaths: 5746.
num_vsnodes_births: 3.
num_vsnodes_deaths: 0.
num_space_committed: 1273.
num_space_uncommitted: 39.
num_chunks_returned_to_freelist: 8603.
num_chunks_taken_from_freelist: 13632.
num_chunk_merges: 1223.
num_chunk_splits: 5299.
num_chunks_enlarged: 3229.
num_inconsistent_stats: 0.

CodeCache: size=49152Kb used=25956Kb max_used=31369Kb free=23195Kb
 bounds [0x000001e076690000, 0x000001e0785d0000, 0x000001e079690000]
 total_blobs=12109 nmethods=11372 adapters=660
 compilation: enabled
              stopped_count=0, restarted_count=0
 full_count=0

Compilation events (20 events):
Event: 56218.777 Thread 0x000001e07f619d70 nmethod 49372 0x000001e078407010 code [0x000001e0784071a0, 0x000001e078407298]
Event: 56218.777 Thread 0x000001e04ab1dc10 nmethod 49373 0x000001e078406d10 code [0x000001e078406ea0, 0x000001e078406f60]
Event: 56218.777 Thread 0x000001e07f619d70 49370       1       org.thymeleaf.util.EscapedAttributeUtils::escapeAttribute (90 bytes)
Event: 56218.777 Thread 0x000001e04ab1dc10 49374       1       org.thymeleaf.spring6.processor.SpringHrefTagProcessor::doProcess (53 bytes)
Event: 56218.778 Thread 0x000001e07f619d70 nmethod 49370 0x000001e077720d90 code [0x000001e077720fe0, 0x000001e077721500]
Event: 56218.778 Thread 0x000001e04ab1dc10 nmethod 49374 0x000001e077720310 code [0x000001e077720540, 0x000001e0777209f8]
Event: 56218.778 Thread 0x000001e07f619d70 49371       1       com.restaurant.dto.StoreDto::getStoreImage (5 bytes)
Event: 56218.778 Thread 0x000001e07f619d70 nmethod 49371 0x000001e078406a10 code [0x000001e078406ba0, 0x000001e078406c70]
Event: 56223.091 Thread 0x000001e07f619d70 49375       1       sun.nio.ch.SelectionKeyImpl::translateInterestOps (14 bytes)
Event: 56223.091 Thread 0x000001e04ab1dc10 49376       1       sun.nio.ch.SocketChannelImpl::translateInterestOps (41 bytes)
Event: 56223.091 Thread 0x000001e04ab1dc10 nmethod 49376 0x000001e078406590 code [0x000001e078406720, 0x000001e078406828]
Event: 56223.091 Thread 0x000001e07f619d70 nmethod 49375 0x000001e07771ff90 code [0x000001e077720140, 0x000001e077720248]
Event: 56223.091 Thread 0x000001e04ab1dc10 49377       1       sun.nio.ch.SelectionKeyImpl::registeredEvents (6 bytes)
Event: 56223.091 Thread 0x000001e04ab1dc10 nmethod 49377 0x000001e07771fc90 code [0x000001e07771fe20, 0x000001e07771fee8]
Event: 56223.093 Thread 0x000001e04ab1dc10 49378       1       com.mysql.cj.protocol.a.StringValueEncoder::init (47 bytes)
Event: 56223.093 Thread 0x000001e04ab1dc10 nmethod 49378 0x000001e07771f410 code [0x000001e07771f600, 0x000001e07771f9d8]
Event: 56223.094 Thread 0x000001e04ab1dc10 49379       1       com.mysql.cj.result.Field::getName (8 bytes)
Event: 56223.094 Thread 0x000001e07f619d70 49380       1       com.mysql.cj.result.DefaultColumnDefinition::buildIndexMapping (160 bytes)
Event: 56223.094 Thread 0x000001e04ab1dc10 nmethod 49379 0x000001e07771f090 code [0x000001e07771f240, 0x000001e07771f348]
Event: 56223.094 Thread 0x000001e07f619d70 nmethod 49380 0x000001e07771e090 code [0x000001e07771e2e0, 0x000001e07771ebc0]

GC Heap History (20 events):
Event: 55921.213 GC heap before
{Heap before GC invocations=350 (full 70):
 garbage-first heap   total 96256K, used 52038K [0x0000000702a00000, 0x0000000800000000)
  region size 2048K, 13 young (26624K), 3 survivors (6144K)
 Metaspace       used 75209K, committed 76544K, reserved 1179648K
  class space    used 10019K, committed 10688K, reserved 1048576K
}
Event: 55921.246 GC heap after
{Heap after GC invocations=351 (full 71):
 garbage-first heap   total 96256K, used 29360K [0x0000000702a00000, 0x0000000800000000)
  region size 2048K, 0 young (0K), 0 survivors (0K)
 Metaspace       used 75203K, committed 76544K, reserved 1179648K
  class space    used 10018K, committed 10688K, reserved 1048576K
}
Event: 55921.611 GC heap before
{Heap before GC invocations=351 (full 71):
 garbage-first heap   total 96256K, used 76464K [0x0000000702a00000, 0x0000000800000000)
  region size 2048K, 24 young (49152K), 0 survivors (0K)
 Metaspace       used 75305K, committed 76608K, reserved 1179648K
  class space    used 10033K, committed 10688K, reserved 1048576K
}
Event: 55921.613 GC heap after
{Heap after GC invocations=352 (full 71):
 garbage-first heap   total 96256K, used 33700K [0x0000000702a00000, 0x0000000800000000)
  region size 2048K, 3 young (6144K), 3 survivors (6144K)
 Metaspace       used 75305K, committed 76608K, reserved 1179648K
  class space    used 10033K, committed 10688K, reserved 1048576K
}
Event: 55942.613 GC heap before
{Heap before GC invocations=353 (full 71):
 garbage-first heap   total 96256K, used 54180K [0x0000000702a00000, 0x0000000800000000)
  region size 2048K, 14 young (28672K), 3 survivors (6144K)
 Metaspace       used 75411K, committed 76736K, reserved 1179648K
  class space    used 10038K, committed 10688K, reserved 1048576K
}
Event: 55942.649 GC heap after
{Heap after GC invocations=354 (full 72):
 garbage-first heap   total 96256K, used 29558K [0x0000000702a00000, 0x0000000800000000)
  region size 2048K, 0 young (0K), 0 survivors (0K)
 Metaspace       used 75404K, committed 76736K, reserved 1179648K
  class space    used 10037K, committed 10688K, reserved 1048576K
}
Event: 55943.053 GC heap before
{Heap before GC invocations=354 (full 72):
 garbage-first heap   total 96256K, used 80758K [0x0000000702a00000, 0x0000000800000000)
  region size 2048K, 25 young (51200K), 0 survivors (0K)
 Metaspace       used 75532K, committed 76800K, reserved 1179648K
  class space    used 10054K, committed 10688K, reserved 1048576K
}
Event: 55943.055 GC heap after
{Heap after GC invocations=355 (full 72):
 garbage-first heap   total 96256K, used 34128K [0x0000000702a00000, 0x0000000800000000)
  region size 2048K, 3 young (6144K), 3 survivors (6144K)
 Metaspace       used 75532K, committed 76800K, reserved 1179648K
  class space    used 10054K, committed 10688K, reserved 1048576K
}
Event: 56025.480 GC heap before
{Heap before GC invocations=356 (full 72):
 garbage-first heap   total 96256K, used 62800K [0x0000000702a00000, 0x0000000800000000)
  region size 2048K, 18 young (36864K), 3 survivors (6144K)
 Metaspace       used 75687K, committed 76992K, reserved 1179648K
  class space    used 10077K, committed 10688K, reserved 1048576K
}
Event: 56025.520 GC heap after
{Heap after GC invocations=357 (full 73):
 garbage-first heap   total 96256K, used 31416K [0x0000000702a00000, 0x0000000800000000)
  region size 2048K, 0 young (0K), 0 survivors (0K)
 Metaspace       used 75681K, committed 76992K, reserved 1179648K
  class space    used 10076K, committed 10688K, reserved 1048576K
}
Event: 56025.945 GC heap before
{Heap before GC invocations=357 (full 73):
 garbage-first heap   total 96256K, used 76472K [0x0000000702a00000, 0x0000000800000000)
  region size 2048K, 23 young (47104K), 0 survivors (0K)
 Metaspace       used 75759K, committed 77120K, reserved 1179648K
  class space    used 10087K, committed 10752K, reserved 1048576K
}
Event: 56025.947 GC heap after
{Heap after GC invocations=358 (full 73):
 garbage-first heap   total 96256K, used 35837K [0x0000000702a00000, 0x0000000800000000)
  region size 2048K, 3 young (6144K), 3 survivors (6144K)
 Metaspace       used 75759K, committed 77120K, reserved 1179648K
  class space    used 10087K, committed 10752K, reserved 1048576K
}
Event: 56051.922 GC heap before
{Heap before GC invocations=359 (full 73):
 garbage-first heap   total 96256K, used 64509K [0x0000000702a00000, 0x0000000800000000)
  region size 2048K, 18 young (36864K), 3 survivors (6144K)
 Metaspace       used 75940K, committed 77312K, reserved 1179648K
  class space    used 10104K, committed 10752K, reserved 1048576K
}
Event: 56051.961 GC heap after
{Heap after GC invocations=360 (full 74):
 garbage-first heap   total 96256K, used 31273K [0x0000000702a00000, 0x0000000800000000)
  region size 2048K, 0 young (0K), 0 survivors (0K)
 Metaspace       used 75896K, committed 77312K, reserved 1179648K
  class space    used 10092K, committed 10752K, reserved 1048576K
}
Event: 56052.418 GC heap before
{Heap before GC invocations=360 (full 74):
 garbage-first heap   total 96256K, used 80425K [0x0000000702a00000, 0x0000000800000000)
  region size 2048K, 25 young (51200K), 0 survivors (0K)
 Metaspace       used 76022K, committed 77376K, reserved 1179648K
  class space    used 10108K, committed 10752K, reserved 1048576K
}
Event: 56052.420 GC heap after
{Heap after GC invocations=361 (full 74):
 garbage-first heap   total 96256K, used 35767K [0x0000000702a00000, 0x0000000800000000)
  region size 2048K, 3 young (6144K), 3 survivors (6144K)
 Metaspace       used 76022K, committed 77376K, reserved 1179648K
  class space    used 10108K, committed 10752K, reserved 1048576K
}
Event: 56079.548 GC heap before
{Heap before GC invocations=362 (full 74):
 garbage-first heap   total 96256K, used 58295K [0x0000000702a00000, 0x0000000800000000)
  region size 2048K, 15 young (30720K), 3 survivors (6144K)
 Metaspace       used 76104K, committed 77440K, reserved 1179648K
  class space    used 10113K, committed 10752K, reserved 1048576K
}
Event: 56079.590 GC heap after
{Heap after GC invocations=363 (full 75):
 garbage-first heap   total 96256K, used 31465K [0x0000000702a00000, 0x0000000800000000)
  region size 2048K, 0 young (0K), 0 survivors (0K)
 Metaspace       used 76098K, committed 77440K, reserved 1179648K
  class space    used 10112K, committed 10752K, reserved 1048576K
}
Event: 56080.000 GC heap before
{Heap before GC invocations=363 (full 75):
 garbage-first heap   total 96256K, used 78569K [0x0000000702a00000, 0x0000000800000000)
  region size 2048K, 24 young (49152K), 0 survivors (0K)
 Metaspace       used 76199K, committed 77504K, reserved 1179648K
  class space    used 10125K, committed 10752K, reserved 1048576K
}
Event: 56080.002 GC heap after
{Heap after GC invocations=364 (full 75):
 garbage-first heap   total 96256K, used 35723K [0x0000000702a00000, 0x0000000800000000)
  region size 2048K, 3 young (6144K), 3 survivors (6144K)
 Metaspace       used 76199K, committed 77504K, reserved 1179648K
  class space    used 10125K, committed 10752K, reserved 1048576K
}

Dll operation events (12 events):
Event: 0.023 Loaded shared library C:\sts-4.31.0.RELEASE\plugins\org.eclipse.justj.openjdk.hotspot.jre.full.win32.x86_64_21.0.7.v20250502-0916\jre\bin\java.dll
Event: 0.069 Loaded shared library C:\sts-4.31.0.RELEASE\plugins\org.eclipse.justj.openjdk.hotspot.jre.full.win32.x86_64_21.0.7.v20250502-0916\jre\bin\zip.dll
Event: 0.301 Loaded shared library C:\sts-4.31.0.RELEASE\plugins\org.eclipse.justj.openjdk.hotspot.jre.full.win32.x86_64_21.0.7.v20250502-0916\jre\bin\instrument.dll
Event: 0.313 Loaded shared library C:\sts-4.31.0.RELEASE\plugins\org.eclipse.justj.openjdk.hotspot.jre.full.win32.x86_64_21.0.7.v20250502-0916\jre\bin\net.dll
Event: 0.314 Loaded shared library C:\sts-4.31.0.RELEASE\plugins\org.eclipse.justj.openjdk.hotspot.jre.full.win32.x86_64_21.0.7.v20250502-0916\jre\bin\nio.dll
Event: 0.320 Loaded shared library C:\sts-4.31.0.RELEASE\plugins\org.eclipse.justj.openjdk.hotspot.jre.full.win32.x86_64_21.0.7.v20250502-0916\jre\bin\zip.dll
Event: 0.563 Loaded shared library C:\sts-4.31.0.RELEASE\plugins\org.eclipse.justj.openjdk.hotspot.jre.full.win32.x86_64_21.0.7.v20250502-0916\jre\bin\jimage.dll
Event: 0.633 Loaded shared library C:\sts-4.31.0.RELEASE\plugins\org.eclipse.justj.openjdk.hotspot.jre.full.win32.x86_64_21.0.7.v20250502-0916\jre\bin\management.dll
Event: 0.648 Loaded shared library C:\sts-4.31.0.RELEASE\plugins\org.eclipse.justj.openjdk.hotspot.jre.full.win32.x86_64_21.0.7.v20250502-0916\jre\bin\management_ext.dll
Event: 0.951 Loaded shared library C:\sts-4.31.0.RELEASE\plugins\org.eclipse.justj.openjdk.hotspot.jre.full.win32.x86_64_21.0.7.v20250502-0916\jre\bin\extnet.dll
Event: 0.984 Loaded shared library C:\sts-4.31.0.RELEASE\plugins\org.eclipse.justj.openjdk.hotspot.jre.full.win32.x86_64_21.0.7.v20250502-0916\jre\bin\verify.dll
Event: 2.933 Loaded shared library C:\sts-4.31.0.RELEASE\plugins\org.eclipse.justj.openjdk.hotspot.jre.full.win32.x86_64_21.0.7.v20250502-0916\jre\bin\sunmscapi.dll

Deoptimization events (20 events):
Event: 56233.101 Thread 0x000001e049860020 DEOPT PACKING pc=0x000001e076b516d9 sp=0x0000003d8cafe450
Event: 56233.101 Thread 0x000001e049860020 DEOPT UNPACKING pc=0x000001e0766e4e42 sp=0x0000003d8cafd8a8 mode 1
Event: 56233.101 Thread 0x000001e049860020 DEOPT PACKING pc=0x000001e076b32eac sp=0x0000003d8cafe4e0
Event: 56233.101 Thread 0x000001e049860020 DEOPT UNPACKING pc=0x000001e0766e4e42 sp=0x0000003d8cafd988 mode 1
Event: 56233.101 Thread 0x000001e049860020 DEOPT PACKING pc=0x000001e076bd0694 sp=0x0000003d8cafef60
Event: 56233.101 Thread 0x000001e049860020 DEOPT UNPACKING pc=0x000001e0766e4e42 sp=0x0000003d8cafe428 mode 1
Event: 56233.101 Thread 0x000001e049860020 DEOPT PACKING pc=0x000001e076e85bd4 sp=0x0000003d8cafeff0
Event: 56233.101 Thread 0x000001e049860020 DEOPT UNPACKING pc=0x000001e0766e4e42 sp=0x0000003d8cafe500 mode 1
Event: 56233.101 Thread 0x000001e049860020 DEOPT PACKING pc=0x000001e077219cbc sp=0x0000003d8caff160
Event: 56233.101 Thread 0x000001e049860020 DEOPT UNPACKING pc=0x000001e0766e4e42 sp=0x0000003d8cafe620 mode 1
Event: 56233.101 Thread 0x000001e049860020 DEOPT PACKING pc=0x000001e076b516d9 sp=0x0000003d8cafe450
Event: 56233.101 Thread 0x000001e049860020 DEOPT UNPACKING pc=0x000001e0766e4e42 sp=0x0000003d8cafd8a8 mode 1
Event: 56233.101 Thread 0x000001e049860020 DEOPT PACKING pc=0x000001e076b32eac sp=0x0000003d8cafe4e0
Event: 56233.101 Thread 0x000001e049860020 DEOPT UNPACKING pc=0x000001e0766e4e42 sp=0x0000003d8cafd988 mode 1
Event: 56233.101 Thread 0x000001e049860020 DEOPT PACKING pc=0x000001e076bd0694 sp=0x0000003d8cafef60
Event: 56233.101 Thread 0x000001e049860020 DEOPT UNPACKING pc=0x000001e0766e4e42 sp=0x0000003d8cafe428 mode 1
Event: 56233.101 Thread 0x000001e049860020 DEOPT PACKING pc=0x000001e076e85bd4 sp=0x0000003d8cafeff0
Event: 56233.101 Thread 0x000001e049860020 DEOPT UNPACKING pc=0x000001e0766e4e42 sp=0x0000003d8cafe500 mode 1
Event: 56233.101 Thread 0x000001e049860020 DEOPT PACKING pc=0x000001e077219cbc sp=0x0000003d8caff160
Event: 56233.101 Thread 0x000001e049860020 DEOPT UNPACKING pc=0x000001e0766e4e42 sp=0x0000003d8cafe620 mode 1

Classes loaded (20 events):
Event: 51585.915 Loading class java/io/OptionalDataException
Event: 51585.915 Loading class java/io/OptionalDataException done
Event: 51585.926 Loading class java/time/DurationEditor
Event: 51585.926 Loading class java/time/DurationEditor done
Event: 52173.341 Loading class java/lang/StringEditor
Event: 52173.341 Loading class java/lang/StringEditor done
Event: 52318.139 Loading class java/time/DurationEditor
Event: 52318.139 Loading class java/time/DurationEditor done
Event: 53806.354 Loading class java/time/DurationEditor
Event: 53806.354 Loading class java/time/DurationEditor done
Event: 54308.014 Loading class java/lang/StringEditor
Event: 54308.014 Loading class java/lang/StringEditor done
Event: 54775.670 Loading class java/time/DurationEditor
Event: 54775.670 Loading class java/time/DurationEditor done
Event: 55553.950 Loading class java/time/DurationEditor
Event: 55553.950 Loading class java/time/DurationEditor done
Event: 55866.572 Loading class java/time/DurationEditor
Event: 55866.572 Loading class java/time/DurationEditor done
Event: 56026.272 Loading class java/time/DurationEditor
Event: 56026.272 Loading class java/time/DurationEditor done

Classes unloaded (20 events):
Event: 56051.933 Thread 0x000001e07f5deeb0 Unloading class 0x000001e003a45800 'java/lang/invoke/LambdaForm$MH+0x000001e003a45800'
Event: 56051.933 Thread 0x000001e07f5deeb0 Unloading class 0x000001e00398c400 'java/lang/invoke/LambdaForm$MH+0x000001e00398c400'
Event: 56051.933 Thread 0x000001e07f5deeb0 Unloading class 0x000001e003a48400 'java/lang/invoke/LambdaForm$MH+0x000001e003a48400'
Event: 56051.933 Thread 0x000001e07f5deeb0 Unloading class 0x000001e00388d000 'java/lang/invoke/LambdaForm$MH+0x000001e00388d000'
Event: 56051.933 Thread 0x000001e07f5deeb0 Unloading class 0x000001e003a19c00 'java/lang/invoke/LambdaForm$MH+0x000001e003a19c00'
Event: 56051.933 Thread 0x000001e07f5deeb0 Unloading class 0x000001e00319d800 'java/lang/invoke/LambdaForm$MH+0x000001e00319d800'
Event: 56051.933 Thread 0x000001e07f5deeb0 Unloading class 0x000001e003972800 'java/lang/invoke/LambdaForm$MH+0x000001e003972800'
Event: 56051.933 Thread 0x000001e07f5deeb0 Unloading class 0x000001e0039b5000 'java/lang/invoke/LambdaForm$MH+0x000001e0039b5000'
Event: 56051.933 Thread 0x000001e07f5deeb0 Unloading class 0x000001e00398e800 'java/lang/invoke/LambdaForm$MH+0x000001e00398e800'
Event: 56051.933 Thread 0x000001e07f5deeb0 Unloading class 0x000001e003a35400 'java/lang/invoke/LambdaForm$MH+0x000001e003a35400'
Event: 56051.933 Thread 0x000001e07f5deeb0 Unloading class 0x000001e003a50800 'java/lang/invoke/LambdaForm$MH+0x000001e003a50800'
Event: 56051.933 Thread 0x000001e07f5deeb0 Unloading class 0x000001e0039e4000 'java/lang/invoke/LambdaForm$MH+0x000001e0039e4000'
Event: 56051.933 Thread 0x000001e07f5deeb0 Unloading class 0x000001e003a0e000 'java/lang/invoke/LambdaForm$MH+0x000001e003a0e000'
Event: 56051.933 Thread 0x000001e07f5deeb0 Unloading class 0x000001e003a2cc00 'java/lang/invoke/LambdaForm$MH+0x000001e003a2cc00'
Event: 56051.933 Thread 0x000001e07f5deeb0 Unloading class 0x000001e00398c800 'jdk/internal/reflect/GeneratedSerializationConstructorAccessor215'
Event: 56051.933 Thread 0x000001e07f5deeb0 Unloading class 0x000001e003811000 'java/lang/invoke/LambdaForm$MH+0x000001e003811000'
Event: 56051.933 Thread 0x000001e07f5deeb0 Unloading class 0x000001e003a8e800 'org/apache/catalina/loader/JdbcLeakPrevention'
Event: 56051.933 Thread 0x000001e07f5deeb0 Unloading class 0x000001e003885000 'java/lang/invoke/LambdaForm$MH+0x000001e003885000'
Event: 56079.558 Thread 0x000001e07f5deeb0 Unloading class 0x000001e003a48400 'jdk/internal/reflect/GeneratedSerializationConstructorAccessor217'
Event: 56079.558 Thread 0x000001e07f5deeb0 Unloading class 0x000001e003a98000 'org/apache/catalina/loader/JdbcLeakPrevention'

Classes redefined (20 events):
Event: 54777.241 Thread 0x000001e07f5deeb0 redefined class name=com.restaurant.dto.StoreDto, count=2
Event: 54777.241 Thread 0x000001e07f5deeb0 redefined class name=com.restaurant.dto.StoreDto, count=4
Event: 54777.241 Thread 0x000001e07f5deeb0 redefined class name=com.restaurant.dto.StoreDto, count=4
Event: 54777.241 Thread 0x000001e07f5deeb0 redefined class name=com.restaurant.dto.StoreDto, count=4
Event: 54777.241 Thread 0x000001e07f5deeb0 redefined class name=com.restaurant.dto.StoreDto, count=2
Event: 54777.241 Thread 0x000001e07f5deeb0 redefined class name=com.restaurant.dto.StoreDto, count=4
Event: 54777.241 Thread 0x000001e07f5deeb0 redefined class name=com.restaurant.dto.StoreDto, count=2
Event: 54777.241 Thread 0x000001e07f5deeb0 redefined class name=com.restaurant.dto.StoreDto, count=4
Event: 54777.241 Thread 0x000001e07f5deeb0 redefined class name=com.restaurant.dto.StoreDto, count=4
Event: 54777.241 Thread 0x000001e07f5deeb0 redefined class name=com.restaurant.dto.StoreDto, count=4
Event: 54777.241 Thread 0x000001e07f5deeb0 redefined class name=com.restaurant.dto.StoreDto, count=4
Event: 54777.241 Thread 0x000001e07f5deeb0 redefined class name=com.restaurant.dto.StoreDto, count=4
Event: 54777.241 Thread 0x000001e07f5deeb0 redefined class name=com.restaurant.dto.StoreDto, count=4
Event: 54777.241 Thread 0x000001e07f5deeb0 redefined class name=com.restaurant.dto.StoreDto, count=1
Event: 54777.241 Thread 0x000001e07f5deeb0 redefined class name=com.restaurant.dto.StoreDto, count=2
Event: 54777.241 Thread 0x000001e07f5deeb0 redefined class name=com.restaurant.dto.StoreDto, count=3
Event: 56020.718 Thread 0x000001e07f5deeb0 redefined class name=com.restaurant.constants.Constants, count=1
Event: 56078.200 Thread 0x000001e07f5deeb0 redefined class name=com.restaurant.constants.Constants, count=1
Event: 56078.200 Thread 0x000001e07f5deeb0 redefined class name=com.restaurant.constants.Constants, count=1
Event: 56078.200 Thread 0x000001e07f5deeb0 redefined class name=com.restaurant.constants.Constants, count=2

Internal exceptions (20 events):
Event: 56052.220 Thread 0x000001e04985ec70 Exception <a 'java/lang/NoClassDefFoundError'{0x0000000706e9e150}: org/flywaydb/core/Flyway> (0x0000000706e9e150) 
thrown [s\src\hotspot\share\oops\constantPool.cpp, line 873]
Event: 56052.222 Thread 0x000001e04985ec70 Exception <a 'java/lang/NoClassDefFoundError'{0x0000000706e9e7b0}: liquibase/integration/spring/SpringLiquibase> (0x0000000706e9e7b0) 
thrown [s\src\hotspot\share\oops\constantPool.cpp, line 873]
Event: 56052.226 Thread 0x000001e04985ec70 Exception <a 'java/lang/NoClassDefFoundError'{0x0000000706eca1d8}: org/jooq/DSLContext> (0x0000000706eca1d8) 
thrown [s\src\hotspot\share\oops\constantPool.cpp, line 873]
Event: 56052.229 Thread 0x000001e04985ec70 Exception <a 'java/lang/NoClassDefFoundError'{0x0000000706f12ae0}: org/springframework/batch/core/repository/JobRepository> (0x0000000706f12ae0) 
thrown [s\src\hotspot\share\oops\constantPool.cpp, line 873]
Event: 56052.231 Thread 0x000001e04985ec70 Exception <a 'java/lang/NoClassDefFoundError'{0x0000000706f13138}: org/quartz/Scheduler> (0x0000000706f13138) 
thrown [s\src\hotspot\share\oops\constantPool.cpp, line 873]
Event: 56052.232 Thread 0x000001e04985ec70 Exception <a 'java/lang/NoClassDefFoundError'{0x0000000706f137b8}: org/springframework/session/jdbc/JdbcIndexedSessionRepository> (0x0000000706f137b8) 
thrown [s\src\hotspot\share\oops\constantPool.cpp, line 873]
Event: 56052.263 Thread 0x000001e04985ec70 Exception <a 'java/io/FileNotFoundException'{0x00000007068b9940}> (0x00000007068b9940) 
thrown [s\src\hotspot\share\prims\jni.cpp, line 520]
Event: 56079.542 Thread 0x000001e04795ffe0 Exception <a 'java/io/IOException'{0x00000007071978c0}> (0x00000007071978c0) 
thrown [s\src\hotspot\share\prims\jni.cpp, line 520]
Event: 56079.542 Thread 0x000001e04795ffe0 Exception <a 'java/net/SocketException'{0x0000000707199898}: Connection reset by peer: shutdown> (0x0000000707199898) 
thrown [s\src\hotspot\share\prims\jni.cpp, line 539]
Event: 56079.543 Thread 0x000001e04795ffe0 Exception <a 'java/net/SocketException'{0x000000070719cfe0}: Connection reset by peer: shutdown> (0x000000070719cfe0) 
thrown [s\src\hotspot\share\prims\jni.cpp, line 539]
Event: 56079.547 Thread 0x000001e049862780 Exception <a 'java/lang/InterruptedException'{0x00000007071cbcb8}: sleep interrupted> (0x00000007071cbcb8) 
thrown [s\src\hotspot\share\prims\jvm.cpp, line 3074]
Event: 56079.601 Thread 0x000001e047961390 Exception <a 'sun/nio/fs/WindowsException'{0x0000000708676098}> (0x0000000708676098) 
thrown [s\src\hotspot\share\prims\jni.cpp, line 520]
Event: 56079.812 Thread 0x000001e047961390 Exception <a 'java/lang/NoClassDefFoundError'{0x0000000706e99f08}: org/flywaydb/core/Flyway> (0x0000000706e99f08) 
thrown [s\src\hotspot\share\oops\constantPool.cpp, line 873]
Event: 56079.815 Thread 0x000001e047961390 Exception <a 'java/lang/NoClassDefFoundError'{0x0000000706e9a568}: liquibase/integration/spring/SpringLiquibase> (0x0000000706e9a568) 
thrown [s\src\hotspot\share\oops\constantPool.cpp, line 873]
Event: 56079.821 Thread 0x000001e047961390 Exception <a 'java/lang/NoClassDefFoundError'{0x0000000706ec5f78}: org/jooq/DSLContext> (0x0000000706ec5f78) 
thrown [s\src\hotspot\share\oops\constantPool.cpp, line 873]
Event: 56079.825 Thread 0x000001e047961390 Exception <a 'java/lang/NoClassDefFoundError'{0x0000000706f0e880}: org/springframework/batch/core/repository/JobRepository> (0x0000000706f0e880) 
thrown [s\src\hotspot\share\oops\constantPool.cpp, line 873]
Event: 56079.827 Thread 0x000001e047961390 Exception <a 'java/lang/NoClassDefFoundError'{0x0000000706f0eed8}: org/quartz/Scheduler> (0x0000000706f0eed8) 
thrown [s\src\hotspot\share\oops\constantPool.cpp, line 873]
Event: 56079.829 Thread 0x000001e047961390 Exception <a 'java/lang/NoClassDefFoundError'{0x0000000706f0f558}: org/springframework/session/jdbc/JdbcIndexedSessionRepository> (0x0000000706f0f558) 
thrown [s\src\hotspot\share\oops\constantPool.cpp, line 873]
Event: 56079.861 Thread 0x000001e047961390 Exception <a 'java/io/FileNotFoundException'{0x00000007068d5b18}> (0x00000007068d5b18) 
thrown [s\src\hotspot\share\prims\jni.cpp, line 520]
Event: 56101.935 Thread 0x000001e04791e270 Exception <a 'java/lang/NoSuchMethodError'{0x0000000706e8c910}: static [B.<clinit>()V> (0x0000000706e8c910) 
thrown [s\src\hotspot\share\prims\jni.cpp, line 1111]

ZGC Phase Switch (0 events):
No events

VM Operations (20 events):
Event: 56231.977 Executing VM operation: get/set locals
Event: 56231.977 Executing VM operation: get/set locals done
Event: 56231.977 Executing VM operation: get/set locals
Event: 56231.977 Executing VM operation: get/set locals done
Event: 56231.977 Executing VM operation: get/set locals
Event: 56231.977 Executing VM operation: get/set locals done
Event: 56231.977 Executing VM operation: get/set locals
Event: 56231.977 Executing VM operation: get/set locals done
Event: 56231.978 Executing VM operation: get/set locals
Event: 56231.978 Executing VM operation: get/set locals done
Event: 56231.978 Executing VM operation: get/set locals
Event: 56231.978 Executing VM operation: get/set locals done
Event: 56231.978 Executing VM operation: get/set locals
Event: 56231.978 Executing VM operation: get/set locals done
Event: 56231.979 Executing VM operation: get/set locals
Event: 56231.979 Executing VM operation: get/set locals done
Event: 56231.979 Executing VM operation: get/set locals
Event: 56231.979 Executing VM operation: get/set locals done
Event: 56233.151 Executing VM operation: get/set locals
Event: 56233.151 Executing VM operation: get/set locals done

Memory protections (0 events):
No events

Nmethod flushes (20 events):
Event: 56080.021 Thread 0x000001e07f5deeb0 flushing  nmethod 0x000001e077d81d90
Event: 56080.021 Thread 0x000001e07f5deeb0 flushing  nmethod 0x000001e077f79f10
Event: 56080.021 Thread 0x000001e07f5deeb0 flushing  nmethod 0x000001e077fe2a10
Event: 56080.021 Thread 0x000001e07f5deeb0 flushing  nmethod 0x000001e077fe3010
Event: 56080.021 Thread 0x000001e07f5deeb0 flushing  nmethod 0x000001e077fe5810
Event: 56080.021 Thread 0x000001e07f5deeb0 flushing  nmethod 0x000001e078097910
Event: 56080.021 Thread 0x000001e07f5deeb0 flushing  nmethod 0x000001e0768eee10
Event: 56080.021 Thread 0x000001e07f5deeb0 flushing  nmethod 0x000001e076a47310
Event: 56080.021 Thread 0x000001e07f5deeb0 flushing  nmethod 0x000001e076adc590
Event: 56080.021 Thread 0x000001e07f5deeb0 flushing  nmethod 0x000001e076adcd90
Event: 56080.021 Thread 0x000001e07f5deeb0 flushing  nmethod 0x000001e076db5a90
Event: 56080.021 Thread 0x000001e07f5deeb0 flushing  nmethod 0x000001e076db7b10
Event: 56080.021 Thread 0x000001e07f5deeb0 flushing  nmethod 0x000001e07757b390
Event: 56080.021 Thread 0x000001e07f5deeb0 flushing  nmethod 0x000001e0776bf390
Event: 56080.021 Thread 0x000001e07f5deeb0 flushing  nmethod 0x000001e0776cf190
Event: 56080.021 Thread 0x000001e07f5deeb0 flushing  nmethod 0x000001e077911310
Event: 56080.021 Thread 0x000001e07f5deeb0 flushing  nmethod 0x000001e077aca710
Event: 56080.021 Thread 0x000001e07f5deeb0 flushing  nmethod 0x000001e077cd9e90
Event: 56080.021 Thread 0x000001e07f5deeb0 flushing  nmethod 0x000001e078058b10
Event: 56080.021 Thread 0x000001e07f5deeb0 flushing  nmethod 0x000001e078065890

Events (20 events):
Event: 56098.841 Thread 0x000001e04ab1dc10 Thread exited: 0x000001e04ab1dc10
Event: 56106.936 Thread 0x000001e04ab1e9b0 Thread exited: 0x000001e04ab1e9b0
Event: 56109.223 Thread 0x000001e07f619d70 Thread added: 0x000001e04ab1e9b0
Event: 56109.250 Thread 0x000001e07f619d70 Thread added: 0x000001e04ab1dc10
Event: 56109.250 Thread 0x000001e07f619d70 Thread added: 0x000001e04ab1c7a0
Event: 56114.268 Thread 0x000001e04ab1c7a0 Thread exited: 0x000001e04ab1c7a0
Event: 56114.268 Thread 0x000001e04ab1dc10 Thread exited: 0x000001e04ab1dc10
Event: 56119.281 Thread 0x000001e04ab1e9b0 Thread exited: 0x000001e04ab1e9b0
Event: 56148.247 Thread 0x000001e07f619d70 Thread added: 0x000001e04ab1c7a0
Event: 56149.767 Thread 0x000001e04ab1c7a0 Thread exited: 0x000001e04ab1c7a0
Event: 56149.795 Thread 0x000001e07f619d70 Thread added: 0x000001e04ab1c7a0
Event: 56154.797 Thread 0x000001e04ab1c7a0 Thread exited: 0x000001e04ab1c7a0
Event: 56192.367 Thread 0x000001e07f619d70 Thread added: 0x000001e04ab1c7a0
Event: 56199.480 Thread 0x000001e04ab1c7a0 Thread exited: 0x000001e04ab1c7a0
Event: 56218.774 Thread 0x000001e07f619d70 Thread added: 0x000001e04ab1dc10
Event: 56228.097 Thread 0x000001e04ab1dc10 Thread exited: 0x000001e04ab1dc10
Event: 56233.101 Thread 0x000001e049860020 Thread added: 0x000001e04a05ed50
Event: 56233.101 Thread 0x000001e049860020 Thread exited: 0x000001e049860020
Event: 56233.102 Thread 0x000001e04a05ed50 Thread added: 0x000001e04a05b8d0
Event: 56233.105 Thread 0x000001e04a05e6c0 Thread exited: 0x000001e04a05e6c0


Dynamic libraries:
0x00007ff703810000 - 0x00007ff70381e000 	C:\sts-4.31.0.RELEASE\plugins\org.eclipse.justj.openjdk.hotspot.jre.full.win32.x86_64_21.0.7.v20250502-0916\jre\bin\javaw.exe
0x00007fffa9400000 - 0x00007fffa9668000 	C:\WINDOWS\SYSTEM32\ntdll.dll
0x00007fffa8480000 - 0x00007fffa8549000 	C:\WINDOWS\System32\KERNEL32.DLL
0x00007fffa6b10000 - 0x00007fffa6efd000 	C:\WINDOWS\System32\KERNELBASE.dll
0x00007fffa7050000 - 0x00007fffa719b000 	C:\WINDOWS\System32\ucrtbase.dll
0x00007fff8eef0000 - 0x00007fff8ef08000 	C:\sts-4.31.0.RELEASE\plugins\org.eclipse.justj.openjdk.hotspot.jre.full.win32.x86_64_21.0.7.v20250502-0916\jre\bin\jli.dll
0x00007fffa81c0000 - 0x00007fffa838c000 	C:\WINDOWS\System32\USER32.dll
0x00007fffa6690000 - 0x00007fffa66b7000 	C:\WINDOWS\System32\win32u.dll
0x00007fffa8390000 - 0x00007fffa83bb000 	C:\WINDOWS\System32\GDI32.dll
0x00007fffa6550000 - 0x00007fffa6687000 	C:\WINDOWS\System32\gdi32full.dll
0x00007fffa6840000 - 0x00007fffa68e3000 	C:\WINDOWS\System32\msvcp_win.dll
0x00007fff90530000 - 0x00007fff907ca000 	C:\WINDOWS\WinSxS\amd64_microsoft.windows.common-controls_6595b64144ccf1df_6.0.26100.4484_none_3e0e6d4ce32ef3b3\COMCTL32.dll
0x00007fff839d0000 - 0x00007fff839ee000 	C:\sts-4.31.0.RELEASE\plugins\org.eclipse.justj.openjdk.hotspot.jre.full.win32.x86_64_21.0.7.v20250502-0916\jre\bin\VCRUNTIME140.dll
0x00007fffa8b80000 - 0x00007fffa8c29000 	C:\WINDOWS\System32\msvcrt.dll
0x00007fffa8180000 - 0x00007fffa81af000 	C:\WINDOWS\System32\IMM32.DLL
0x00007fff8e730000 - 0x00007fff8e73c000 	C:\sts-4.31.0.RELEASE\plugins\org.eclipse.justj.openjdk.hotspot.jre.full.win32.x86_64_21.0.7.v20250502-0916\jre\bin\vcruntime140_1.dll
0x00007fff67a80000 - 0x00007fff67b0d000 	C:\sts-4.31.0.RELEASE\plugins\org.eclipse.justj.openjdk.hotspot.jre.full.win32.x86_64_21.0.7.v20250502-0916\jre\bin\msvcp140.dll
0x00007fff48d20000 - 0x00007fff49ab0000 	C:\sts-4.31.0.RELEASE\plugins\org.eclipse.justj.openjdk.hotspot.jre.full.win32.x86_64_21.0.7.v20250502-0916\jre\bin\server\jvm.dll
0x00007fffa83c0000 - 0x00007fffa8474000 	C:\WINDOWS\System32\ADVAPI32.dll
0x00007fffa8d60000 - 0x00007fffa8e06000 	C:\WINDOWS\System32\sechost.dll
0x00007fffa92a0000 - 0x00007fffa93b8000 	C:\WINDOWS\System32\RPCRT4.dll
0x00007fffa8a10000 - 0x00007fffa8a84000 	C:\WINDOWS\System32\WS2_32.dll
0x00007fffa5d00000 - 0x00007fffa5d5e000 	C:\WINDOWS\SYSTEM32\POWRPROF.dll
0x00007fff98950000 - 0x00007fff98985000 	C:\WINDOWS\SYSTEM32\WINMM.dll
0x00007fff9f920000 - 0x00007fff9f92b000 	C:\WINDOWS\SYSTEM32\VERSION.dll
0x00007fffa5cb0000 - 0x00007fffa5cc4000 	C:\WINDOWS\SYSTEM32\UMPDC.dll
0x00007fffa52b0000 - 0x00007fffa52cb000 	C:\WINDOWS\SYSTEM32\kernel.appcore.dll
0x00007fffa05e0000 - 0x00007fffa05ea000 	C:\sts-4.31.0.RELEASE\plugins\org.eclipse.justj.openjdk.hotspot.jre.full.win32.x86_64_21.0.7.v20250502-0916\jre\bin\jimage.dll
0x00007fff95e00000 - 0x00007fff96041000 	C:\WINDOWS\SYSTEM32\DBGHELP.DLL
0x00007fffa8e20000 - 0x00007fffa91a6000 	C:\WINDOWS\System32\combase.dll
0x00007fffa91b0000 - 0x00007fffa9290000 	C:\WINDOWS\System32\OLEAUT32.dll
0x00007fff881f0000 - 0x00007fff88233000 	C:\WINDOWS\SYSTEM32\dbgcore.DLL
0x00007fffa68f0000 - 0x00007fffa6989000 	C:\WINDOWS\System32\bcryptPrimitives.dll
0x00007fff4e7d0000 - 0x00007fff4e80c000 	C:\sts-4.31.0.RELEASE\plugins\org.eclipse.justj.openjdk.hotspot.jre.full.win32.x86_64_21.0.7.v20250502-0916\jre\bin\jdwp.dll
0x00007fff92ea0000 - 0x00007fff92eaf000 	C:\sts-4.31.0.RELEASE\plugins\org.eclipse.justj.openjdk.hotspot.jre.full.win32.x86_64_21.0.7.v20250502-0916\jre\bin\instrument.dll
0x00007fff8ef70000 - 0x00007fff8ef8f000 	C:\sts-4.31.0.RELEASE\plugins\org.eclipse.justj.openjdk.hotspot.jre.full.win32.x86_64_21.0.7.v20250502-0916\jre\bin\java.dll
0x00007fffa7210000 - 0x00007fffa795a000 	C:\WINDOWS\System32\SHELL32.dll
0x00007fffa6990000 - 0x00007fffa6b04000 	C:\WINDOWS\System32\wintypes.dll
0x00007fffa4170000 - 0x00007fffa49cb000 	C:\WINDOWS\SYSTEM32\windows.storage.dll
0x00007fffa88b0000 - 0x00007fffa89a5000 	C:\WINDOWS\System32\SHCORE.dll
0x00007fffa71a0000 - 0x00007fffa720a000 	C:\WINDOWS\System32\shlwapi.dll
0x00007fffa6460000 - 0x00007fffa648f000 	C:\WINDOWS\SYSTEM32\profapi.dll
0x00007fff889e0000 - 0x00007fff889f8000 	C:\sts-4.31.0.RELEASE\plugins\org.eclipse.justj.openjdk.hotspot.jre.full.win32.x86_64_21.0.7.v20250502-0916\jre\bin\zip.dll
0x00007fff83740000 - 0x00007fff8374b000 	C:\sts-4.31.0.RELEASE\plugins\org.eclipse.justj.openjdk.hotspot.jre.full.win32.x86_64_21.0.7.v20250502-0916\jre\bin\dt_socket.dll
0x00007fffa4cc0000 - 0x00007fffa4cf3000 	C:\WINDOWS\SYSTEM32\IPHLPAPI.DLL
0x00007fffa5820000 - 0x00007fffa588a000 	C:\WINDOWS\system32\mswsock.dll
0x00007fffa4d50000 - 0x00007fffa4e76000 	C:\WINDOWS\SYSTEM32\DNSAPI.dll
0x00007fffa88a0000 - 0x00007fffa88aa000 	C:\WINDOWS\System32\NSI.dll
0x00007fff9d100000 - 0x00007fff9d10b000 	C:\Windows\System32\rasadhlp.dll
0x00007fff9fd30000 - 0x00007fff9fdb6000 	C:\WINDOWS\System32\fwpuclnt.dll
0x00007fff928d0000 - 0x00007fff928e0000 	C:\sts-4.31.0.RELEASE\plugins\org.eclipse.justj.openjdk.hotspot.jre.full.win32.x86_64_21.0.7.v20250502-0916\jre\bin\net.dll
0x00007fffa0890000 - 0x00007fffa09ae000 	C:\WINDOWS\SYSTEM32\WINHTTP.dll
0x00007fff889c0000 - 0x00007fff889d6000 	C:\sts-4.31.0.RELEASE\plugins\org.eclipse.justj.openjdk.hotspot.jre.full.win32.x86_64_21.0.7.v20250502-0916\jre\bin\nio.dll
0x00007fff8ddf0000 - 0x00007fff8ddfa000 	C:\sts-4.31.0.RELEASE\plugins\org.eclipse.justj.openjdk.hotspot.jre.full.win32.x86_64_21.0.7.v20250502-0916\jre\bin\management.dll
0x00007fff891a0000 - 0x00007fff891ab000 	C:\sts-4.31.0.RELEASE\plugins\org.eclipse.justj.openjdk.hotspot.jre.full.win32.x86_64_21.0.7.v20250502-0916\jre\bin\management_ext.dll
0x00007fffa8a90000 - 0x00007fffa8a98000 	C:\WINDOWS\System32\PSAPI.DLL
0x00007fff00130000 - 0x00007fff00148000 	C:\WINDOWS\system32\napinsp.dll
0x00007fff00110000 - 0x00007fff00122000 	C:\WINDOWS\System32\winrnr.dll
0x00007fff79bf0000 - 0x00007fff79c20000 	C:\WINDOWS\system32\nlansp_c.dll
0x00007fff7c1a0000 - 0x00007fff7c1c0000 	C:\WINDOWS\system32\wshbth.dll
0x00007fffa5c90000 - 0x00007fffa5cab000 	C:\WINDOWS\SYSTEM32\CRYPTSP.dll
0x00007fffa5210000 - 0x00007fffa524b000 	C:\WINDOWS\system32\rsaenh.dll
0x00007fffa58c0000 - 0x00007fffa58eb000 	C:\WINDOWS\SYSTEM32\USERENV.dll
0x00007fffa6430000 - 0x00007fffa6456000 	C:\WINDOWS\SYSTEM32\bcrypt.dll
0x00007fffa5a60000 - 0x00007fffa5a6c000 	C:\WINDOWS\SYSTEM32\CRYPTBASE.dll
0x00007fff8eee0000 - 0x00007fff8eee9000 	C:\sts-4.31.0.RELEASE\plugins\org.eclipse.justj.openjdk.hotspot.jre.full.win32.x86_64_21.0.7.v20250502-0916\jre\bin\extnet.dll
0x00007fff8efc0000 - 0x00007fff8efd0000 	C:\sts-4.31.0.RELEASE\plugins\org.eclipse.justj.openjdk.hotspot.jre.full.win32.x86_64_21.0.7.v20250502-0916\jre\bin\verify.dll
0x00007fff8ef60000 - 0x00007fff8ef6e000 	C:\sts-4.31.0.RELEASE\plugins\org.eclipse.justj.openjdk.hotspot.jre.full.win32.x86_64_21.0.7.v20250502-0916\jre\bin\sunmscapi.dll
0x00007fffa66c0000 - 0x00007fffa6837000 	C:\WINDOWS\System32\CRYPT32.dll
0x00007fffa5e70000 - 0x00007fffa5ea0000 	C:\WINDOWS\SYSTEM32\ncrypt.dll
0x00007fffa5e20000 - 0x00007fffa5e5f000 	C:\WINDOWS\SYSTEM32\NTASN1.dll
0x00007ffef55a0000 - 0x00007ffef55a8000 	C:\WINDOWS\system32\wshunix.dll

dbghelp: loaded successfully - version: 4.0.5 - missing functions: none
symbol engine: initialized successfully - sym options: 0x614 - pdb path: .;C:\sts-4.31.0.RELEASE\plugins\org.eclipse.justj.openjdk.hotspot.jre.full.win32.x86_64_21.0.7.v20250502-0916\jre\bin;C:\WINDOWS\SYSTEM32;C:\WINDOWS\WinSxS\amd64_microsoft.windows.common-controls_6595b64144ccf1df_6.0.26100.4484_none_3e0e6d4ce32ef3b3;C:\sts-4.31.0.RELEASE\plugins\org.eclipse.justj.openjdk.hotspot.jre.full.win32.x86_64_21.0.7.v20250502-0916\jre\bin\server

VM Arguments:
jvm_args: -XX:+ShowCodeDetailsInExceptionMessages -agentlib:jdwp=transport=dt_socket,suspend=y,address=localhost:61397 -Dcom.sun.management.jmxremote -Dcom.sun.management.jmxremote.port=61394 -Dcom.sun.management.jmxremote.authenticate=false -Dcom.sun.management.jmxremote.ssl=false -Djava.rmi.server.hostname=localhost -Dspring.jmx.enabled=true -Dmanagement.endpoints.jmx.exposure.include=* -Dspring.application.admin.enabled=true -Dspring.output.ansi.enabled=always -XX:TieredStopAtLevel=1 -Dspring.boot.project.name=restaurant_info_tutorial -javaagent:C:\sts-4.31.0.RELEASE\configuration\org.eclipse.osgi\273\0\.cp\lib\javaagent-shaded.jar -Dfile.encoding=UTF-8 -Dstdout.encoding=UTF-8 -Dstderr.encoding=UTF-8 
java_command: com.restaurant.RestaurantInfoApplication
java_class_path (initial): C:\Users\hyj74\git\restaurant_info_tutorial\target\classes;C:\Users\hyj74\.m2\repository\org\springframework\boot\spring-boot-starter-validation\3.5.3\spring-boot-starter-validation-3.5.3.jar;C:\Users\hyj74\.m2\repository\org\springframework\boot\spring-boot-starter\3.5.3\spring-boot-starter-3.5.3.jar;C:\Users\hyj74\.m2\repository\org\springframework\boot\spring-boot-starter-logging\3.5.3\spring-boot-starter-logging-3.5.3.jar;C:\Users\hyj74\.m2\repository\ch\qos\logback\logback-classic\1.5.18\logback-classic-1.5.18.jar;C:\Users\hyj74\.m2\repository\ch\qos\logback\logback-core\1.5.18\logback-core-1.5.18.jar;C:\Users\hyj74\.m2\repository\org\apache\logging\log4j\log4j-to-slf4j\2.24.3\log4j-to-slf4j-2.24.3.jar;C:\Users\hyj74\.m2\repository\org\apache\logging\log4j\log4j-api\2.24.3\log4j-api-2.24.3.jar;C:\Users\hyj74\.m2\repository\org\slf4j\jul-to-slf4j\2.0.17\jul-to-slf4j-2.0.17.jar;C:\Users\hyj74\.m2\repository\jakarta\annotation\jakarta.annotation-api\2.1.1\jakarta.annotation-api-2.1.1.jar;C:\Users\hyj74\.m2\repository\org\springframework\spring-core\6.2.8\spring-core-6.2.8.jar;C:\Users\hyj74\.m2\repository\org\springframework\spring-jcl\6.2.8\spring-jcl-6.2.8.jar;C:\Users\hyj74\.m2\repository\org\yaml\snakeyaml\2.4\snakeyaml-2.4.jar;C:\Users\hyj74\.m2\repository\org\apache\tomcat\embed\tomcat-embed-el\10.1.42\tomcat-embed-el-10.1.42.jar;C:\Users\hyj74\.m2\repository\org\hibernate\validator\hibernate-validator\8.0.2.Final\hibernate-validator-8.0.2.Final.jar;C:\Users\hyj74\.m2\repository\jakarta\validation\jakarta.validation-api\3.0.2\jakarta.validation-api-3.0.2.jar;C:\Users\hyj74\.m2\repository\org\jboss\logging\jboss-logging\3.6.1.Final\jboss-logging-3.6.1.Final.jar;C:\Users\hyj74\.m2\repository\com\fasterxml\classmate\1.7.0\classmate-1.7.0.jar;C:\Users\hyj74\.m2\repository\org\mybatis\spring\boot\mybatis-spring-boot-starter\3.0.3\mybatis-spring-boot-starter-3.0.3.jar;C:\Users\hyj74\.m2\repository\org\springframework\boot\spring-boot-starter-jdbc\3.5.3\spring-boot-starter-jdbc-3.5.3.jar;C:\Users\hyj74\.m2\repository\com\zaxxer\HikariCP\6.3.0\HikariCP-6.3.0.jar;C:\Users\hyj74\.m2\repository\org\springframework\spring-jdbc\6.2.8\spring-jdbc-6.2.8.jar;C:\Users\hyj74\.m2\repository\org\mybatis\spring\boot\mybatis-spring-boot-autoconfigure\3.0.3\mybatis-spring-boot-autoconfigure-3.0.3.jar;C:\Users\hyj74\.m2\repository\org\mybatis\mybatis\3.5.14\mybatis-3.5.14.jar;C:\Users\hyj74\.m2\repository\org\mybatis\mybatis-spring\3.0.3\mybatis-spring-3.0.3.jar;C:\Users\hyj74\.m2\repository\org\springframework\boot\spring-boot-devtools\3.5.3\spring-boot-devtools-3.5.3.jar;C:\Users\hyj74\.m2\repository\org\springframework\boot\spring-boot\3.5.3\spring-boot-3.5.3.jar;C:\Users\hyj74\.m2\repository\org\springframework\spring-context\6.2.8\spring-context-6.2.8.jar;C:\Users\hyj74\.m2\repository\org\springframework\boot\spring-boot-autoconfigure\3.5.3\spring-boot-autoconfigure-3.5.3.jar;C:\Users\hyj74\.m2\repository\org\springframework\boot\spring-boot-starter-data-jpa\3.5.3\spring-boot-starter-data-jpa-3.5.3.jar;C:\Users\hyj74\.m2\repository\org\hibernate\orm\hibernate-core\6.6.18.Final\hibernate-core-6.6.18.Final.jar;C:\Users\hyj74\.m2\repository\jakarta\persistence\jakarta.persistence-api\3.1.0\jakarta.persistence-api-3.1.0.jar;C:\Users\hyj74\.m2\repository\jakarta\transaction\jakarta.transaction-api\2.0.1\jakarta.transaction-api-2.0.1.jar;C:\Users\hyj74\.m2\repository\org\hibernate\common\hibernate-commons-annotations\7.0.3.Final\hibernate-commons-annotations-7.0.3.Final.jar;C:\Users\hyj74\.m2\repository\io\smallrye\jandex\3.2.0\jandex-3.2.0.jar;C:\Users\hyj74\.m2\repository\net\bytebuddy\byte-buddy\1.17.6\byte-buddy-1.17.6.jar;C:\Users\hyj74\.m2\repository\jakarta\xml\bind\jakarta.xml.bind-api\4.0.2\jakarta.xml.bind-api-4.0.2.jar;C:\Users\hyj74\.m2\repository\jakarta\activation\jakarta.activation-api\2.1.3\jakarta.activation-api-2.1.3.jar;C:\Users\hyj74\.m2\repository\org\glassfish\jaxb\jaxb-runtime\4.0.5\jaxb-runtime-4.0.5.jar;C:\Users\hyj74\.m2\repository\org\glassfish\jaxb\jaxb-core\4.0.5\jaxb-core-4.0.5.jar;C:\Users\hyj74\.m2\repository\org\eclipse\angus\angus-activation\2.0.2\angus-activation-2.0.2.jar;C:\Users\hyj74\.m2\repository\org\glassfish\jaxb\txw2\4.0.5\txw2-4.0.5.jar;C:\Users\hyj74\.m2\repository\com\sun\istack\istack-commons-runtime\4.1.2\istack-commons-runtime-4.1.2.jar;C:\Users\hyj74\.m2\repository\jakarta\inject\jakarta.inject-api\2.0.1\jakarta.inject-api-2.0.1.jar;C:\Users\hyj74\.m2\repository\org\antlr\antlr4-runtime\4.13.0\antlr4-runtime-4.13.0.jar;C:\Users\hyj74\.m2\repository\org\springframework\data\spring-data-jpa\3.5.1\spring-data-jpa-3.5.1.jar;C:\Users\hyj74\.m2\repository\org\springframework\data\spring-data-commons\3.5.1\spring-data-commons-3.5.1.jar;C:\Users\hyj74\.m2\repository\org\springframework\spring-orm\6.2.8\spring-orm-6.2.8.jar;C:\Users\hyj74\.m2\repository\org\springframework\spring-aop\6.2.8\spring-aop-6.2.8.jar;C:\Users\hyj74\.m2\repository\org\springframework\spring-tx\6.2.8\spring-tx-6.2.8.jar;C:\Users\hyj74\.m2\repository\org\springframework\spring-beans\6.2.8\spring-beans-6.2.8.jar;C:\Users\hyj74\.m2\repository\org\slf4j\slf4j-api\2.0.17\slf4j-api-2.0.17.jar;C:\Users\hyj74\.m2\repository\org\springframework\spring-aspects\6.2.8\spring-aspects-6.2.8.jar;C:\Users\hyj74\.m2\repository\org\aspectj\aspectjweaver\1.9.24\aspectjweaver-1.9.24.jar;C:\Users\hyj74\.m2\repository\org\springframework\boot\spring-boot-starter-web\3.5.3\spring-boot-starter-web-3.5.3.jar;C:\Users\hyj74\.m2\repository\org\springframework\boot\spring-boot-starter-json\3.5.3\spring-boot-starter-json-3.5.3.jar;C:\Users\hyj74\.m2\repository\com\fasterxml\jackson\core\jackson-databind\2.19.1\jackson-databind-2.19.1.jar;C:\Users\hyj74\.m2\repository\com\fasterxml\jackson\core\jackson-annotations\2.19.1\jackson-annotations-2.19.1.jar;C:\Users\hyj74\.m2\repository\com\fasterxml\jackson\core\jackson-core\2.19.1\jackson-core-2.19.1.jar;C:\Users\hyj74\.m2\repository\com\fasterxml\jackson\datatype\jackson-datatype-jdk8\2.19.1\jackson-datatype-jdk8-2.19.1.jar;C:\Users\hyj74\.m2\repository\com\fasterxml\jackson\datatype\jackson-datatype-jsr310\2.19.1\jackson-datatype-jsr310-2.19.1.jar;C:\Users\hyj74\.m2\repository\com\fasterxml\jackson\module\jackson-module-parameter-names\2.19.1\jackson-module-parameter-names-2.19.1.jar;C:\Users\hyj74\.m2\repository\org\springframework\boot\spring-boot-starter-tomcat\3.5.3\spring-boot-starter-tomcat-3.5.3.jar;C:\Users\hyj74\.m2\repository\org\apache\tomcat\embed\tomcat-embed-core\10.1.42\tomcat-embed-core-10.1.42.jar;C:\Users\hyj74\.m2\repository\org\apache\tomcat\embed\tomcat-embed-websocket\10.1.42\tomcat-embed-websocket-10.1.42.jar;C:\Users\hyj74\.m2\repository\org\springframework\spring-web\6.2.8\spring-web-6.2.8.jar;C:\Users\hyj74\.m2\repository\io\micrometer\micrometer-observation\1.15.1\micrometer-observation-1.15.1.jar;C:\Users\hyj74\.m2\repository\io\micrometer\micrometer-commons\1.15.1\micrometer-commons-1.15.1.jar;C:\Users\hyj74\.m2\repository\org\springframework\spring-webmvc\6.2.8\spring-webmvc-6.2.8.jar;C:\Users\hyj74\.m2\repository\org\springframework\spring-expression\6.2.8\spring-expression-6.2.8.jar;C:\Users\hyj74\.m2\repository\org\springframework\boot\spring-boot-starter-thymeleaf\3.5.3\spring-boot-starter-thymeleaf-3.5.3.jar;C:\Users\hyj74\.m2\repository\org\thymeleaf\thymeleaf-spring6\3.1.3.RELEASE\thymeleaf-spring6-3.1.3.RELEASE.jar;C:\Users\hyj74\.m2\repository\org\thymeleaf\thymeleaf\3.1.3.RELEASE\thymeleaf-3.1.3.RELEASE.jar;C:\Users\hyj74\.m2\repository\org\attoparser\attoparser\2.0.7.RELEASE\attoparser-2.0.7.RELEASE.jar;C:\Users\hyj74\.m2\repository\org\unbescape\unbescape\1.1.6.RELEASE\unbescape-1.1.6.RELEASE.jar;C:\Users\hyj74\.m2\repository\org\projectlombok\lombok\1.18.38\lombok-1.18.38.jar;C:\Users\hyj74\.m2\repository\com\mysql\mysql-connector-j\8.0.33\mysql-connector-j-8.0.33.jar
Launcher Type: SUN_STANDARD

[Global flags]
     intx CICompilerCount                          = 4                                         {product} {ergonomic}
     uint ConcGCThreads                            = 3                                         {product} {ergonomic}
     uint G1ConcRefinementThreads                  = 10                                        {product} {ergonomic}
   size_t G1HeapRegionSize                         = 2097152                                   {product} {ergonomic}
    uintx GCDrainStackTargetSize                   = 64                                        {product} {ergonomic}
   size_t InitialHeapSize                          = 266338304                                 {product} {ergonomic}
     bool ManagementServer                         = true                                      {product} {command line}
   size_t MarkStackSize                            = 4194304                                   {product} {ergonomic}
   size_t MaxHeapSize                              = 4250927104                                {product} {ergonomic}
   size_t MaxNewSize                               = 2550136832                                {product} {ergonomic}
   size_t MinHeapDeltaBytes                        = 2097152                                   {product} {ergonomic}
   size_t MinHeapSize                              = 8388608                                   {product} {ergonomic}
    uintx NonNMethodCodeHeapSize                   = 4096                                   {pd product} {ergonomic}
    uintx NonProfiledCodeHeapSize                  = 0                                      {pd product} {ergonomic}
     bool ProfileInterpreter                       = false                                  {pd product} {command line}
    uintx ProfiledCodeHeapSize                     = 0                                      {pd product} {ergonomic}
     bool ShowCodeDetailsInExceptionMessages       = true                                   {manageable} {command line}
   size_t SoftMaxHeapSize                          = 4250927104                             {manageable} {ergonomic}
     intx TieredStopAtLevel                        = 1                                         {product} {command line}
     bool UseCompressedOops                        = true                           {product lp64_product} {ergonomic}
     bool UseG1GC                                  = true                                      {product} {ergonomic}
     bool UseLargePagesIndividualAllocation        = false                                  {pd product} {ergonomic}

Logging:
Log output configuration:
 #0: stdout all=warning uptime,level,tags foldmultilines=false
 #1: stderr all=off uptime,level,tags foldmultilines=false

Environment Variables:
JAVA_HOME=C:\java\jdk-24.0.1
PATH=C:\sts-4.31.0.RELEASE\plugins\org.eclipse.justj.openjdk.hotspot.jre.full.win32.x86_64_21.0.7.v20250502-0916\jre\bin;C:/sts-4.31.0.RELEASE//plugins/org.eclipse.justj.openjdk.hotspot.jre.full.win32.x86_64_21.0.7.v20250502-0916/jre/bin/server;C:/sts-4.31.0.RELEASE//plugins/org.eclipse.justj.openjdk.hotspot.jre.full.win32.x86_64_21.0.7.v20250502-0916/jre/bin;C:\Program Files (x86)\NVIDIA Corporation\PhysX\Common;C:\WINDOWS\system32;C:\WINDOWS;C:\WINDOWS\System32\Wbem;C:\WINDOWS\System32\WindowsPowerShell\v1.0\;C:\WINDOWS\System32\OpenSSH\;C:\Program Files\nodejs\;C:\ffmpeg\bin;C:\PROGRA~1\JPKI;C:\Program Files\Git\cmd;C:\java\jdk-24.0.1\bin;C:\Program Files\MySQL\MySQL Shell 8.0\bin\;C:\Users\hyj74\AppData\Local\Microsoft\WindowsApps;C:\Users\hyj74\AppData\Roaming\npm;C:\Users\hyj74\AppData\Local\Programs\Microsoft VS Code\bin;C:\sts-4.31.0.RELEASE;
USERNAME=hyj74
OS=Windows_NT
PROCESSOR_IDENTIFIER=Intel64 Family 6 Model 151 Stepping 5, GenuineIntel
TMP=C:\Users\hyj74\AppData\Local\Temp
TEMP=C:\Users\hyj74\AppData\Local\Temp




Periodic native trim disabled

---------------  S Y S T E M  ---------------

OS:
 Windows 11 , 64 bit Build 26100 (10.0.26100.4484)
OS uptime: 1 days 17:52 hours
Hyper-V role detected

CPU: total 12 (initial active 12) (6 cores per cpu, 2 threads per core) family 6 model 151 stepping 5 microcode 0x23, cx8, cmov, fxsr, ht, mmx, 3dnowpref, sse, sse2, sse3, ssse3, sse4.1, sse4.2, popcnt, lzcnt, tsc, tscinvbit, avx, avx2, aes, erms, clmul, bmi1, bmi2, adx, sha, fma, vzeroupper, clflush, clflushopt, clwb, hv, serialize, rdtscp, rdpid, fsrm, f16c, cet_ibt, cet_ss
Processor Information for the first 12 processors :
  Max Mhz: 2500, Current Mhz: 2500, Mhz Limit: 2500

Memory: 4k page, system-wide physical 16211M (2119M free)
TotalPageFile size 33142M (AvailPageFile size 4265M)
current process WorkingSet (physical memory assigned to process): 277M, peak: 277M
current process commit charge ("private bytes"): 345M, peak: 385M

vm_info: OpenJDK 64-Bit Server VM (21.0.7+6-LTS) for windows-amd64 JRE (21.0.7+6-LTS), built on 2025-04-15T00:00:00Z by "admin" with MS VC++ 17.7 (VS2022)

END.
