#
# A fatal error has been detected by the Java Runtime Environment:
#
#  EXCEPTION_ACCESS_VIOLATION (0xc0000005) at pc=0x0000026948ea0fa4, pid=12640, tid=23756
#
# JRE version: OpenJDK Runtime Environment Temurin-21.0.7+6 (21.0.7+6) (build 21.0.7+6-LTS)
# Java VM: OpenJDK 64-Bit Server VM Temurin-21.0.7+6 (21.0.7+6-LTS, mixed mode, emulated-client, sharing, tiered, compressed oops, compressed class ptrs, g1 gc, windows-amd64)
# Problematic frame:
# v  ~BufferBlob::MethodHandles adapters 0x0000026948ea0fa4
#
# No core dump will be written. Minidumps are not enabled by default on client versions of Windows
#
# If you would like to submit a bug report, please visit:
#   https://github.com/adoptium/adoptium-support/issues
#

---------------  S U M M A R Y ------------

Command Line: -XX:+ShowCodeDetailsInExceptionMessages -agentlib:jdwp=transport=dt_socket,suspend=y,address=localhost:58999 -Dcom.sun.management.jmxremote -Dcom.sun.management.jmxremote.port=58993 -Dcom.sun.management.jmxremote.authenticate=false -Dcom.sun.management.jmxremote.ssl=false -Djava.rmi.server.hostname=localhost -Dspring.jmx.enabled=true -Dmanagement.endpoints.jmx.exposure.include=* -Dspring.application.admin.enabled=true -Dspring.output.ansi.enabled=always -XX:TieredStopAtLevel=1 -Dspring.boot.project.name=restaurant_info_tutorial -javaagent:C:\sts-4.31.0.RELEASE\configuration\org.eclipse.osgi\273\0\.cp\lib\javaagent-shaded.jar -Dfile.encoding=UTF-8 -Dstdout.encoding=UTF-8 -Dstderr.encoding=UTF-8 com.restaurant.RestaurantInfoApplication

Host: 12th Gen Intel(R) Core(TM) i5-12400F, 12 cores, 15G,  Windows 11 , 64 bit Build 26100 (10.0.26100.4484)
Time: Sun Jul 13 20:16:45 2025  Windows 11 , 64 bit Build 26100 (10.0.26100.4484) elapsed time: 2121.839304 seconds (0d 0h 35m 21s)

---------------  T H R E A D  ---------------

Current thread (0x000002695c02e420):  JavaThread "http-nio-8080-exec-1" daemon [_thread_in_Java, id=23756, stack(0x000000b255500000,0x000000b255600000) (1024K)]

Stack: [0x000000b255500000,0x000000b255600000],  sp=0x000000b2555fd198,  free space=1012k
Native frames: (J=compiled Java code, j=interpreted, Vv=VM code, C=native code)
C  0x0000026948ea0fa4

The last pc belongs to _linkToVirtual (printed below).

siginfo: EXCEPTION_ACCESS_VIOLATION (0xc0000005), reading address 0x0000027956a20438


Registers:
RAX=0x0000026948e7958b, RBX=0x0000000705acd398, RCX=0x000000b2555fd1b8, RDX=0x0000000000000005
RSP=0x000000b2555fd198, RBP=0x000000b2555fd200, RSI=0x000002695a218ff8, RDI=0x00000269594a81d0
R8 =0x0000000000000004, R9 =0x0000000000000004, R10=0x0000026956a20278, R11=0x0000000200000000
R12=0x0000000000000000, R13=0x000000b2555fd198, R14=0x000000b2555fd238, R15=0x000002695c02e420
RIP=0x0000026948ea0fa4, EFLAGS=0x0000000000010206

XMM[0]=0x0000000000000000 0x0000000000000000
XMM[1]=0x0000000000000000 0x0000000000000000
XMM[2]=0x0000000000000000 0x0000000000000000
XMM[3]=0x0000000000000000 0x0000000000000000
XMM[4]=0x0000000000000000 0x0000000000000000
XMM[5]=0x0000000000000000 0x0000000000000000
XMM[6]=0x0000000000000000 0x0000000000000000
XMM[7]=0x0000000000000000 0x0000000000000000
XMM[8]=0x0000000000000000 0x0000000000000000
XMM[9]=0x0000000000000000 0x0000000000000000
XMM[10]=0x0000000000000000 0x0000000000000000
XMM[11]=0x0000000000000000 0x0000000000000000
XMM[12]=0x0000000000000000 0x0000000000000000
XMM[13]=0x0000000000000000 0x0000000000000000
XMM[14]=0x0000000000000000 0x0000000000000000
XMM[15]=0x0000000000000000 0x0000000000000000
  MXCSR=0x00001fa0


Register to memory mapping:

RAX=0x0000026948e7958b is at code_begin+4363 in an Interpreter codelet
return entry points  [0x0000026948e78480, 0x0000026948e7a298]  7704 bytes
RBX=0x0000000705acd398 is an oop: org.springframework.validation.support.BindingAwareModelMap 
{0x0000000705acd398} - klass: 'org/springframework/validation/support/BindingAwareModelMap'
 - ---- fields (total size 8 words):
 - transient 'keySet' 'Ljava/util/Set;' @12  null (0x00000000)
 - transient 'values' 'Ljava/util/Collection;' @16  null (0x00000000)
 - transient 'size' 'I' @20  2 (0x00000002)
 - transient 'modCount' 'I' @24  2 (0x00000002)
 - 'threshold' 'I' @28  3 (0x00000003)
 - final 'loadFactor' 'F' @32  0.750000 (0x3f400000)
 - transient 'table' '[Ljava/util/HashMap$Node;' @36  a 'java/util/HashMap$Node'[4] {0x0000000705adb638} (0xe0b5b6c7)
 - transient 'entrySet' 'Ljava/util/Set;' @40  null (0x00000000)
 - transient 'putMode' 'I' @44  0 (0x00000000)
 - final 'accessOrder' 'Z' @48  false (0x00)
 - transient 'head' 'Ljava/util/LinkedHashMap$Entry;' @52  a 'java/util/LinkedHashMap$Entry'{0x0000000705adb658} (0xe0b5b6cb)
 - transient 'tail' 'Ljava/util/LinkedHashMap$Entry;' @56  a 'java/util/LinkedHashMap$Entry'{0x0000000705adb680} (0xe0b5b6d0)
RCX=0x000000b2555fd1b8 is pointing into the stack for thread: 0x000002695c02e420
RDX=0x0000000000000005 is an unknown value
RSP=0x000000b2555fd198 is pointing into the stack for thread: 0x000002695c02e420
RBP=0x000000b2555fd200 is pointing into the stack for thread: 0x000002695c02e420
RSI=0x000002695a218ff8 points into unknown readable memory: 0x800004007ad47993 | 93 79 d4 7a 00 04 00 80
RDI=0x00000269594a81d0 points into unknown readable memory: 0x0000003000000090 | 90 00 00 00 30 00 00 00
R8 =0x0000000000000004 is an unknown value
R9 =0x0000000000000004 is an unknown value
R10=0x0000026956a20278 is pointing into metadata
R11=0x0000000200000000 is an unknown value
R12=0x0 is null
R13=0x000000b2555fd198 is pointing into the stack for thread: 0x000002695c02e420
R14=0x000000b2555fd238 is pointing into the stack for thread: 0x000002695c02e420
R15=0x000002695c02e420 is a thread

Top of Stack: (sp=0x000000b2555fd198)
0x000000b2555fd198:   0000026948e7958b 0000000705e16188
0x000000b2555fd1a8:   0000000705ace530 0000000706f8c7e0
0x000000b2555fd1b8:   000000b2555fd1b8 0000026956a20278
0x000000b2555fd1c8:   0000000000000007 0000026956a203c8
0x000000b2555fd1d8:   0000000703238118 0000000703000120
0x000000b2555fd1e8:   0000026956a20288 000000b2555fd198
0x000000b2555fd1f8:   000000b2555fd240 000000b2555fd2b8
0x000000b2555fd208:   0000026948e7958b 0000000705adb8b8
0x000000b2555fd218:   0000000705acd398 0000000705e16188
0x000000b2555fd228:   0000000705ace530 0000000706f8c7e0
0x000000b2555fd238:   0000000705adba90 0000026948e7958b
0x000000b2555fd248:   0000000705acd398 0000000705e16188
0x000000b2555fd258:   0000000705ace530 0000000706f8c7e0
0x000000b2555fd268:   0000000705adba90 000000b2555fd270
0x000000b2555fd278:   000002695d50db2d 000000000000000f
0x000000b2555fd288:   000002695d50dc80 0000000000000000
0x000000b2555fd298:   0000000705aeaa98 000002695d50db40
0x000000b2555fd2a8:   000000b2555fd248 000000b2555fd340
0x000000b2555fd2b8:   000000b2555fd5e0 00000269497dd5b2
0x000000b2555fd2c8:   0000000705adba90 0000000706f8c7e0
0x000000b2555fd2d8:   0000000705adbfe8 0000000705e16188
0x000000b2555fd2e8:   0000000705adf5a8 0000000705acd398
0x000000b2555fd2f8:   0000000705ae2ea8 0000000705ace530
0x000000b2555fd308:   0000000705ae6bc8 0000000705acd398
0x000000b2555fd318:   0000000705e16188 0000000705ace530
0x000000b2555fd328:   0000000706f8c7e0 0000000705ae73d0
0x000000b2555fd338:   00000269497dcd9c 00000007054356a0
0x000000b2555fd348:   0000000705aeabb0 0000000705ae73d0
0x000000b2555fd358:   0000000700000001 00000007054356a0
0x000000b2555fd368:   0000000703c5b290 0000000706f8b4c0
0x000000b2555fd378:   0000000705adb218 000000b2555fd5e0
0x000000b2555fd388:   0000026949216ddc 0000004100000000 

Instructions: (pc=0x0000026948ea0fa4)
0x0000026948ea0ea4:   69 02 00 00 00 0f ea 48 69 02 00 00 80 1f ea 48
0x0000026948ea0eb4:   69 02 00 00 f0 0e ea 48 69 02 00 00 f0 0e ea 48
0x0000026948ea0ec4:   69 02 00 00 00 00 00 00 00 00 00 00 38 87 72 49
0x0000026948ea0ed4:   ff 7f 00 00 f0 10 00 00 60 00 00 00 ff ff ff ff
0x0000026948ea0ee4:   f0 10 00 00 00 00 00 00 00 00 00 00 00 00 00 00
0x0000026948ea0ef4:   00 00 00 00 00 00 00 00 00 00 00 00 f4 66 66 66
0x0000026948ea0f04:   0f 1f 84 00 00 00 00 00 66 66 66 90 66 66 66 0f
0x0000026948ea0f14:   1f 84 00 00 00 00 00 66 66 66 90 90 48 8b 53 08
0x0000026948ea0f24:   0f b7 52 2e 48 8b 0c d4 8b 59 14 48 c1 e3 03 8b
0x0000026948ea0f34:   5b 28 48 c1 e3 03 8b 5b 24 48 c1 e3 03 48 8b 5b
0x0000026948ea0f44:   10 48 85 db 0f 84 10 00 00 00 41 80 bf d8 05 00
0x0000026948ea0f54:   00 00 74 03 ff 63 38 ff 63 50 e9 9d 16 00 00 66
0x0000026948ea0f64:   66 66 0f 1f 84 00 00 00 00 00 66 66 66 90 66 66
0x0000026948ea0f74:   0f 1f 84 00 00 00 00 00 66 66 66 90 48 8b 53 08
0x0000026948ea0f84:   0f b7 52 2e 48 8b 0c d4 58 5b 50 44 8b 51 08 49
0x0000026948ea0f94:   bb 00 00 00 00 69 02 00 00 4d 03 d3 4c 8b 5b 10
0x0000026948ea0fa4:   4b 8b 9c da c0 01 00 00 48 85 db 0f 84 10 00 00
0x0000026948ea0fb4:   00 41 80 bf d8 05 00 00 00 74 03 ff 63 38 ff 63
0x0000026948ea0fc4:   50 e9 36 16 00 00 66 66 66 0f 1f 84 00 00 00 00
0x0000026948ea0fd4:   00 66 66 66 90 0f 1f 80 00 00 00 00 58 5b 50 8b
0x0000026948ea0fe4:   5b 24 48 c1 e3 03 48 8b 5b 10 48 85 db 0f 84 10
0x0000026948ea0ff4:   00 00 00 41 80 bf d8 05 00 00 00 74 03 ff 63 38
0x0000026948ea1004:   ff 63 50 e9 f4 15 00 00 66 66 66 0f 1f 84 00 00
0x0000026948ea1014:   00 00 00 66 66 66 90 0f 1f 44 00 00 48 8b 53 08
0x0000026948ea1024:   0f b7 52 2e 48 8b 0c d4 58 5b 50 48 3b 01 8b 5b
0x0000026948ea1034:   24 48 c1 e3 03 48 8b 5b 10 48 85 db 0f 84 10 00
0x0000026948ea1044:   00 00 41 80 bf d8 05 00 00 00 74 03 ff 63 38 ff
0x0000026948ea1054:   63 50 e9 a5 15 00 00 0f 1f 44 00 00 48 8b 53 08
0x0000026948ea1064:   0f b7 52 2e 48 8b 0c d4 58 5b 50 44 8b 51 08 49
0x0000026948ea1074:   bb 00 00 00 00 69 02 00 00 4d 03 d3 8b 43 18 48
0x0000026948ea1084:   c1 e0 03 48 8b 40 10 48 8b 5b 10 45 8b 9a a0 00
0x0000026948ea1094:   00 00 4f 8d 9c da c0 01 00 00 4d 8d 14 da 49 8b 


Stack slot to memory mapping:

stack at sp + 0 slots: 0x0000026948e7958b is at code_begin+4363 in an Interpreter codelet
return entry points  [0x0000026948e78480, 0x0000026948e7a298]  7704 bytes
stack at sp + 1 slots: 0x0000000705e16188 is an oop: org.apache.catalina.connector.RequestFacade 
{0x0000000705e16188} - klass: 'org/apache/catalina/connector/RequestFacade'
 - ---- fields (total size 2 words):
 - protected 'request' 'Lorg/apache/catalina/connector/Request;' @12  a 'org/apache/catalina/connector/Request'{0x0000000705e0b6f8} (0xe0bc16df)
stack at sp + 2 slots: 0x0000000705ace530 is an oop: com.restaurant.form.MenuForm 
{0x0000000705ace530} - klass: 'com/restaurant/form/MenuForm'
 - ---- fields (total size 4 words):
 - private 'StoreId' 'I' @12  0 (0x00000000)
 - private 'permission' 'I' @16  0 (0x00000000)
 - private 'menuDtoList' 'Ljava/util/List;' @20  null (0x00000000)
 - private 'menuDto' 'Lcom/restaurant/dto/MenuDto;' @24  null (0x00000000)
 - private 'storeDto' 'Lcom/restaurant/dto/StoreDto;' @28  null (0x00000000)
stack at sp + 3 slots: 0x0000000706f8c7e0 is an oop: com.restaurant.controller.MenuController 
{0x0000000706f8c7e0} - klass: 'com/restaurant/controller/MenuController'
 - ---- fields (total size 2 words):
 - 'service' 'Lcom/restaurant/service/MenuService;' @12  a 'com/restaurant/service/impl/MenuServiceImpl'{0x0000000706f92488} (0xe0df2491)
stack at sp + 4 slots: 0x000000b2555fd1b8 is pointing into the stack for thread: 0x000002695c02e420
stack at sp + 5 slots: 0x0000026956a20278 is pointing into metadata
stack at sp + 6 slots: 0x0000000000000007 is an unknown value
stack at sp + 7 slots: 0x0000026956a203c8 is pointing into metadata

MethodHandle::interpreter_entry::_linkToVirtual [0x0000026948ea0f63, 0x0000026948ea0fca] (103 bytes)
[MachCode]
  0x0000026948ea0f63: 6666 660f | 1f84 0000 | 0000 0066 | 6666 9066 | 660f 1f84 | 0000 0000 | 0066 6666 | 9048 8b53 
  0x0000026948ea0f83: 080f b752 | 2e48 8b0c | d458 5b50 | 448b 5108 | 49bb 0000 | 0000 6902 | 0000 4d03 | d34c 8b5b 
  0x0000026948ea0fa3: 104b 8b9c | dac0 0100 | 0048 85db | 0f84 1000 | 0000 4180 | bfd8 0500 | 0000 7403 | ff63 38ff 
  0x0000026948ea0fc3: 6350 e936 | 
[/MachCode]

---------------  P R O C E S S  ---------------

Threads class SMR info:
_java_thread_list=0x000002695c1b79c0, length=38, elements={
0x00000269545e12f0, 0x00000269545e1d40, 0x00000269545e3c60, 0x00000269545e6ba0,
0x00000269545ea140, 0x00000269545eba00, 0x00000269545f6d50, 0x00000269547004f0,
0x000002695478d340, 0x000002695479a080, 0x000002695479a700, 0x00000269591e8830,
0x000002695941c0d0, 0x000002695942e6a0, 0x000002695950a470, 0x0000026959aab8c0,
0x0000026959aac730, 0x0000026959abede0, 0x0000026959ac0190, 0x000002695bd7d940,
0x000002695bd80dc0, 0x000002695c02a280, 0x000002695c028ed0, 0x000002695c029560,
0x000002695c029bf0, 0x000002695c02e420, 0x000002695c02c350, 0x000002695c02c9e0,
0x000002695c02dd90, 0x000002695c02d070, 0x000002695bd7bf00, 0x000002695bd7d2b0,
0x000002695bd7dfd0, 0x000002695bd7e660, 0x000002695bd7f380, 0x000002695bd7ecf0,
0x000002695bd7c590, 0x000002695bd800a0
}

Java Threads: ( => current thread )
  0x00000269545e12f0 JavaThread "Reference Handler"          daemon [_thread_blocked, id=15772, stack(0x000000b253400000,0x000000b253500000) (1024K)]
  0x00000269545e1d40 JavaThread "Finalizer"                  daemon [_thread_blocked, id=24056, stack(0x000000b253500000,0x000000b253600000) (1024K)]
  0x00000269545e3c60 JavaThread "Signal Dispatcher"          daemon [_thread_blocked, id=32304, stack(0x000000b253600000,0x000000b253700000) (1024K)]
  0x00000269545e6ba0 JavaThread "Attach Listener"            daemon [_thread_blocked, id=21056, stack(0x000000b253700000,0x000000b253800000) (1024K)]
  0x00000269545ea140 JavaThread "Service Thread"             daemon [_thread_blocked, id=31892, stack(0x000000b253800000,0x000000b253900000) (1024K)]
  0x00000269545eba00 JavaThread "Monitor Deflation Thread"   daemon [_thread_blocked, id=392, stack(0x000000b253900000,0x000000b253a00000) (1024K)]
  0x00000269545f6d50 JavaThread "C1 CompilerThread0"         daemon [_thread_blocked, id=31200, stack(0x000000b253a00000,0x000000b253b00000) (1024K)]
  0x00000269547004f0 JavaThread "Common-Cleaner"             daemon [_thread_blocked, id=10544, stack(0x000000b253b00000,0x000000b253c00000) (1024K)]
  0x000002695478d340 JavaThread "JDWP Transport Listener: dt_socket" daemon [_thread_blocked, id=34912, stack(0x000000b253e00000,0x000000b253f00000) (1024K)]
  0x000002695479a080 JavaThread "JDWP Event Helper Thread"   daemon [_thread_blocked, id=2884, stack(0x000000b253f00000,0x000000b254000000) (1024K)]
  0x000002695479a700 JavaThread "JDWP Command Reader"        daemon [_thread_in_native, id=35452, stack(0x000000b254000000,0x000000b254100000) (1024K)]
  0x00000269591e8830 JavaThread "Notification Thread"        daemon [_thread_blocked, id=7960, stack(0x000000b254100000,0x000000b254200000) (1024K)]
  0x000002695941c0d0 JavaThread "RMI TCP Accept-0"           daemon [_thread_in_native, id=34704, stack(0x000000b254b00000,0x000000b254c00000) (1024K)]
  0x000002695942e6a0 JavaThread "RMI TCP Accept-58993"       daemon [_thread_in_native, id=34060, stack(0x000000b254c00000,0x000000b254d00000) (1024K)]
  0x000002695950a470 JavaThread "RMI TCP Accept-0"           daemon [_thread_in_native, id=21104, stack(0x000000b254d00000,0x000000b254e00000) (1024K)]
  0x0000026959aab8c0 JavaThread "RMI Scheduler(0)"           daemon [_thread_blocked, id=19040, stack(0x000000b255200000,0x000000b255300000) (1024K)]
  0x0000026959aac730 JavaThread "RMI TCP Connection(37)-127.0.0.1" daemon [_thread_in_native, id=27800, stack(0x000000b255300000,0x000000b255400000) (1024K)]
  0x0000026959abede0 JavaThread "JMX server connection timeout 43" daemon [_thread_blocked, id=23128, stack(0x000000b255400000,0x000000b255500000) (1024K)]
  0x0000026959ac0190 JavaThread "mysql-cj-abandoned-connection-cleanup" daemon [_thread_blocked, id=31372, stack(0x000000b255a00000,0x000000b255b00000) (1024K)]
  0x000002695bd7d940 JavaThread "Live Reload Server"         daemon [_thread_in_native, id=35540, stack(0x000000b256000000,0x000000b256100000) (1024K)]
  0x000002695bd80dc0 JavaThread "DestroyJavaVM"                     [_thread_blocked, id=31300, stack(0x000000b252c00000,0x000000b252d00000) (1024K)]
  0x000002695c02a280 JavaThread "Catalina-utility-1"                [_thread_blocked, id=13176, stack(0x000000b252b00000,0x000000b252c00000) (1024K)]
  0x000002695c028ed0 JavaThread "Catalina-utility-2"                [_thread_blocked, id=14164, stack(0x000000b253c00000,0x000000b253d00000) (1024K)]
  0x000002695c029560 JavaThread "container-0"                       [_thread_blocked, id=23600, stack(0x000000b253d00000,0x000000b253e00000) (1024K)]
  0x000002695c029bf0 JavaThread "HikariPool-38:housekeeper"  daemon [_thread_blocked, id=25444, stack(0x000000b254200000,0x000000b254300000) (1024K)]
=>0x000002695c02e420 JavaThread "http-nio-8080-exec-1"       daemon [_thread_in_Java, id=23756, stack(0x000000b255500000,0x000000b255600000) (1024K)]
  0x000002695c02c350 JavaThread "http-nio-8080-exec-2"       daemon [_thread_blocked, id=24840, stack(0x000000b255800000,0x000000b255900000) (1024K)]
  0x000002695c02c9e0 JavaThread "http-nio-8080-exec-3"       daemon [_thread_blocked, id=34716, stack(0x000000b255900000,0x000000b255a00000) (1024K)]
  0x000002695c02dd90 JavaThread "http-nio-8080-exec-4"       daemon [_thread_blocked, id=32044, stack(0x000000b255b00000,0x000000b255c00000) (1024K)]
  0x000002695c02d070 JavaThread "http-nio-8080-exec-5"       daemon [_thread_blocked, id=9248, stack(0x000000b255c00000,0x000000b255d00000) (1024K)]
  0x000002695bd7bf00 JavaThread "http-nio-8080-exec-6"       daemon [_thread_blocked, id=32756, stack(0x000000b255d00000,0x000000b255e00000) (1024K)]
  0x000002695bd7d2b0 JavaThread "http-nio-8080-exec-7"       daemon [_thread_blocked, id=24384, stack(0x000000b255e00000,0x000000b255f00000) (1024K)]
  0x000002695bd7dfd0 JavaThread "http-nio-8080-exec-8"       daemon [_thread_blocked, id=35140, stack(0x000000b255f00000,0x000000b256000000) (1024K)]
  0x000002695bd7e660 JavaThread "http-nio-8080-exec-9"       daemon [_thread_blocked, id=16564, stack(0x000000b256100000,0x000000b256200000) (1024K)]
  0x000002695bd7f380 JavaThread "http-nio-8080-exec-10"      daemon [_thread_blocked, id=16044, stack(0x000000b256200000,0x000000b256300000) (1024K)]
  0x000002695bd7ecf0 JavaThread "http-nio-8080-Poller"       daemon [_thread_in_native, id=14816, stack(0x000000b256300000,0x000000b256400000) (1024K)]
  0x000002695bd7c590 JavaThread "Thread-151"                        [_thread_blocked, id=33688, stack(0x000000b252a00000,0x000000b252b00000) (1024K)]
  0x000002695bd800a0 JavaThread "tomcat-shutdown"                   [_thread_blocked, id=23408, stack(0x000000b255000000,0x000000b255100000) (1024K)]
Total: 38

Other Threads:
  0x00000269545c7720 VMThread "VM Thread"                           [id=29292, stack(0x000000b253300000,0x000000b253400000) (1024K)]
  0x00000269545b33f0 WatcherThread "VM Periodic Task Thread"        [id=5516, stack(0x000000b253200000,0x000000b253300000) (1024K)]
  0x00000269454e3b30 WorkerThread "GC Thread#0"                     [id=35048, stack(0x000000b252d00000,0x000000b252e00000) (1024K)]
  0x00000269593e1b00 WorkerThread "GC Thread#1"                     [id=24664, stack(0x000000b254300000,0x000000b254400000) (1024K)]
  0x00000269593e1ea0 WorkerThread "GC Thread#2"                     [id=27260, stack(0x000000b254400000,0x000000b254500000) (1024K)]
  0x00000269593e2240 WorkerThread "GC Thread#3"                     [id=33816, stack(0x000000b254500000,0x000000b254600000) (1024K)]
  0x00000269593e29f0 WorkerThread "GC Thread#4"                     [id=23828, stack(0x000000b254600000,0x000000b254700000) (1024K)]
  0x00000269593e2d90 WorkerThread "GC Thread#5"                     [id=24832, stack(0x000000b254700000,0x000000b254800000) (1024K)]
  0x00000269594001a0 WorkerThread "GC Thread#6"                     [id=19264, stack(0x000000b254800000,0x000000b254900000) (1024K)]
  0x0000026959400540 WorkerThread "GC Thread#7"                     [id=30372, stack(0x000000b254900000,0x000000b254a00000) (1024K)]
  0x0000026959408d00 WorkerThread "GC Thread#8"                     [id=31064, stack(0x000000b254a00000,0x000000b254b00000) (1024K)]
  0x00000269598c2f80 WorkerThread "GC Thread#9"                     [id=32048, stack(0x000000b254e00000,0x000000b254f00000) (1024K)]
  0x00000269454f1950 ConcurrentGCThread "G1 Main Marker"            [id=8532, stack(0x000000b252e00000,0x000000b252f00000) (1024K)]
  0x00000269439dead0 WorkerThread "G1 Conc#0"                       [id=28116, stack(0x000000b252f00000,0x000000b253000000) (1024K)]
  0x00000269598c3320 WorkerThread "G1 Conc#1"                       [id=31168, stack(0x000000b255600000,0x000000b255700000) (1024K)]
  0x00000269598c2100 WorkerThread "G1 Conc#2"                       [id=34712, stack(0x000000b255700000,0x000000b255800000) (1024K)]
  0x0000026954483a00 ConcurrentGCThread "G1 Refine#0"               [id=35164, stack(0x000000b253000000,0x000000b253100000) (1024K)]
  0x0000026954484380 ConcurrentGCThread "G1 Service"                [id=27084, stack(0x000000b253100000,0x000000b253200000) (1024K)]
Total: 18

Threads with active compile tasks:
Total: 0

VM state: not at safepoint (normal execution)

VM Mutex/Monitor currently owned by a thread: None

Heap address: 0x0000000702a00000, size: 4054 MB, Compressed Oops mode: Zero based, Oop shift amount: 3

CDS archive(s) mapped at: [0x0000026900000000-0x0000026900c80000-0x0000026900c80000), size 13107200, SharedBaseAddress: 0x0000026900000000, ArchiveRelocationMode: 1.
Compressed class space mapped at: 0x0000026901000000-0x0000026941000000, reserved size: 1073741824
Narrow klass base: 0x0000026900000000, Narrow klass shift: 0, Narrow klass range: 0x100000000

GC Precious Log:
 CardTable entry size: 512
 Card Set container configuration: InlinePtr #cards 4 size 8 Array Of Cards #cards 16 size 48 Howl #buckets 8 coarsen threshold 3686 Howl Bitmap #cards 512 size 80 coarsen threshold 460 Card regions per heap region 1 cards per card region 4096
 CPUs: 12 total, 12 available
 Memory: 16211M
 Large Page Support: Disabled
 NUMA Support: Disabled
 Compressed Oops: Enabled (Zero based)
 Heap Region Size: 2M
 Heap Min Capacity: 8M
 Heap Initial Capacity: 254M
 Heap Max Capacity: 4054M
 Pre-touch: Disabled
 Parallel Workers: 10
 Concurrent Workers: 3
 Concurrent Refinement Workers: 10
 Periodic GC: Disabled

Heap:
 garbage-first heap   total 83968K, used 64948K [0x0000000702a00000, 0x0000000800000000)
  region size 2048K, 19 young (38912K), 2 survivors (4096K)
 Metaspace       used 79827K, committed 81024K, reserved 1179648K
  class space    used 10394K, committed 11008K, reserved 1048576K

Heap Regions: E=young(eden), S=young(survivor), O=old, HS=humongous(starts), HC=humongous(continues), CS=collection set, F=free, TAMS=top-at-mark-start, PB=parsable bottom
|   0|0x0000000702a00000, 0x0000000702c00000, 0x0000000702c00000|100%| O|  |TAMS 0x0000000702a00000| PB 0x0000000702a00000| Untracked 
|   1|0x0000000702c00000, 0x0000000702dfffe8, 0x0000000702e00000| 99%| O|  |TAMS 0x0000000702c00000| PB 0x0000000702c00000| Untracked 
|   2|0x0000000702e00000, 0x0000000703000000, 0x0000000703000000|100%| O|  |TAMS 0x0000000702e00000| PB 0x0000000702e00000| Untracked 
|   3|0x0000000703000000, 0x00000007031ffff8, 0x0000000703200000| 99%| O|  |TAMS 0x0000000703000000| PB 0x0000000703000000| Untracked 
|   4|0x0000000703200000, 0x00000007033fffd8, 0x0000000703400000| 99%| O|  |TAMS 0x0000000703200000| PB 0x0000000703200000| Untracked 
|   5|0x0000000703400000, 0x00000007035ffff8, 0x0000000703600000| 99%| O|  |TAMS 0x0000000703400000| PB 0x0000000703400000| Untracked 
|   6|0x0000000703600000, 0x0000000703800000, 0x0000000703800000|100%| O|  |TAMS 0x0000000703600000| PB 0x0000000703600000| Untracked 
|   7|0x0000000703800000, 0x00000007039ffff8, 0x0000000703a00000| 99%| O|  |TAMS 0x0000000703800000| PB 0x0000000703800000| Untracked 
|   8|0x0000000703a00000, 0x0000000703bfffe0, 0x0000000703c00000| 99%| O|  |TAMS 0x0000000703a00000| PB 0x0000000703a00000| Untracked 
|   9|0x0000000703c00000, 0x0000000703dfffd8, 0x0000000703e00000| 99%| O|  |TAMS 0x0000000703c00000| PB 0x0000000703c00000| Untracked 
|  10|0x0000000703e00000, 0x0000000703fffff0, 0x0000000704000000| 99%| O|  |TAMS 0x0000000703e00000| PB 0x0000000703e00000| Untracked 
|  11|0x0000000704000000, 0x00000007041fffe8, 0x0000000704200000| 99%| O|  |TAMS 0x0000000704000000| PB 0x0000000704000000| Untracked 
|  12|0x0000000704200000, 0x00000007043fffd0, 0x0000000704400000| 99%| O|  |TAMS 0x0000000704200000| PB 0x0000000704200000| Untracked 
|  13|0x0000000704400000, 0x00000007045cde48, 0x0000000704600000| 90%| O|  |TAMS 0x0000000704400000| PB 0x0000000704400000| Untracked 
|  14|0x0000000704600000, 0x0000000704645df0, 0x0000000704800000| 13%| O|  |TAMS 0x0000000704600000| PB 0x0000000704600000| Untracked 
|  15|0x0000000704800000, 0x00000007048c4738, 0x0000000704a00000| 38%| O|  |TAMS 0x0000000704800000| PB 0x0000000704800000| Untracked 
|  16|0x0000000704a00000, 0x0000000704a95168, 0x0000000704c00000| 29%| O|  |TAMS 0x0000000704a00000| PB 0x0000000704a00000| Untracked 
|  17|0x0000000704c00000, 0x0000000704c00000, 0x0000000704e00000|  0%| F|  |TAMS 0x0000000704c00000| PB 0x0000000704c00000| Untracked 
|  18|0x0000000704e00000, 0x0000000704e00000, 0x0000000705000000|  0%| F|  |TAMS 0x0000000704e00000| PB 0x0000000704e00000| Untracked 
|  19|0x0000000705000000, 0x0000000705000000, 0x0000000705200000|  0%| F|  |TAMS 0x0000000705000000| PB 0x0000000705000000| Untracked 
|  20|0x0000000705200000, 0x0000000705400000, 0x0000000705400000|100%| S|CS|TAMS 0x0000000705200000| PB 0x0000000705200000| Complete 
|  21|0x0000000705400000, 0x0000000705600000, 0x0000000705600000|100%| S|CS|TAMS 0x0000000705400000| PB 0x0000000705400000| Complete 
|  22|0x0000000705600000, 0x0000000705600000, 0x0000000705800000|  0%| F|  |TAMS 0x0000000705600000| PB 0x0000000705600000| Untracked 
|  23|0x0000000705800000, 0x0000000705800000, 0x0000000705a00000|  0%| F|  |TAMS 0x0000000705800000| PB 0x0000000705800000| Untracked 
|  24|0x0000000705a00000, 0x0000000705b9d888, 0x0000000705c00000| 80%| E|  |TAMS 0x0000000705a00000| PB 0x0000000705a00000| Complete 
|  25|0x0000000705c00000, 0x0000000705e00000, 0x0000000705e00000|100%| E|CS|TAMS 0x0000000705c00000| PB 0x0000000705c00000| Complete 
|  26|0x0000000705e00000, 0x0000000706000000, 0x0000000706000000|100%| E|CS|TAMS 0x0000000705e00000| PB 0x0000000705e00000| Complete 
|  27|0x0000000706000000, 0x0000000706200000, 0x0000000706200000|100%| E|CS|TAMS 0x0000000706000000| PB 0x0000000706000000| Complete 
|  28|0x0000000706200000, 0x0000000706400000, 0x0000000706400000|100%| E|CS|TAMS 0x0000000706200000| PB 0x0000000706200000| Complete 
|  29|0x0000000706400000, 0x0000000706600000, 0x0000000706600000|100%| E|CS|TAMS 0x0000000706400000| PB 0x0000000706400000| Complete 
|  30|0x0000000706600000, 0x0000000706800000, 0x0000000706800000|100%| E|CS|TAMS 0x0000000706600000| PB 0x0000000706600000| Complete 
|  31|0x0000000706800000, 0x0000000706a00000, 0x0000000706a00000|100%| E|CS|TAMS 0x0000000706800000| PB 0x0000000706800000| Complete 
|  32|0x0000000706a00000, 0x0000000706c00000, 0x0000000706c00000|100%| E|CS|TAMS 0x0000000706a00000| PB 0x0000000706a00000| Complete 
|  33|0x0000000706c00000, 0x0000000706e00000, 0x0000000706e00000|100%| E|CS|TAMS 0x0000000706c00000| PB 0x0000000706c00000| Complete 
|  34|0x0000000706e00000, 0x0000000707000000, 0x0000000707000000|100%| E|CS|TAMS 0x0000000706e00000| PB 0x0000000706e00000| Complete 
|  35|0x0000000707000000, 0x0000000707200000, 0x0000000707200000|100%| E|CS|TAMS 0x0000000707000000| PB 0x0000000707000000| Complete 
|  36|0x0000000707200000, 0x0000000707400000, 0x0000000707400000|100%| E|CS|TAMS 0x0000000707200000| PB 0x0000000707200000| Complete 
|  37|0x0000000707400000, 0x0000000707600000, 0x0000000707600000|100%| E|  |TAMS 0x0000000707400000| PB 0x0000000707400000| Complete 
|  38|0x0000000707600000, 0x0000000707800000, 0x0000000707800000|100%| E|CS|TAMS 0x0000000707600000| PB 0x0000000707600000| Complete 
|  39|0x0000000707800000, 0x0000000707a00000, 0x0000000707a00000|100%| E|CS|TAMS 0x0000000707800000| PB 0x0000000707800000| Complete 
| 126|0x0000000712600000, 0x0000000712800000, 0x0000000712800000|100%| E|CS|TAMS 0x0000000712600000| PB 0x0000000712600000| Complete 

Card table byte_map: [0x000002694d180000,0x000002694d970000] _byte_map_base: 0x000002694996b000

Marking Bits: (CMBitMap*) 0x00000269454e4950
 Bits: [0x000002694d970000, 0x00000269518c8000)

Polling page: 0x0000026943b50000

Metaspace:

Usage:
  Non-class:     67.81 MB used.
      Class:     10.15 MB used.
       Both:     77.96 MB used.

Virtual space:
  Non-class space:      128.00 MB reserved,      68.38 MB ( 53%) committed,  2 nodes.
      Class space:        1.00 GB reserved,      10.75 MB (  1%) committed,  1 nodes.
             Both:        1.12 GB reserved,      79.12 MB (  7%) committed. 

Chunk freelists:
   Non-Class:  10.95 MB
       Class:  5.15 MB
        Both:  16.10 MB

MaxMetaspaceSize: unlimited
CompressedClassSpaceSize: 1.00 GB
Initial GC threshold: 21.00 MB
Current GC threshold: 131.56 MB
CDS: on
 - commit_granule_bytes: 65536.
 - commit_granule_words: 8192.
 - virtual_space_node_default_size: 8388608.
 - enlarge_chunks_in_place: 1.
 - use_allocation_guard: 0.


Internal statistics:

num_allocs_failed_limit: 6.
num_arena_births: 2354.
num_arena_deaths: 1330.
num_vsnodes_births: 3.
num_vsnodes_deaths: 0.
num_space_committed: 1266.
num_space_uncommitted: 0.
num_chunks_returned_to_freelist: 1636.
num_chunks_taken_from_freelist: 6204.
num_chunk_merges: 342.
num_chunk_splits: 3398.
num_chunks_enlarged: 2254.
num_inconsistent_stats: 0.

CodeCache: size=49152Kb used=21321Kb max_used=25139Kb free=27830Kb
 bounds [0x0000026948e70000, 0x000002694a800000, 0x000002694be70000]
 total_blobs=10416 nmethods=9650 adapters=689
 compilation: enabled
              stopped_count=0, restarted_count=0
 full_count=0

Compilation events (20 events):
Event: 2116.687 Thread 0x000002695c0fbf60 nmethod 17771 0x000002694a074810 code [0x000002694a0749c0, 0x000002694a074b08]
Event: 2116.687 Thread 0x000002695c0fbf60 17773       1       java.lang.invoke.LambdaForm::useCount (61 bytes)
Event: 2116.687 Thread 0x00000269545f6d50 nmethod 17772 0x000002694a048b10 code [0x000002694a048ce0, 0x000002694a048f28]
Event: 2116.687 Thread 0x000002695c0fbf60 nmethod 17773 0x000002694a0ee810 code [0x000002694a0ee9c0, 0x000002694a0eeb58]
Event: 2116.687 Thread 0x00000269545f6d50 17774       1       java.lang.invoke.LambdaForm$BasicType::basicType (8 bytes)
Event: 2116.687 Thread 0x000002695c0fbf60 17775       1       sun.invoke.util.Wrapper::basicTypeChar (18 bytes)
Event: 2116.687 Thread 0x000002695c0fbf60 nmethod 17775 0x000002694a07cd90 code [0x000002694a07cf40, 0x000002694a07d070]
Event: 2116.687 Thread 0x000002695c0fbf60 17776       1       java.lang.invoke.MemberName::allFlagsSet (16 bytes)
Event: 2116.687 Thread 0x00000269545f6d50 nmethod 17774 0x000002694a08f890 code [0x000002694a08fa40, 0x000002694a08fb70]
Event: 2116.687 Thread 0x000002695c0fbf60 nmethod 17776 0x00000269497b1190 code [0x00000269497b1320, 0x00000269497b1400]
Event: 2116.687 Thread 0x00000269545f6d50 17777       1       java.lang.invoke.InvokerBytecodeGenerator::emitPushArgument (150 bytes)
Event: 2116.687 Thread 0x000002695c0fbf60 17778       1       java.lang.invoke.InvokerBytecodeGenerator::emitLoadInsn (21 bytes)
Event: 2116.687 Thread 0x000002695c0fbf60 nmethod 17778 0x000002694a0eff90 code [0x000002694a0f0140, 0x000002694a0f02b8]
Event: 2116.687 Thread 0x000002695c0fbf60 17779       1       java.lang.invoke.InvokerBytecodeGenerator::loadInsnOpcode (98 bytes)
Event: 2116.687 Thread 0x000002695c0fbf60 nmethod 17779 0x0000026949fe5110 code [0x0000026949fe5320, 0x0000026949fe5788]
Event: 2116.687 Thread 0x000002695c0fbf60 17781       1       java.lang.invoke.MemberName::isMethod (8 bytes)
Event: 2116.687 Thread 0x00000269545f6d50 nmethod 17777 0x000002694938de90 code [0x000002694938e120, 0x000002694938e738]
Event: 2116.687 Thread 0x00000269545f6d50 17780       1       java.lang.invoke.MethodType::toFieldDescriptorString (5 bytes)
Event: 2116.687 Thread 0x000002695c0fbf60 nmethod 17781 0x00000269497b2d10 code [0x00000269497b2ea0, 0x00000269497b2f88]
Event: 2116.687 Thread 0x00000269545f6d50 nmethod 17780 0x000002694a0edb10 code [0x000002694a0edcc0, 0x000002694a0eddd8]

GC Heap History (20 events):
Event: 2084.447 GC heap before
{Heap before GC invocations=103 (full 33):
 garbage-first heap   total 83968K, used 66308K [0x0000000702a00000, 0x0000000800000000)
  region size 2048K, 19 young (38912K), 0 survivors (0K)
 Metaspace       used 78716K, committed 79872K, reserved 1179648K
  class space    used 10290K, committed 10880K, reserved 1048576K
}
Event: 2084.448 GC heap after
{Heap after GC invocations=104 (full 33):
 garbage-first heap   total 83968K, used 33611K [0x0000000702a00000, 0x0000000800000000)
  region size 2048K, 3 young (6144K), 3 survivors (6144K)
 Metaspace       used 78716K, committed 79872K, reserved 1179648K
  class space    used 10290K, committed 10880K, reserved 1048576K
}
Event: 2084.688 GC heap before
{Heap before GC invocations=104 (full 33):
 garbage-first heap   total 83968K, used 62283K [0x0000000702a00000, 0x0000000800000000)
  region size 2048K, 18 young (36864K), 3 survivors (6144K)
 Metaspace       used 78901K, committed 80128K, reserved 1179648K
  class space    used 10301K, committed 10944K, reserved 1048576K
}
Event: 2084.690 GC heap after
{Heap after GC invocations=105 (full 33):
 garbage-first heap   total 83968K, used 34267K [0x0000000702a00000, 0x0000000800000000)
  region size 2048K, 1 young (2048K), 1 survivors (2048K)
 Metaspace       used 78901K, committed 80128K, reserved 1179648K
  class space    used 10301K, committed 10944K, reserved 1048576K
}
Event: 2088.084 GC heap before
{Heap before GC invocations=105 (full 33):
 garbage-first heap   total 83968K, used 36315K [0x0000000702a00000, 0x0000000800000000)
  region size 2048K, 3 young (6144K), 1 survivors (2048K)
 Metaspace       used 78905K, committed 80128K, reserved 1179648K
  class space    used 10302K, committed 10944K, reserved 1048576K
}
Event: 2088.117 GC heap after
{Heap after GC invocations=106 (full 34):
 garbage-first heap   total 83968K, used 29632K [0x0000000702a00000, 0x0000000800000000)
  region size 2048K, 0 young (0K), 0 survivors (0K)
 Metaspace       used 78899K, committed 80128K, reserved 1179648K
  class space    used 10301K, committed 10944K, reserved 1048576K
}
Event: 2088.452 GC heap before
{Heap before GC invocations=106 (full 34):
 garbage-first heap   total 83968K, used 68544K [0x0000000702a00000, 0x0000000800000000)
  region size 2048K, 19 young (38912K), 0 survivors (0K)
 Metaspace       used 78943K, committed 80128K, reserved 1179648K
  class space    used 10313K, committed 10944K, reserved 1048576K
}
Event: 2088.454 GC heap after
{Heap after GC invocations=107 (full 34):
 garbage-first heap   total 83968K, used 33723K [0x0000000702a00000, 0x0000000800000000)
  region size 2048K, 2 young (4096K), 2 survivors (4096K)
 Metaspace       used 78943K, committed 80128K, reserved 1179648K
  class space    used 10313K, committed 10944K, reserved 1048576K
}
Event: 2092.105 GC heap before
{Heap before GC invocations=107 (full 34):
 garbage-first heap   total 83968K, used 66491K [0x0000000702a00000, 0x0000000800000000)
  region size 2048K, 19 young (38912K), 2 survivors (4096K)
 Metaspace       used 79134K, committed 80320K, reserved 1179648K
  class space    used 10326K, committed 10944K, reserved 1048576K
}
Event: 2092.137 GC heap after
{Heap after GC invocations=108 (full 35):
 garbage-first heap   total 83968K, used 29839K [0x0000000702a00000, 0x0000000800000000)
  region size 2048K, 0 young (0K), 0 survivors (0K)
 Metaspace       used 79128K, committed 80320K, reserved 1179648K
  class space    used 10324K, committed 10944K, reserved 1048576K
}
Event: 2092.473 GC heap before
{Heap before GC invocations=108 (full 35):
 garbage-first heap   total 83968K, used 68751K [0x0000000702a00000, 0x0000000800000000)
  region size 2048K, 19 young (38912K), 0 survivors (0K)
 Metaspace       used 79173K, committed 80384K, reserved 1179648K
  class space    used 10336K, committed 10944K, reserved 1048576K
}
Event: 2092.474 GC heap after
{Heap after GC invocations=109 (full 35):
 garbage-first heap   total 83968K, used 33866K [0x0000000702a00000, 0x0000000800000000)
  region size 2048K, 2 young (4096K), 2 survivors (4096K)
 Metaspace       used 79173K, committed 80384K, reserved 1179648K
  class space    used 10336K, committed 10944K, reserved 1048576K
}
Event: 2110.459 GC heap before
{Heap before GC invocations=109 (full 35):
 garbage-first heap   total 83968K, used 66634K [0x0000000702a00000, 0x0000000800000000)
  region size 2048K, 19 young (38912K), 2 survivors (4096K)
 Metaspace       used 79371K, committed 80576K, reserved 1179648K
  class space    used 10350K, committed 10944K, reserved 1048576K
}
Event: 2110.493 GC heap after
{Heap after GC invocations=110 (full 36):
 garbage-first heap   total 83968K, used 30065K [0x0000000702a00000, 0x0000000800000000)
  region size 2048K, 0 young (0K), 0 survivors (0K)
 Metaspace       used 79364K, committed 80576K, reserved 1179648K
  class space    used 10349K, committed 10944K, reserved 1048576K
}
Event: 2110.834 GC heap before
{Heap before GC invocations=110 (full 36):
 garbage-first heap   total 83968K, used 66929K [0x0000000702a00000, 0x0000000800000000)
  region size 2048K, 19 young (38912K), 0 survivors (0K)
 Metaspace       used 79407K, committed 80576K, reserved 1179648K
  class space    used 10358K, committed 10944K, reserved 1048576K
}
Event: 2110.836 GC heap after
{Heap after GC invocations=111 (full 36):
 garbage-first heap   total 83968K, used 34069K [0x0000000702a00000, 0x0000000800000000)
  region size 2048K, 2 young (4096K), 2 survivors (4096K)
 Metaspace       used 79407K, committed 80576K, reserved 1179648K
  class space    used 10358K, committed 10944K, reserved 1048576K
}
Event: 2113.465 GC heap before
{Heap before GC invocations=111 (full 36):
 garbage-first heap   total 83968K, used 64789K [0x0000000702a00000, 0x0000000800000000)
  region size 2048K, 19 young (38912K), 2 survivors (4096K)
 Metaspace       used 79594K, committed 80832K, reserved 1179648K
  class space    used 10371K, committed 11008K, reserved 1048576K
}
Event: 2113.495 GC heap after
{Heap after GC invocations=112 (full 37):
 garbage-first heap   total 83968K, used 30132K [0x0000000702a00000, 0x0000000800000000)
  region size 2048K, 0 young (0K), 0 survivors (0K)
 Metaspace       used 79588K, committed 80832K, reserved 1179648K
  class space    used 10370K, committed 11008K, reserved 1048576K
}
Event: 2113.824 GC heap before
{Heap before GC invocations=112 (full 37):
 garbage-first heap   total 83968K, used 66996K [0x0000000702a00000, 0x0000000800000000)
  region size 2048K, 19 young (38912K), 0 survivors (0K)
 Metaspace       used 79631K, committed 80832K, reserved 1179648K
  class space    used 10380K, committed 11008K, reserved 1048576K
}
Event: 2113.826 GC heap after
{Heap after GC invocations=113 (full 37):
 garbage-first heap   total 83968K, used 34228K [0x0000000702a00000, 0x0000000800000000)
  region size 2048K, 2 young (4096K), 2 survivors (4096K)
 Metaspace       used 79631K, committed 80832K, reserved 1179648K
  class space    used 10380K, committed 11008K, reserved 1048576K
}

Dll operation events (12 events):
Event: 0.007 Loaded shared library C:\sts-4.31.0.RELEASE\plugins\org.eclipse.justj.openjdk.hotspot.jre.full.win32.x86_64_21.0.7.v20250502-0916\jre\bin\java.dll
Event: 0.027 Loaded shared library C:\sts-4.31.0.RELEASE\plugins\org.eclipse.justj.openjdk.hotspot.jre.full.win32.x86_64_21.0.7.v20250502-0916\jre\bin\zip.dll
Event: 0.205 Loaded shared library C:\sts-4.31.0.RELEASE\plugins\org.eclipse.justj.openjdk.hotspot.jre.full.win32.x86_64_21.0.7.v20250502-0916\jre\bin\instrument.dll
Event: 0.210 Loaded shared library C:\sts-4.31.0.RELEASE\plugins\org.eclipse.justj.openjdk.hotspot.jre.full.win32.x86_64_21.0.7.v20250502-0916\jre\bin\net.dll
Event: 0.212 Loaded shared library C:\sts-4.31.0.RELEASE\plugins\org.eclipse.justj.openjdk.hotspot.jre.full.win32.x86_64_21.0.7.v20250502-0916\jre\bin\nio.dll
Event: 0.214 Loaded shared library C:\sts-4.31.0.RELEASE\plugins\org.eclipse.justj.openjdk.hotspot.jre.full.win32.x86_64_21.0.7.v20250502-0916\jre\bin\zip.dll
Event: 0.323 Loaded shared library C:\sts-4.31.0.RELEASE\plugins\org.eclipse.justj.openjdk.hotspot.jre.full.win32.x86_64_21.0.7.v20250502-0916\jre\bin\jimage.dll
Event: 0.359 Loaded shared library C:\sts-4.31.0.RELEASE\plugins\org.eclipse.justj.openjdk.hotspot.jre.full.win32.x86_64_21.0.7.v20250502-0916\jre\bin\management.dll
Event: 0.369 Loaded shared library C:\sts-4.31.0.RELEASE\plugins\org.eclipse.justj.openjdk.hotspot.jre.full.win32.x86_64_21.0.7.v20250502-0916\jre\bin\management_ext.dll
Event: 0.549 Loaded shared library C:\sts-4.31.0.RELEASE\plugins\org.eclipse.justj.openjdk.hotspot.jre.full.win32.x86_64_21.0.7.v20250502-0916\jre\bin\extnet.dll
Event: 0.568 Loaded shared library C:\sts-4.31.0.RELEASE\plugins\org.eclipse.justj.openjdk.hotspot.jre.full.win32.x86_64_21.0.7.v20250502-0916\jre\bin\verify.dll
Event: 1.616 Loaded shared library C:\sts-4.31.0.RELEASE\plugins\org.eclipse.justj.openjdk.hotspot.jre.full.win32.x86_64_21.0.7.v20250502-0916\jre\bin\sunmscapi.dll

Deoptimization events (20 events):
Event: 2121.601 Thread 0x000002695c02d700 DEOPT PACKING pc=0x00000269493b9a59 sp=0x000000b2551fe3c0
Event: 2121.601 Thread 0x000002695c02d700 DEOPT UNPACKING pc=0x0000026948ec4e42 sp=0x000000b2551fd818 mode 1
Event: 2121.601 Thread 0x000002695c02d700 DEOPT PACKING pc=0x000002694939d4ac sp=0x000000b2551fe450
Event: 2121.601 Thread 0x000002695c02d700 DEOPT UNPACKING pc=0x0000026948ec4e42 sp=0x000000b2551fd8f8 mode 1
Event: 2121.601 Thread 0x000002695c02d700 DEOPT PACKING pc=0x000002694942e994 sp=0x000000b2551feed0
Event: 2121.601 Thread 0x000002695c02d700 DEOPT UNPACKING pc=0x0000026948ec4e42 sp=0x000000b2551fe398 mode 1
Event: 2121.601 Thread 0x000002695c02d700 DEOPT PACKING pc=0x0000026949658554 sp=0x000000b2551fef60
Event: 2121.601 Thread 0x000002695c02d700 DEOPT UNPACKING pc=0x0000026948ec4e42 sp=0x000000b2551fe470 mode 1
Event: 2121.601 Thread 0x000002695c02d700 DEOPT PACKING pc=0x000002694943e2bc sp=0x000000b2551ff0d0
Event: 2121.601 Thread 0x000002695c02d700 DEOPT UNPACKING pc=0x0000026948ec4e42 sp=0x000000b2551fe590 mode 1
Event: 2121.601 Thread 0x000002695c02d700 DEOPT PACKING pc=0x00000269493b9a59 sp=0x000000b2551fe3c0
Event: 2121.601 Thread 0x000002695c02d700 DEOPT UNPACKING pc=0x0000026948ec4e42 sp=0x000000b2551fd818 mode 1
Event: 2121.601 Thread 0x000002695c02d700 DEOPT PACKING pc=0x000002694939d4ac sp=0x000000b2551fe450
Event: 2121.601 Thread 0x000002695c02d700 DEOPT UNPACKING pc=0x0000026948ec4e42 sp=0x000000b2551fd8f8 mode 1
Event: 2121.601 Thread 0x000002695c02d700 DEOPT PACKING pc=0x000002694942e994 sp=0x000000b2551feed0
Event: 2121.601 Thread 0x000002695c02d700 DEOPT UNPACKING pc=0x0000026948ec4e42 sp=0x000000b2551fe398 mode 1
Event: 2121.601 Thread 0x000002695c02d700 DEOPT PACKING pc=0x0000026949658554 sp=0x000000b2551fef60
Event: 2121.601 Thread 0x000002695c02d700 DEOPT UNPACKING pc=0x0000026948ec4e42 sp=0x000000b2551fe470 mode 1
Event: 2121.601 Thread 0x000002695c02d700 DEOPT PACKING pc=0x000002694943e2bc sp=0x000000b2551ff0d0
Event: 2121.601 Thread 0x000002695c02d700 DEOPT UNPACKING pc=0x0000026948ec4e42 sp=0x000000b2551fe590 mode 1

Classes loaded (20 events):
Event: 67.316 Loading class java/lang/ProcessBuilder
Event: 67.316 Loading class java/lang/ProcessBuilder done
Event: 67.319 Loading class sun/misc/Unsafe
Event: 67.319 Loading class sun/misc/Unsafe done
Event: 107.549 Loading class java/io/InvalidClassException
Event: 107.549 Loading class java/io/InvalidClassException done
Event: 218.695 Loading class java/lang/StringEditor
Event: 218.695 Loading class java/lang/StringEditor done
Event: 659.359 Loading class java/lang/StringEditor
Event: 659.359 Loading class java/lang/StringEditor done
Event: 1490.708 Loading class java/util/Scanner
Event: 1490.710 Loading class java/util/Scanner done
Event: 1490.711 Loading class java/util/Scanner$PatternLRUCache
Event: 1490.711 Loading class java/util/Scanner$PatternLRUCache done
Event: 1490.712 Loading class java/util/regex/Matcher$ImmutableMatchResult
Event: 1490.713 Loading class java/util/regex/Matcher$ImmutableMatchResult done
Event: 1678.477 Loading class java/lang/StringEditor
Event: 1678.477 Loading class java/lang/StringEditor done
Event: 1751.764 Loading class java/time/DurationEditor
Event: 1751.764 Loading class java/time/DurationEditor done

Classes unloaded (20 events):
Event: 2051.193 Thread 0x00000269545c7720 Unloading class 0x0000026901a87c00 'java/lang/invoke/LambdaForm$MH+0x0000026901a87c00'
Event: 2051.193 Thread 0x00000269545c7720 Unloading class 0x0000026901a88400 'java/lang/invoke/LambdaForm$BMH+0x0000026901a88400'
Event: 2051.193 Thread 0x00000269545c7720 Unloading class 0x0000026901a9b000 'java/lang/invoke/LambdaForm$MH+0x0000026901a9b000'
Event: 2051.193 Thread 0x00000269545c7720 Unloading class 0x0000026901a9b800 'java/lang/invoke/LambdaForm$MH+0x0000026901a9b800'
Event: 2051.193 Thread 0x00000269545c7720 Unloading class 0x0000026901a9e000 'java/lang/invoke/LambdaForm$MH+0x0000026901a9e000'
Event: 2051.193 Thread 0x00000269545c7720 Unloading class 0x0000026901a7a400 'java/lang/invoke/LambdaForm$DMH+0x0000026901a7a400'
Event: 2078.063 Thread 0x00000269545c7720 Unloading class 0x0000026901aaa400 'jdk/internal/reflect/GeneratedSerializationConstructorAccessor72'
Event: 2078.063 Thread 0x00000269545c7720 Unloading class 0x0000026901821800 'org/apache/catalina/loader/JdbcLeakPrevention'
Event: 2081.051 Thread 0x00000269545c7720 Unloading class 0x0000026901aa2400 'jdk/internal/reflect/GeneratedSerializationConstructorAccessor73'
Event: 2081.051 Thread 0x00000269545c7720 Unloading class 0x0000026901aa1800 'org/apache/catalina/loader/JdbcLeakPrevention'
Event: 2084.092 Thread 0x00000269545c7720 Unloading class 0x00000269013c4000 'jdk/internal/reflect/GeneratedSerializationConstructorAccessor74'
Event: 2084.092 Thread 0x00000269545c7720 Unloading class 0x0000026901a7bc00 'org/apache/catalina/loader/JdbcLeakPrevention'
Event: 2088.094 Thread 0x00000269545c7720 Unloading class 0x0000026901a9b800 'jdk/internal/reflect/GeneratedSerializationConstructorAccessor75'
Event: 2088.094 Thread 0x00000269545c7720 Unloading class 0x00000269018a5000 'org/apache/catalina/loader/JdbcLeakPrevention'
Event: 2092.115 Thread 0x00000269545c7720 Unloading class 0x00000269014be800 'jdk/internal/reflect/GeneratedSerializationConstructorAccessor76'
Event: 2092.115 Thread 0x00000269545c7720 Unloading class 0x0000026901a9e000 'org/apache/catalina/loader/JdbcLeakPrevention'
Event: 2110.471 Thread 0x00000269545c7720 Unloading class 0x0000026901414400 'jdk/internal/reflect/GeneratedSerializationConstructorAccessor77'
Event: 2110.471 Thread 0x00000269545c7720 Unloading class 0x00000269014be400 'org/apache/catalina/loader/JdbcLeakPrevention'
Event: 2113.474 Thread 0x00000269545c7720 Unloading class 0x0000026901ad0000 'jdk/internal/reflect/GeneratedSerializationConstructorAccessor81'
Event: 2113.474 Thread 0x00000269545c7720 Unloading class 0x0000026901000400 'org/apache/catalina/loader/JdbcLeakPrevention'

Classes redefined (20 events):
Event: 680.808 Thread 0x00000269545c7720 redefined class name=com.restaurant.controller.LoginController, count=4
Event: 680.808 Thread 0x00000269545c7720 redefined class name=com.restaurant.controller.LoginController, count=4
Event: 680.808 Thread 0x00000269545c7720 redefined class name=com.restaurant.controller.LoginController, count=4
Event: 863.961 Thread 0x00000269545c7720 redefined class name=com.restaurant.controller.RestaurantController, count=1
Event: 863.961 Thread 0x00000269545c7720 redefined class name=com.restaurant.controller.RestaurantController, count=1
Event: 863.961 Thread 0x00000269545c7720 redefined class name=com.restaurant.controller.RestaurantController, count=1
Event: 863.961 Thread 0x00000269545c7720 redefined class name=com.restaurant.controller.RestaurantController, count=1
Event: 863.961 Thread 0x00000269545c7720 redefined class name=com.restaurant.controller.RestaurantController, count=1
Event: 863.961 Thread 0x00000269545c7720 redefined class name=com.restaurant.controller.RestaurantController, count=1
Event: 863.961 Thread 0x00000269545c7720 redefined class name=com.restaurant.controller.RestaurantController, count=1
Event: 863.961 Thread 0x00000269545c7720 redefined class name=com.restaurant.controller.RestaurantController, count=1
Event: 863.961 Thread 0x00000269545c7720 redefined class name=com.restaurant.controller.RestaurantController, count=1
Event: 863.961 Thread 0x00000269545c7720 redefined class name=com.restaurant.controller.RestaurantController, count=1
Event: 863.961 Thread 0x00000269545c7720 redefined class name=com.restaurant.controller.RestaurantController, count=1
Event: 863.961 Thread 0x00000269545c7720 redefined class name=com.restaurant.controller.RestaurantController, count=1
Event: 863.961 Thread 0x00000269545c7720 redefined class name=com.restaurant.controller.RestaurantController, count=1
Event: 863.961 Thread 0x00000269545c7720 redefined class name=com.restaurant.controller.RestaurantController, count=1
Event: 863.961 Thread 0x00000269545c7720 redefined class name=com.restaurant.controller.RestaurantController, count=1
Event: 863.961 Thread 0x00000269545c7720 redefined class name=com.restaurant.controller.RestaurantController, count=1
Event: 863.961 Thread 0x00000269545c7720 redefined class name=com.restaurant.controller.RestaurantController, count=1

Internal exceptions (20 events):
Event: 2110.727 Thread 0x000002695bd7e660 Exception <a 'java/lang/NoClassDefFoundError'{0x000000070630b318}: liquibase/integration/spring/SpringLiquibase> (0x000000070630b318) 
thrown [s\src\hotspot\share\oops\constantPool.cpp, line 873]
Event: 2110.729 Thread 0x000002695bd7e660 Exception <a 'java/lang/NoClassDefFoundError'{0x0000000706337a20}: org/jooq/DSLContext> (0x0000000706337a20) 
thrown [s\src\hotspot\share\oops\constantPool.cpp, line 873]
Event: 2110.731 Thread 0x000002695bd7e660 Exception <a 'java/lang/NoClassDefFoundError'{0x0000000706382688}: org/springframework/batch/core/repository/JobRepository> (0x0000000706382688) 
thrown [s\src\hotspot\share\oops\constantPool.cpp, line 873]
Event: 2110.732 Thread 0x000002695bd7e660 Exception <a 'java/lang/NoClassDefFoundError'{0x0000000706382ce0}: org/quartz/Scheduler> (0x0000000706382ce0) 
thrown [s\src\hotspot\share\oops\constantPool.cpp, line 873]
Event: 2110.733 Thread 0x000002695bd7e660 Exception <a 'java/lang/NoClassDefFoundError'{0x0000000706383360}: org/springframework/session/jdbc/JdbcIndexedSessionRepository> (0x0000000706383360) 
thrown [s\src\hotspot\share\oops\constantPool.cpp, line 873]
Event: 2110.775 Thread 0x000002695bd7e660 Exception <a 'java/io/FileNotFoundException'{0x0000000705d2f9f0}> (0x0000000705d2f9f0) 
thrown [s\src\hotspot\share\prims\jni.cpp, line 520]
Event: 2113.459 Thread 0x000002695c0281b0 Exception <a 'java/io/IOException'{0x0000000705a82898}> (0x0000000705a82898) 
thrown [s\src\hotspot\share\prims\jni.cpp, line 520]
Event: 2113.459 Thread 0x000002695c0281b0 Exception <a 'java/io/IOException'{0x0000000705a837c8}> (0x0000000705a837c8) 
thrown [s\src\hotspot\share\prims\jni.cpp, line 520]
Event: 2113.460 Thread 0x000002695c0281b0 Exception <a 'java/io/IOException'{0x0000000705a879e0}> (0x0000000705a879e0) 
thrown [s\src\hotspot\share\prims\jni.cpp, line 520]
Event: 2113.460 Thread 0x000002695c0281b0 Exception <a 'java/net/SocketException'{0x0000000705a89710}: Connection reset by peer: shutdown> (0x0000000705a89710) 
thrown [s\src\hotspot\share\prims\jni.cpp, line 539]
Event: 2113.461 Thread 0x000002695c0281b0 Exception <a 'java/net/SocketException'{0x0000000705a8dfb8}: Connection reset by peer: shutdown> (0x0000000705a8dfb8) 
thrown [s\src\hotspot\share\prims\jni.cpp, line 539]
Event: 2113.465 Thread 0x000002695bd7ecf0 Exception <a 'java/lang/InterruptedException'{0x0000000705ab30c8}: sleep interrupted> (0x0000000705ab30c8) 
thrown [s\src\hotspot\share\prims\jvm.cpp, line 3074]
Event: 2113.503 Thread 0x000002695c0281b0 Exception <a 'sun/nio/fs/WindowsException'{0x00000007126729e8}> (0x00000007126729e8) 
thrown [s\src\hotspot\share\prims\jni.cpp, line 520]
Event: 2113.714 Thread 0x000002695c0281b0 Exception <a 'java/lang/NoClassDefFoundError'{0x0000000706305988}: org/flywaydb/core/Flyway> (0x0000000706305988) 
thrown [s\src\hotspot\share\oops\constantPool.cpp, line 873]
Event: 2113.715 Thread 0x000002695c0281b0 Exception <a 'java/lang/NoClassDefFoundError'{0x0000000706305fe8}: liquibase/integration/spring/SpringLiquibase> (0x0000000706305fe8) 
thrown [s\src\hotspot\share\oops\constantPool.cpp, line 873]
Event: 2113.717 Thread 0x000002695c0281b0 Exception <a 'java/lang/NoClassDefFoundError'{0x00000007063326b8}: org/jooq/DSLContext> (0x00000007063326b8) 
thrown [s\src\hotspot\share\oops\constantPool.cpp, line 873]
Event: 2113.720 Thread 0x000002695c0281b0 Exception <a 'java/lang/NoClassDefFoundError'{0x000000070637cfb8}: org/springframework/batch/core/repository/JobRepository> (0x000000070637cfb8) 
thrown [s\src\hotspot\share\oops\constantPool.cpp, line 873]
Event: 2113.720 Thread 0x000002695c0281b0 Exception <a 'java/lang/NoClassDefFoundError'{0x000000070637d610}: org/quartz/Scheduler> (0x000000070637d610) 
thrown [s\src\hotspot\share\oops\constantPool.cpp, line 873]
Event: 2113.721 Thread 0x000002695c0281b0 Exception <a 'java/lang/NoClassDefFoundError'{0x000000070637dc90}: org/springframework/session/jdbc/JdbcIndexedSessionRepository> (0x000000070637dc90) 
thrown [s\src\hotspot\share\oops\constantPool.cpp, line 873]
Event: 2113.749 Thread 0x000002695c0281b0 Exception <a 'java/io/FileNotFoundException'{0x0000000705d3d208}> (0x0000000705d3d208) 
thrown [s\src\hotspot\share\prims\jni.cpp, line 520]

ZGC Phase Switch (0 events):
No events

VM Operations (20 events):
Event: 2120.903 Executing VM operation: get/set locals
Event: 2120.903 Executing VM operation: get/set locals done
Event: 2120.904 Executing VM operation: get/set locals
Event: 2120.904 Executing VM operation: get/set locals done
Event: 2120.904 Executing VM operation: get/set locals
Event: 2120.904 Executing VM operation: get/set locals done
Event: 2120.904 Executing VM operation: get/set locals
Event: 2120.904 Executing VM operation: get/set locals done
Event: 2120.904 Executing VM operation: get/set locals
Event: 2120.904 Executing VM operation: get/set locals done
Event: 2120.905 Executing VM operation: get/set locals
Event: 2120.905 Executing VM operation: get/set locals done
Event: 2120.905 Executing VM operation: get/set locals
Event: 2120.905 Executing VM operation: get/set locals done
Event: 2120.905 Executing VM operation: get/set locals
Event: 2120.905 Executing VM operation: get/set locals done
Event: 2120.906 Executing VM operation: get/set locals
Event: 2120.906 Executing VM operation: get/set locals done
Event: 2120.906 Executing VM operation: get/set locals
Event: 2120.906 Executing VM operation: get/set locals done

Memory protections (0 events):
No events

Nmethod flushes (20 events):
Event: 2110.479 Thread 0x00000269545c7720 flushing  nmethod 0x000002694a448c10
Event: 2110.479 Thread 0x00000269545c7720 flushing  nmethod 0x00000269490d5590
Event: 2110.479 Thread 0x00000269545c7720 flushing  nmethod 0x0000026949133e10
Event: 2110.479 Thread 0x00000269545c7720 flushing  nmethod 0x0000026949191d90
Event: 2110.479 Thread 0x00000269545c7720 flushing  nmethod 0x00000269491d5c10
Event: 2110.479 Thread 0x00000269545c7720 flushing  nmethod 0x00000269491d7990
Event: 2110.479 Thread 0x00000269545c7720 flushing  nmethod 0x00000269491d8290
Event: 2110.479 Thread 0x00000269545c7720 flushing  nmethod 0x00000269491dac90
Event: 2110.479 Thread 0x00000269545c7720 flushing  nmethod 0x0000026949408790
Event: 2110.479 Thread 0x00000269545c7720 flushing  nmethod 0x000002694941f390
Event: 2110.479 Thread 0x00000269545c7720 flushing  nmethod 0x00000269494c3e90
Event: 2110.479 Thread 0x00000269545c7720 flushing  nmethod 0x00000269494c4910
Event: 2110.479 Thread 0x00000269545c7720 flushing  nmethod 0x00000269494c5610
Event: 2110.479 Thread 0x00000269545c7720 flushing  nmethod 0x0000026949874090
Event: 2110.479 Thread 0x00000269545c7720 flushing  nmethod 0x00000269498ddc10
Event: 2110.479 Thread 0x00000269545c7720 flushing  nmethod 0x0000026949958790
Event: 2110.479 Thread 0x00000269545c7720 flushing  nmethod 0x0000026949958e90
Event: 2110.479 Thread 0x00000269545c7720 flushing  nmethod 0x0000026949959410
Event: 2110.479 Thread 0x00000269545c7720 flushing  nmethod 0x0000026949c22990
Event: 2110.479 Thread 0x00000269545c7720 flushing  nmethod 0x000002694a25e710

Events (20 events):
Event: 2113.980 Thread 0x000002695c0281b0 Thread added: 0x000002695c02dd90
Event: 2113.980 Thread 0x000002695c0281b0 Thread added: 0x000002695c02d070
Event: 2113.981 Thread 0x000002695c0281b0 Thread added: 0x000002695bd7bf00
Event: 2113.981 Thread 0x000002695c0281b0 Thread added: 0x000002695bd7d2b0
Event: 2113.981 Thread 0x000002695c0281b0 Thread added: 0x000002695bd7dfd0
Event: 2113.981 Thread 0x000002695c0281b0 Thread added: 0x000002695bd7e660
Event: 2113.981 Thread 0x000002695c0281b0 Thread added: 0x000002695bd7f380
Event: 2113.982 Thread 0x000002695c0281b0 Thread added: 0x000002695bd7ecf0
Event: 2113.982 Thread 0x000002695c0281b0 Thread added: 0x000002695bd7fa10
Event: 2113.986 Thread 0x000002695c0281b0 Thread exited: 0x000002695c0281b0
Event: 2113.986 Thread 0x000002695c02b630 Thread exited: 0x000002695c02b630
Event: 2114.296 Thread 0x00000269545f6d50 Thread added: 0x000002695c0fbf60
Event: 2116.574 Thread 0x000002695c0fbf60 Thread exited: 0x000002695c0fbf60
Event: 2116.682 Thread 0x00000269545f6d50 Thread added: 0x000002695c0fbf60
Event: 2119.344 Thread 0x000002695c026e00 Thread exited: 0x000002695c026e00
Event: 2121.602 Thread 0x000002695c02d700 Thread added: 0x000002695bd7c590
Event: 2121.602 Thread 0x000002695c02d700 Thread exited: 0x000002695c02d700
Event: 2121.603 Thread 0x000002695bd7c590 Thread added: 0x000002695bd800a0
Event: 2121.606 Thread 0x000002695bd7fa10 Thread exited: 0x000002695bd7fa10
Event: 2121.694 Thread 0x000002695c0fbf60 Thread exited: 0x000002695c0fbf60


Dynamic libraries:
0x00007ff703810000 - 0x00007ff70381e000 	C:\sts-4.31.0.RELEASE\plugins\org.eclipse.justj.openjdk.hotspot.jre.full.win32.x86_64_21.0.7.v20250502-0916\jre\bin\javaw.exe
0x00007fffa9400000 - 0x00007fffa9668000 	C:\WINDOWS\SYSTEM32\ntdll.dll
0x00007fffa8480000 - 0x00007fffa8549000 	C:\WINDOWS\System32\KERNEL32.DLL
0x00007fffa6b10000 - 0x00007fffa6efd000 	C:\WINDOWS\System32\KERNELBASE.dll
0x00007fffa7050000 - 0x00007fffa719b000 	C:\WINDOWS\System32\ucrtbase.dll
0x00007fff8eef0000 - 0x00007fff8ef08000 	C:\sts-4.31.0.RELEASE\plugins\org.eclipse.justj.openjdk.hotspot.jre.full.win32.x86_64_21.0.7.v20250502-0916\jre\bin\jli.dll
0x00007fff839d0000 - 0x00007fff839ee000 	C:\sts-4.31.0.RELEASE\plugins\org.eclipse.justj.openjdk.hotspot.jre.full.win32.x86_64_21.0.7.v20250502-0916\jre\bin\VCRUNTIME140.dll
0x00007fffa81c0000 - 0x00007fffa838c000 	C:\WINDOWS\System32\USER32.dll
0x00007fff90530000 - 0x00007fff907ca000 	C:\WINDOWS\WinSxS\amd64_microsoft.windows.common-controls_6595b64144ccf1df_6.0.26100.4484_none_3e0e6d4ce32ef3b3\COMCTL32.dll
0x00007fffa6690000 - 0x00007fffa66b7000 	C:\WINDOWS\System32\win32u.dll
0x00007fffa8b80000 - 0x00007fffa8c29000 	C:\WINDOWS\System32\msvcrt.dll
0x00007fffa8390000 - 0x00007fffa83bb000 	C:\WINDOWS\System32\GDI32.dll
0x00007fffa6550000 - 0x00007fffa6687000 	C:\WINDOWS\System32\gdi32full.dll
0x00007fffa6840000 - 0x00007fffa68e3000 	C:\WINDOWS\System32\msvcp_win.dll
0x00007fffa8180000 - 0x00007fffa81af000 	C:\WINDOWS\System32\IMM32.DLL
0x00007fff8e730000 - 0x00007fff8e73c000 	C:\sts-4.31.0.RELEASE\plugins\org.eclipse.justj.openjdk.hotspot.jre.full.win32.x86_64_21.0.7.v20250502-0916\jre\bin\vcruntime140_1.dll
0x00007fff67a80000 - 0x00007fff67b0d000 	C:\sts-4.31.0.RELEASE\plugins\org.eclipse.justj.openjdk.hotspot.jre.full.win32.x86_64_21.0.7.v20250502-0916\jre\bin\msvcp140.dll
0x00007fff48d20000 - 0x00007fff49ab0000 	C:\sts-4.31.0.RELEASE\plugins\org.eclipse.justj.openjdk.hotspot.jre.full.win32.x86_64_21.0.7.v20250502-0916\jre\bin\server\jvm.dll
0x00007fffa83c0000 - 0x00007fffa8474000 	C:\WINDOWS\System32\ADVAPI32.dll
0x00007fffa8d60000 - 0x00007fffa8e06000 	C:\WINDOWS\System32\sechost.dll
0x00007fffa92a0000 - 0x00007fffa93b8000 	C:\WINDOWS\System32\RPCRT4.dll
0x00007fffa8a10000 - 0x00007fffa8a84000 	C:\WINDOWS\System32\WS2_32.dll
0x00007fffa5d00000 - 0x00007fffa5d5e000 	C:\WINDOWS\SYSTEM32\POWRPROF.dll
0x00007fff9f920000 - 0x00007fff9f92b000 	C:\WINDOWS\SYSTEM32\VERSION.dll
0x00007fff98950000 - 0x00007fff98985000 	C:\WINDOWS\SYSTEM32\WINMM.dll
0x00007fffa5cb0000 - 0x00007fffa5cc4000 	C:\WINDOWS\SYSTEM32\UMPDC.dll
0x00007fffa52b0000 - 0x00007fffa52cb000 	C:\WINDOWS\SYSTEM32\kernel.appcore.dll
0x00007fffa05e0000 - 0x00007fffa05ea000 	C:\sts-4.31.0.RELEASE\plugins\org.eclipse.justj.openjdk.hotspot.jre.full.win32.x86_64_21.0.7.v20250502-0916\jre\bin\jimage.dll
0x00007fff95e00000 - 0x00007fff96041000 	C:\WINDOWS\SYSTEM32\DBGHELP.DLL
0x00007fffa8e20000 - 0x00007fffa91a6000 	C:\WINDOWS\System32\combase.dll
0x00007fffa91b0000 - 0x00007fffa9290000 	C:\WINDOWS\System32\OLEAUT32.dll
0x00007fff881f0000 - 0x00007fff88233000 	C:\WINDOWS\SYSTEM32\dbgcore.DLL
0x00007fffa68f0000 - 0x00007fffa6989000 	C:\WINDOWS\System32\bcryptPrimitives.dll
0x00007fff82200000 - 0x00007fff8223c000 	C:\sts-4.31.0.RELEASE\plugins\org.eclipse.justj.openjdk.hotspot.jre.full.win32.x86_64_21.0.7.v20250502-0916\jre\bin\jdwp.dll
0x00007fff92ea0000 - 0x00007fff92eaf000 	C:\sts-4.31.0.RELEASE\plugins\org.eclipse.justj.openjdk.hotspot.jre.full.win32.x86_64_21.0.7.v20250502-0916\jre\bin\instrument.dll
0x00007fff8ef70000 - 0x00007fff8ef8f000 	C:\sts-4.31.0.RELEASE\plugins\org.eclipse.justj.openjdk.hotspot.jre.full.win32.x86_64_21.0.7.v20250502-0916\jre\bin\java.dll
0x00007fffa7210000 - 0x00007fffa795a000 	C:\WINDOWS\System32\SHELL32.dll
0x00007fffa6990000 - 0x00007fffa6b04000 	C:\WINDOWS\System32\wintypes.dll
0x00007fffa4170000 - 0x00007fffa49cb000 	C:\WINDOWS\SYSTEM32\windows.storage.dll
0x00007fffa88b0000 - 0x00007fffa89a5000 	C:\WINDOWS\System32\SHCORE.dll
0x00007fffa71a0000 - 0x00007fffa720a000 	C:\WINDOWS\System32\shlwapi.dll
0x00007fffa6460000 - 0x00007fffa648f000 	C:\WINDOWS\SYSTEM32\profapi.dll
0x00007fff889e0000 - 0x00007fff889f8000 	C:\sts-4.31.0.RELEASE\plugins\org.eclipse.justj.openjdk.hotspot.jre.full.win32.x86_64_21.0.7.v20250502-0916\jre\bin\zip.dll
0x00007fffa33b0000 - 0x00007fffa33bb000 	C:\sts-4.31.0.RELEASE\plugins\org.eclipse.justj.openjdk.hotspot.jre.full.win32.x86_64_21.0.7.v20250502-0916\jre\bin\dt_socket.dll
0x00007fffa4cc0000 - 0x00007fffa4cf3000 	C:\WINDOWS\SYSTEM32\IPHLPAPI.DLL
0x00007fffa5820000 - 0x00007fffa588a000 	C:\WINDOWS\system32\mswsock.dll
0x00007fffa4d50000 - 0x00007fffa4e76000 	C:\WINDOWS\SYSTEM32\DNSAPI.dll
0x00007fffa88a0000 - 0x00007fffa88aa000 	C:\WINDOWS\System32\NSI.dll
0x00007fff9d100000 - 0x00007fff9d10b000 	C:\Windows\System32\rasadhlp.dll
0x00007fff9fd30000 - 0x00007fff9fdb6000 	C:\WINDOWS\System32\fwpuclnt.dll
0x00007fff928d0000 - 0x00007fff928e0000 	C:\sts-4.31.0.RELEASE\plugins\org.eclipse.justj.openjdk.hotspot.jre.full.win32.x86_64_21.0.7.v20250502-0916\jre\bin\net.dll
0x00007fffa0890000 - 0x00007fffa09ae000 	C:\WINDOWS\SYSTEM32\WINHTTP.dll
0x00007fff889c0000 - 0x00007fff889d6000 	C:\sts-4.31.0.RELEASE\plugins\org.eclipse.justj.openjdk.hotspot.jre.full.win32.x86_64_21.0.7.v20250502-0916\jre\bin\nio.dll
0x00007fff8ddf0000 - 0x00007fff8ddfa000 	C:\sts-4.31.0.RELEASE\plugins\org.eclipse.justj.openjdk.hotspot.jre.full.win32.x86_64_21.0.7.v20250502-0916\jre\bin\management.dll
0x00007fff891a0000 - 0x00007fff891ab000 	C:\sts-4.31.0.RELEASE\plugins\org.eclipse.justj.openjdk.hotspot.jre.full.win32.x86_64_21.0.7.v20250502-0916\jre\bin\management_ext.dll
0x00007fffa8a90000 - 0x00007fffa8a98000 	C:\WINDOWS\System32\PSAPI.DLL
0x00007fff00130000 - 0x00007fff00148000 	C:\WINDOWS\system32\napinsp.dll
0x00007fff00110000 - 0x00007fff00122000 	C:\WINDOWS\System32\winrnr.dll
0x00007fff79bf0000 - 0x00007fff79c20000 	C:\WINDOWS\system32\nlansp_c.dll
0x00007fff7c1a0000 - 0x00007fff7c1c0000 	C:\WINDOWS\system32\wshbth.dll
0x00007fffa5c90000 - 0x00007fffa5cab000 	C:\WINDOWS\SYSTEM32\CRYPTSP.dll
0x00007fffa5210000 - 0x00007fffa524b000 	C:\WINDOWS\system32\rsaenh.dll
0x00007fffa58c0000 - 0x00007fffa58eb000 	C:\WINDOWS\SYSTEM32\USERENV.dll
0x00007fffa6430000 - 0x00007fffa6456000 	C:\WINDOWS\SYSTEM32\bcrypt.dll
0x00007fffa5a60000 - 0x00007fffa5a6c000 	C:\WINDOWS\SYSTEM32\CRYPTBASE.dll
0x00007fff8eee0000 - 0x00007fff8eee9000 	C:\sts-4.31.0.RELEASE\plugins\org.eclipse.justj.openjdk.hotspot.jre.full.win32.x86_64_21.0.7.v20250502-0916\jre\bin\extnet.dll
0x00007fff8efc0000 - 0x00007fff8efd0000 	C:\sts-4.31.0.RELEASE\plugins\org.eclipse.justj.openjdk.hotspot.jre.full.win32.x86_64_21.0.7.v20250502-0916\jre\bin\verify.dll
0x00007fff8ef60000 - 0x00007fff8ef6e000 	C:\sts-4.31.0.RELEASE\plugins\org.eclipse.justj.openjdk.hotspot.jre.full.win32.x86_64_21.0.7.v20250502-0916\jre\bin\sunmscapi.dll
0x00007fffa66c0000 - 0x00007fffa6837000 	C:\WINDOWS\System32\CRYPT32.dll
0x00007fffa5e70000 - 0x00007fffa5ea0000 	C:\WINDOWS\SYSTEM32\ncrypt.dll
0x00007fffa5e20000 - 0x00007fffa5e5f000 	C:\WINDOWS\SYSTEM32\NTASN1.dll
0x00007ffef55a0000 - 0x00007ffef55a8000 	C:\WINDOWS\system32\wshunix.dll

dbghelp: loaded successfully - version: 4.0.5 - missing functions: none
symbol engine: initialized successfully - sym options: 0x614 - pdb path: .;C:\sts-4.31.0.RELEASE\plugins\org.eclipse.justj.openjdk.hotspot.jre.full.win32.x86_64_21.0.7.v20250502-0916\jre\bin;C:\WINDOWS\SYSTEM32;C:\WINDOWS\WinSxS\amd64_microsoft.windows.common-controls_6595b64144ccf1df_6.0.26100.4484_none_3e0e6d4ce32ef3b3;C:\sts-4.31.0.RELEASE\plugins\org.eclipse.justj.openjdk.hotspot.jre.full.win32.x86_64_21.0.7.v20250502-0916\jre\bin\server

VM Arguments:
jvm_args: -XX:+ShowCodeDetailsInExceptionMessages -agentlib:jdwp=transport=dt_socket,suspend=y,address=localhost:58999 -Dcom.sun.management.jmxremote -Dcom.sun.management.jmxremote.port=58993 -Dcom.sun.management.jmxremote.authenticate=false -Dcom.sun.management.jmxremote.ssl=false -Djava.rmi.server.hostname=localhost -Dspring.jmx.enabled=true -Dmanagement.endpoints.jmx.exposure.include=* -Dspring.application.admin.enabled=true -Dspring.output.ansi.enabled=always -XX:TieredStopAtLevel=1 -Dspring.boot.project.name=restaurant_info_tutorial -javaagent:C:\sts-4.31.0.RELEASE\configuration\org.eclipse.osgi\273\0\.cp\lib\javaagent-shaded.jar -Dfile.encoding=UTF-8 -Dstdout.encoding=UTF-8 -Dstderr.encoding=UTF-8 
java_command: com.restaurant.RestaurantInfoApplication
java_class_path (initial): C:\Users\hyj74\git\restaurant_info_tutorial\target\classes;C:\Users\hyj74\.m2\repository\org\springframework\boot\spring-boot-starter-validation\3.5.3\spring-boot-starter-validation-3.5.3.jar;C:\Users\hyj74\.m2\repository\org\springframework\boot\spring-boot-starter\3.5.3\spring-boot-starter-3.5.3.jar;C:\Users\hyj74\.m2\repository\org\springframework\boot\spring-boot-starter-logging\3.5.3\spring-boot-starter-logging-3.5.3.jar;C:\Users\hyj74\.m2\repository\ch\qos\logback\logback-classic\1.5.18\logback-classic-1.5.18.jar;C:\Users\hyj74\.m2\repository\ch\qos\logback\logback-core\1.5.18\logback-core-1.5.18.jar;C:\Users\hyj74\.m2\repository\org\apache\logging\log4j\log4j-to-slf4j\2.24.3\log4j-to-slf4j-2.24.3.jar;C:\Users\hyj74\.m2\repository\org\apache\logging\log4j\log4j-api\2.24.3\log4j-api-2.24.3.jar;C:\Users\hyj74\.m2\repository\org\slf4j\jul-to-slf4j\2.0.17\jul-to-slf4j-2.0.17.jar;C:\Users\hyj74\.m2\repository\jakarta\annotation\jakarta.annotation-api\2.1.1\jakarta.annotation-api-2.1.1.jar;C:\Users\hyj74\.m2\repository\org\springframework\spring-core\6.2.8\spring-core-6.2.8.jar;C:\Users\hyj74\.m2\repository\org\springframework\spring-jcl\6.2.8\spring-jcl-6.2.8.jar;C:\Users\hyj74\.m2\repository\org\yaml\snakeyaml\2.4\snakeyaml-2.4.jar;C:\Users\hyj74\.m2\repository\org\apache\tomcat\embed\tomcat-embed-el\10.1.42\tomcat-embed-el-10.1.42.jar;C:\Users\hyj74\.m2\repository\org\hibernate\validator\hibernate-validator\8.0.2.Final\hibernate-validator-8.0.2.Final.jar;C:\Users\hyj74\.m2\repository\jakarta\validation\jakarta.validation-api\3.0.2\jakarta.validation-api-3.0.2.jar;C:\Users\hyj74\.m2\repository\org\jboss\logging\jboss-logging\3.6.1.Final\jboss-logging-3.6.1.Final.jar;C:\Users\hyj74\.m2\repository\com\fasterxml\classmate\1.7.0\classmate-1.7.0.jar;C:\Users\hyj74\.m2\repository\org\mybatis\spring\boot\mybatis-spring-boot-starter\3.0.3\mybatis-spring-boot-starter-3.0.3.jar;C:\Users\hyj74\.m2\repository\org\springframework\boot\spring-boot-starter-jdbc\3.5.3\spring-boot-starter-jdbc-3.5.3.jar;C:\Users\hyj74\.m2\repository\com\zaxxer\HikariCP\6.3.0\HikariCP-6.3.0.jar;C:\Users\hyj74\.m2\repository\org\springframework\spring-jdbc\6.2.8\spring-jdbc-6.2.8.jar;C:\Users\hyj74\.m2\repository\org\mybatis\spring\boot\mybatis-spring-boot-autoconfigure\3.0.3\mybatis-spring-boot-autoconfigure-3.0.3.jar;C:\Users\hyj74\.m2\repository\org\mybatis\mybatis\3.5.14\mybatis-3.5.14.jar;C:\Users\hyj74\.m2\repository\org\mybatis\mybatis-spring\3.0.3\mybatis-spring-3.0.3.jar;C:\Users\hyj74\.m2\repository\org\springframework\boot\spring-boot-devtools\3.5.3\spring-boot-devtools-3.5.3.jar;C:\Users\hyj74\.m2\repository\org\springframework\boot\spring-boot\3.5.3\spring-boot-3.5.3.jar;C:\Users\hyj74\.m2\repository\org\springframework\spring-context\6.2.8\spring-context-6.2.8.jar;C:\Users\hyj74\.m2\repository\org\springframework\boot\spring-boot-autoconfigure\3.5.3\spring-boot-autoconfigure-3.5.3.jar;C:\Users\hyj74\.m2\repository\org\springframework\boot\spring-boot-starter-data-jpa\3.5.3\spring-boot-starter-data-jpa-3.5.3.jar;C:\Users\hyj74\.m2\repository\org\hibernate\orm\hibernate-core\6.6.18.Final\hibernate-core-6.6.18.Final.jar;C:\Users\hyj74\.m2\repository\jakarta\persistence\jakarta.persistence-api\3.1.0\jakarta.persistence-api-3.1.0.jar;C:\Users\hyj74\.m2\repository\jakarta\transaction\jakarta.transaction-api\2.0.1\jakarta.transaction-api-2.0.1.jar;C:\Users\hyj74\.m2\repository\org\hibernate\common\hibernate-commons-annotations\7.0.3.Final\hibernate-commons-annotations-7.0.3.Final.jar;C:\Users\hyj74\.m2\repository\io\smallrye\jandex\3.2.0\jandex-3.2.0.jar;C:\Users\hyj74\.m2\repository\net\bytebuddy\byte-buddy\1.17.6\byte-buddy-1.17.6.jar;C:\Users\hyj74\.m2\repository\jakarta\xml\bind\jakarta.xml.bind-api\4.0.2\jakarta.xml.bind-api-4.0.2.jar;C:\Users\hyj74\.m2\repository\jakarta\activation\jakarta.activation-api\2.1.3\jakarta.activation-api-2.1.3.jar;C:\Users\hyj74\.m2\repository\org\glassfish\jaxb\jaxb-runtime\4.0.5\jaxb-runtime-4.0.5.jar;C:\Users\hyj74\.m2\repository\org\glassfish\jaxb\jaxb-core\4.0.5\jaxb-core-4.0.5.jar;C:\Users\hyj74\.m2\repository\org\eclipse\angus\angus-activation\2.0.2\angus-activation-2.0.2.jar;C:\Users\hyj74\.m2\repository\org\glassfish\jaxb\txw2\4.0.5\txw2-4.0.5.jar;C:\Users\hyj74\.m2\repository\com\sun\istack\istack-commons-runtime\4.1.2\istack-commons-runtime-4.1.2.jar;C:\Users\hyj74\.m2\repository\jakarta\inject\jakarta.inject-api\2.0.1\jakarta.inject-api-2.0.1.jar;C:\Users\hyj74\.m2\repository\org\antlr\antlr4-runtime\4.13.0\antlr4-runtime-4.13.0.jar;C:\Users\hyj74\.m2\repository\org\springframework\data\spring-data-jpa\3.5.1\spring-data-jpa-3.5.1.jar;C:\Users\hyj74\.m2\repository\org\springframework\data\spring-data-commons\3.5.1\spring-data-commons-3.5.1.jar;C:\Users\hyj74\.m2\repository\org\springframework\spring-orm\6.2.8\spring-orm-6.2.8.jar;C:\Users\hyj74\.m2\repository\org\springframework\spring-aop\6.2.8\spring-aop-6.2.8.jar;C:\Users\hyj74\.m2\repository\org\springframework\spring-tx\6.2.8\spring-tx-6.2.8.jar;C:\Users\hyj74\.m2\repository\org\springframework\spring-beans\6.2.8\spring-beans-6.2.8.jar;C:\Users\hyj74\.m2\repository\org\slf4j\slf4j-api\2.0.17\slf4j-api-2.0.17.jar;C:\Users\hyj74\.m2\repository\org\springframework\spring-aspects\6.2.8\spring-aspects-6.2.8.jar;C:\Users\hyj74\.m2\repository\org\aspectj\aspectjweaver\1.9.24\aspectjweaver-1.9.24.jar;C:\Users\hyj74\.m2\repository\org\springframework\boot\spring-boot-starter-web\3.5.3\spring-boot-starter-web-3.5.3.jar;C:\Users\hyj74\.m2\repository\org\springframework\boot\spring-boot-starter-json\3.5.3\spring-boot-starter-json-3.5.3.jar;C:\Users\hyj74\.m2\repository\com\fasterxml\jackson\core\jackson-databind\2.19.1\jackson-databind-2.19.1.jar;C:\Users\hyj74\.m2\repository\com\fasterxml\jackson\core\jackson-annotations\2.19.1\jackson-annotations-2.19.1.jar;C:\Users\hyj74\.m2\repository\com\fasterxml\jackson\core\jackson-core\2.19.1\jackson-core-2.19.1.jar;C:\Users\hyj74\.m2\repository\com\fasterxml\jackson\datatype\jackson-datatype-jdk8\2.19.1\jackson-datatype-jdk8-2.19.1.jar;C:\Users\hyj74\.m2\repository\com\fasterxml\jackson\datatype\jackson-datatype-jsr310\2.19.1\jackson-datatype-jsr310-2.19.1.jar;C:\Users\hyj74\.m2\repository\com\fasterxml\jackson\module\jackson-module-parameter-names\2.19.1\jackson-module-parameter-names-2.19.1.jar;C:\Users\hyj74\.m2\repository\org\springframework\boot\spring-boot-starter-tomcat\3.5.3\spring-boot-starter-tomcat-3.5.3.jar;C:\Users\hyj74\.m2\repository\org\apache\tomcat\embed\tomcat-embed-core\10.1.42\tomcat-embed-core-10.1.42.jar;C:\Users\hyj74\.m2\repository\org\apache\tomcat\embed\tomcat-embed-websocket\10.1.42\tomcat-embed-websocket-10.1.42.jar;C:\Users\hyj74\.m2\repository\org\springframework\spring-web\6.2.8\spring-web-6.2.8.jar;C:\Users\hyj74\.m2\repository\io\micrometer\micrometer-observation\1.15.1\micrometer-observation-1.15.1.jar;C:\Users\hyj74\.m2\repository\io\micrometer\micrometer-commons\1.15.1\micrometer-commons-1.15.1.jar;C:\Users\hyj74\.m2\repository\org\springframework\spring-webmvc\6.2.8\spring-webmvc-6.2.8.jar;C:\Users\hyj74\.m2\repository\org\springframework\spring-expression\6.2.8\spring-expression-6.2.8.jar;C:\Users\hyj74\.m2\repository\org\springframework\boot\spring-boot-starter-thymeleaf\3.5.3\spring-boot-starter-thymeleaf-3.5.3.jar;C:\Users\hyj74\.m2\repository\org\thymeleaf\thymeleaf-spring6\3.1.3.RELEASE\thymeleaf-spring6-3.1.3.RELEASE.jar;C:\Users\hyj74\.m2\repository\org\thymeleaf\thymeleaf\3.1.3.RELEASE\thymeleaf-3.1.3.RELEASE.jar;C:\Users\hyj74\.m2\repository\org\attoparser\attoparser\2.0.7.RELEASE\attoparser-2.0.7.RELEASE.jar;C:\Users\hyj74\.m2\repository\org\unbescape\unbescape\1.1.6.RELEASE\unbescape-1.1.6.RELEASE.jar;C:\Users\hyj74\.m2\repository\org\projectlombok\lombok\1.18.38\lombok-1.18.38.jar;C:\Users\hyj74\.m2\repository\com\mysql\mysql-connector-j\8.0.33\mysql-connector-j-8.0.33.jar
Launcher Type: SUN_STANDARD

[Global flags]
     intx CICompilerCount                          = 4                                         {product} {ergonomic}
     uint ConcGCThreads                            = 3                                         {product} {ergonomic}
     uint G1ConcRefinementThreads                  = 10                                        {product} {ergonomic}
   size_t G1HeapRegionSize                         = 2097152                                   {product} {ergonomic}
    uintx GCDrainStackTargetSize                   = 64                                        {product} {ergonomic}
   size_t InitialHeapSize                          = 266338304                                 {product} {ergonomic}
     bool ManagementServer                         = true                                      {product} {command line}
   size_t MarkStackSize                            = 4194304                                   {product} {ergonomic}
   size_t MaxHeapSize                              = 4250927104                                {product} {ergonomic}
   size_t MaxNewSize                               = 2550136832                                {product} {ergonomic}
   size_t MinHeapDeltaBytes                        = 2097152                                   {product} {ergonomic}
   size_t MinHeapSize                              = 8388608                                   {product} {ergonomic}
    uintx NonNMethodCodeHeapSize                   = 4096                                   {pd product} {ergonomic}
    uintx NonProfiledCodeHeapSize                  = 0                                      {pd product} {ergonomic}
     bool ProfileInterpreter                       = false                                  {pd product} {command line}
    uintx ProfiledCodeHeapSize                     = 0                                      {pd product} {ergonomic}
     bool ShowCodeDetailsInExceptionMessages       = true                                   {manageable} {command line}
   size_t SoftMaxHeapSize                          = 4250927104                             {manageable} {ergonomic}
     intx TieredStopAtLevel                        = 1                                         {product} {command line}
     bool UseCompressedOops                        = true                           {product lp64_product} {ergonomic}
     bool UseG1GC                                  = true                                      {product} {ergonomic}
     bool UseLargePagesIndividualAllocation        = false                                  {pd product} {ergonomic}

Logging:
Log output configuration:
 #0: stdout all=warning uptime,level,tags foldmultilines=false
 #1: stderr all=off uptime,level,tags foldmultilines=false

Environment Variables:
JAVA_HOME=C:\java\jdk-24.0.1
PATH=C:\sts-4.31.0.RELEASE\plugins\org.eclipse.justj.openjdk.hotspot.jre.full.win32.x86_64_21.0.7.v20250502-0916\jre\bin;C:/sts-4.31.0.RELEASE//plugins/org.eclipse.justj.openjdk.hotspot.jre.full.win32.x86_64_21.0.7.v20250502-0916/jre/bin/server;C:/sts-4.31.0.RELEASE//plugins/org.eclipse.justj.openjdk.hotspot.jre.full.win32.x86_64_21.0.7.v20250502-0916/jre/bin;C:\Program Files (x86)\NVIDIA Corporation\PhysX\Common;C:\WINDOWS\system32;C:\WINDOWS;C:\WINDOWS\System32\Wbem;C:\WINDOWS\System32\WindowsPowerShell\v1.0\;C:\WINDOWS\System32\OpenSSH\;C:\Program Files\nodejs\;C:\ffmpeg\bin;C:\PROGRA~1\JPKI;C:\Program Files\Git\cmd;C:\java\jdk-24.0.1\bin;C:\Program Files\MySQL\MySQL Shell 8.0\bin\;C:\Users\hyj74\AppData\Local\Microsoft\WindowsApps;C:\Users\hyj74\AppData\Roaming\npm;C:\Users\hyj74\AppData\Local\Programs\Microsoft VS Code\bin;C:\sts-4.31.0.RELEASE;
USERNAME=hyj74
OS=Windows_NT
PROCESSOR_IDENTIFIER=Intel64 Family 6 Model 151 Stepping 5, GenuineIntel
TMP=C:\Users\hyj74\AppData\Local\Temp
TEMP=C:\Users\hyj74\AppData\Local\Temp




Periodic native trim disabled

---------------  S Y S T E M  ---------------

OS:
 Windows 11 , 64 bit Build 26100 (10.0.26100.4484)
OS uptime: 1 days 22:17 hours
Hyper-V role detected

CPU: total 12 (initial active 12) (6 cores per cpu, 2 threads per core) family 6 model 151 stepping 5 microcode 0x23, cx8, cmov, fxsr, ht, mmx, 3dnowpref, sse, sse2, sse3, ssse3, sse4.1, sse4.2, popcnt, lzcnt, tsc, tscinvbit, avx, avx2, aes, erms, clmul, bmi1, bmi2, adx, sha, fma, vzeroupper, clflush, clflushopt, clwb, hv, serialize, rdtscp, rdpid, fsrm, f16c, cet_ibt, cet_ss
Processor Information for the first 12 processors :
  Max Mhz: 2500, Current Mhz: 2500, Mhz Limit: 2500

Memory: 4k page, system-wide physical 16211M (2316M free)
TotalPageFile size 33142M (AvailPageFile size 5524M)
current process WorkingSet (physical memory assigned to process): 288M, peak: 289M
current process commit charge ("private bytes"): 325M, peak: 379M

vm_info: OpenJDK 64-Bit Server VM (21.0.7+6-LTS) for windows-amd64 JRE (21.0.7+6-LTS), built on 2025-04-15T00:00:00Z by "admin" with MS VC++ 17.7 (VS2022)

END.
